Time partial tuning: 39.3237, 1.5891, 686.21
Time partial tuning: 35.3756, 0.7084, 591.48
Time partial tuning: 39.8859, 0.4607, 653.46
Time partial tuning: 35.1877, 0.3246, 564.23
Time partial tuning: 9999000.0000, 0.0000, 777.88
Time partial tuning: 5.0740, 0.2285, 505.36
Time partial tuning: 5.1010, 0.1503, 570.98
Time partial tuning: 22.4423, 0.4809, 534.83
Time partial tuning: 20.5667, 0.2550, 531.18
Time partial tuning: 2.8881, 0.1017, 484.33
Time partial tuning: 3.1558, 0.0096, 609.86
Time partial tuning: 38.8703, 0.4447, 645.06
Time partial tuning: 34.6883, 0.5459, 539.78
Time partial tuning: 9999000.0000, 0.0000, 780.47
Time partial tuning: 21.1898, 0.2399, 563.15
Time partial tuning: 20.2010, 0.0677, 557.57
Time partial tuning: 2.7627, 0.0991, 497.49
Time partial tuning: 3.1013, 0.0662, 559.87
Time partial tuning: 38.7685, 1.7748, 700.10
Time partial tuning: 34.3802, 0.0434, 837.24
Time partial tuning: 9999000.0000, 0.0000, 788.54
Time partial tuning: 21.6378, 0.5066, 669.97
Time partial tuning: 21.7613, 0.4613, 838.47
Time partial tuning: 3.1425, 0.0735, 488.55
Time partial tuning: 3.0241, 0.0944, 591.72
Time partial tuning: 37.8603, 0.7423, 798.80
Time partial tuning: 37.8949, 0.7244, 870.35
Time partial tuning: 9999000.0000, 0.0000, 786.50
Time search: 18023.47
gridsearch with opt
Execution time summary:
 mean (ms)   median (ms)    max (ms)     min (ms)     std (ms)  
  672.1153     672.8246     684.9593     639.2318     10.2139   
               
without opt
Execution time summary:
 mean (ms)   median (ms)    max (ms)     min (ms)     std (ms)  
  867.0159     870.4880     881.3488     830.4191     13.6691   
               
