Time partial tuning: 0.0091, 0.0000, 168.02, 200
Time partial tuning: 0.0652, 0.0002, 183.09, 200
Time partial tuning: 0.0687, 0.0000, 208.23, 200
Time partial tuning: 0.1058, 0.0001, 188.00, 200
Time partial tuning: 0.0986, 0.0000, 182.06, 200
Time partial tuning: 0.0147, 0.0000, 206.81, 200
Time partial tuning: 0.2124, 0.0006, 176.76, 200
Time partial tuning: 0.1066, 0.0000, 267.43, 200
Time partial tuning: 0.0135, 0.0000, 251.98, 200
Time partial tuning: 0.0135, 0.0000, 271.23, 200
Time partial tuning: 0.0423, 0.0000, 306.54, 200
Time partial tuning: 0.0643, 0.0000, 323.75, 200
Time partial tuning: 0.0454, 0.0000, 273.88, 200
Time partial tuning: 0.0153, 0.0000, 295.23, 200
Time partial tuning: 0.0750, 0.0001, 293.41, 200
Time partial tuning: 0.0191, 0.0000, 308.04, 200
Time partial tuning: 0.0084, 0.0000, 253.93, 200
Time partial tuning: 0.0196, 0.0000, 259.74, 200
Time partial tuning: 0.0153, 0.0000, 252.64, 200
Time partial tuning: 0.0244, 0.0000, 246.08, 200
Time partial tuning: 0.0173, 0.0000, 279.33, 200
Time partial tuning: 0.1865, 0.0000, 229.75, 200
Time partial tuning: 0.0205, 0.0001, 258.29, 200
Time partial tuning: 0.0350, 0.0000, 242.05, 200
