Time partial tuning: 0.3616, 0.0001, 88.93
Time partial tuning: 0.1756, 0.0001, 127.60
Time partial tuning: 0.7231, 0.0000, 135.41
Time partial tuning: 0.1608, 0.0000, 115.20
Time partial tuning: 0.6412, 0.0002, 119.78
Time partial tuning: 0.1718, 0.0000, 138.27
Time partial tuning: 1.3601, 0.0001, 152.15
Time partial tuning: 0.0749, 0.0000, 134.19
Time partial tuning: 0.6312, 0.0001, 150.67
Time partial tuning: 0.0900, 0.0000, 142.48
Time partial tuning: 1.3416, 0.0001, 143.25
Time partial tuning: 0.0376, 0.0000, 154.24
Time partial tuning: 0.7061, 0.0001, 155.56
Time partial tuning: 0.0398, 0.0000, 89.09
Time partial tuning: 1.3893, 0.0005, 137.72
Time partial tuning: 0.0181, 0.0000, 61.90
Time partial tuning: 0.6562, 0.0002, 132.94
Time partial tuning: 0.0238, 0.0000, 65.28
Time partial tuning: 1.3477, 0.0000, 146.97
Time search: 2391.64
without opt
Execution time summary:
 mean (ms)   median (ms)    max (ms)     min (ms)     std (ms)  
  28.2278      28.1993      28.5715      28.0276       0.1079   
               
droplet with opt
Execution time summary:
 mean (ms)   median (ms)    max (ms)     min (ms)     std (ms)  
  18.3710      18.3877      18.4326      18.0999       0.0657   
               
