With opt
Time partial tuning: 2.8089, 0.0004, 119.12, 104, 308
Time partial tuning: 0.3217, 0.0001, 164.33, 138, 980
Time partial tuning: 2.7254, 0.0004, 157.27, 168, 980
Time partial tuning: 1.2634, 0.0004, 217.88, 193, 1260
Time partial tuning: 1.2789, 0.0001, 261.11, 228, 1260
Time partial tuning: 0.6430, 0.0001, 379.56, 316, 1152
Time partial tuning: 2.7148, 0.0007, 182.13, 184, 1024
Time partial tuning: 2.5691, 0.0002, 411.63, 325, 1440
Time partial tuning: 1.3226, 0.0004, 148.62, 123, 1280
Time partial tuning: 1.2914, 0.0001, 418.13, 374, 1280
Time partial tuning: 0.6392, 0.0002, 318.83, 270, 1080
Time partial tuning: 2.6787, 0.0005, 288.41, 295, 972
Time partial tuning: 2.5583, 0.0000, 320.18, 280, 1320
Time partial tuning: 1.3218, 0.0002, 294.39, 256, 1188
Time partial tuning: 1.3158, 0.0006, 305.06, 280, 1188
Time partial tuning: 0.6670, 0.0008, 266.04, 222, 880
Time partial tuning: 2.8504, 0.0005, 195.12, 176, 800
Time partial tuning: 2.7198, 0.0011, 352.23, 287, 1056
Time partial tuning: 1.3332, 0.0000, 337.71, 261, 960
Time partial tuning: 1.3247, 0.0001, 377.30, 315, 960
Time search: 5515.08, 4795, 21368
Execution time summary:
 mean (ms)   median (ms)    max (ms)     min (ms)     std (ms)  
  101.1315     101.1581     101.3147     100.8259      0.1001   
               
without opt
Execution time summary:
 mean (ms)   median (ms)    max (ms)     min (ms)     std (ms)  
  164.3350     164.3412     164.8191     164.0765      0.1428   
               
