Time partial tuning: 1.1869, 0.0001, 442.91
Time partial tuning: 0.1888, 0.0000, 464.04
Time partial tuning: 1.5116, 0.0004, 437.20
Time partial tuning: 0.1685, 0.0000, 549.76
Time partial tuning: 1.2389, 0.0001, 419.72
Time partial tuning: 0.6783, 0.0001, 422.54
Time partial tuning: 0.4044, 0.0000, 411.98
Time partial tuning: 1.6808, 0.0002, 440.48
Time partial tuning: 0.2144, 0.0000, 438.90
Time partial tuning: 4.9893, 0.0002, 462.62
Time partial tuning: 2.4647, 0.0005, 426.91
Time partial tuning: 0.7664, 0.0001, 421.85
Time partial tuning: 0.4060, 0.0000, 437.86
Time partial tuning: 1.6935, 0.0002, 482.54
Time partial tuning: 0.1708, 0.0001, 492.24
Time partial tuning: 5.1315, 0.0014, 464.28
Time partial tuning: 2.4604, 0.0002, 416.22
Time partial tuning: 0.7359, 0.0000, 433.45
Time partial tuning: 0.4107, 0.0002, 477.35
Time partial tuning: 1.8910, 0.0002, 672.65
Time partial tuning: 0.4053, 0.0001, 477.19
Time partial tuning: 1.6618, 0.0006, 497.83
Time partial tuning: 0.7957, 0.0007, 434.87
Time partial tuning: 0.7658, 0.0003, 524.68
Time search: 11150.09
gridsearch with opt
Execution time summary:
 mean (ms)   median (ms)    max (ms)     min (ms)     std (ms)  
  60.0014      59.8270      63.2666      59.7914       0.7494   
               
without opt
Execution time summary:
 mean (ms)   median (ms)    max (ms)     min (ms)     std (ms)  
  11.0796      10.9365      13.8774      10.8916       0.6424   
               
