0
Time partial tuning: 0.8260, 0.0002, 362.53
Time partial tuning: 0.8157, 0.0001, 1079.22
Time partial tuning: 0.0922, 0.0003, 1115.77
Time partial tuning: 0.4242, 0.0000, 1045.85
Time partial tuning: 0.0478, 0.0001, 1019.41
Time partial tuning: 0.8013, 0.0005, 1130.12
Time partial tuning: 0.4168, 0.0001, 1020.42
Time partial tuning: 0.0468, 0.0000, 985.83
Time partial tuning: 0.8126, 0.0004, 1086.94
Time partial tuning: 0.4388, 0.0003, 866.01
Time partial tuning: 0.0468, 0.0000, 829.13
Time partial tuning: 0.8188, 0.0000, 921.79
Time total tuning: 11463.03
without opt
Execution time summary:
 mean (ms)   median (ms)    max (ms)     min (ms)     std (ms)  
  24.5115      24.3687      24.9665      24.2700       0.2373   
               
gridsearch with opt
Execution time summary:
 mean (ms)   median (ms)    max (ms)     min (ms)     std (ms)  
  15.3064      15.1870      15.7369      15.0868       0.2244   
               
