----------------------------------------
Layer: 0
----------------------------------------
(('TENSOR', (1, 3, 224, 224), 'float32'), ('TENSOR', (64, 3, 3, 3), 'float32'), (1, 1), (1, 1, 1, 1), (1, 1), 'NCHW', 'NCHW', 'float32')
tile_ic, [-1, 1], [-1, 3]
tile_oc, [-1, 1], [-1, 2], [-1, 4], [-1, 8], [-1, 16], [-1, 32], [-1, 64]
tile_ow, [-1, 64], [-1, 1], [-1, 2], [-1, 4], [-1, 7], [-1, 8], [-1, 14], [-1, 16], [-1, 28], [-1, 32], [-1, 56]
unroll_kw, True, False
Time tuning ga: 0.9506, 0.2129, 124.62
----------------------------------------
Layer: 1
----------------------------------------
(('TENSOR', (1, 64, 224, 224), 'float32'), ('TENSOR', (64, 64, 3, 3), 'float32'), (1, 1), (1, 1, 1, 1), (1, 1), 'NCHW', 'NCHW', 'float32')
tile_ic, [-1, 1], [-1, 2], [-1, 4], [-1, 8], [-1, 16], [-1, 32], [-1, 64]
tile_oc, [-1, 1], [-1, 2], [-1, 4], [-1, 8], [-1, 16], [-1, 32], [-1, 64]
tile_ow, [-1, 64], [-1, 1], [-1, 2], [-1, 4], [-1, 7], [-1, 8], [-1, 14], [-1, 16], [-1, 28], [-1, 32], [-1, 56]
unroll_kw, True, False
Time tuning ga: 17.3940, 0.0405, 900.07
----------------------------------------
Layer: 2
----------------------------------------
(('TENSOR', (1, 64, 112, 112), 'float32'), ('TENSOR', (128, 64, 3, 3), 'float32'), (1, 1), (1, 1, 1, 1), (1, 1), 'NCHW', 'NCHW', 'float32')
tile_ic, [-1, 1], [-1, 2], [-1, 4], [-1, 8], [-1, 16], [-1, 32], [-1, 64]
tile_oc, [-1, 1], [-1, 2], [-1, 4], [-1, 8], [-1, 16], [-1, 32], [-1, 64], [-1, 128]
tile_ow, [-1, 32], [-1, 1], [-1, 2], [-1, 64], [-1, 4], [-1, 7], [-1, 8], [-1, 14], [-1, 16], [-1, 56], [-1, 28]
unroll_kw, True, False
Time tuning ga: 8.9673, 0.1342, 784.83
----------------------------------------
Layer: 3
----------------------------------------
(('TENSOR', (1, 128, 112, 112), 'float32'), ('TENSOR', (128, 128, 3, 3), 'float32'), (1, 1), (1, 1, 1, 1), (1, 1), 'NCHW', 'NCHW', 'float32')
tile_ic, [-1, 1], [-1, 2], [-1, 4], [-1, 8], [-1, 16], [-1, 32], [-1, 64], [-1, 128]
tile_oc, [-1, 1], [-1, 2], [-1, 4], [-1, 8], [-1, 16], [-1, 32], [-1, 64], [-1, 128]
tile_ow, [-1, 32], [-1, 1], [-1, 2], [-1, 64], [-1, 4], [-1, 7], [-1, 8], [-1, 14], [-1, 16], [-1, 56], [-1, 28]
unroll_kw, True, False
Time tuning ga: 17.3838, 0.0764, 1134.94
----------------------------------------
Layer: 4
----------------------------------------
(('TENSOR', (1, 128, 56, 56), 'float32'), ('TENSOR', (256, 128, 3, 3), 'float32'), (1, 1), (1, 1, 1, 1), (1, 1), 'NCHW', 'NCHW', 'float32')
tile_ic, [-1, 1], [-1, 2], [-1, 4], [-1, 8], [-1, 16], [-1, 32], [-1, 64], [-1, 128]
tile_oc, [-1, 1], [-1, 2], [-1, 4], [-1, 8], [-1, 16], [-1, 32], [-1, 64], [-1, 128], [-1, 256]
tile_ow, [-1, 32], [-1, 1], [-1, 2], [-1, 4], [-1, 7], [-1, 8], [-1, 14], [-1, 16], [-1, 56], [-1, 28]
unroll_kw, True, False
Time tuning ga: 8.0400, 0.2903, 916.00
----------------------------------------
Layer: 5
----------------------------------------
(('TENSOR', (1, 256, 56, 56), 'float32'), ('TENSOR', (256, 256, 3, 3), 'float32'), (1, 1), (1, 1, 1, 1), (1, 1), 'NCHW', 'NCHW', 'float32')
tile_ic, [-1, 1], [-1, 2], [-1, 4], [-1, 8], [-1, 16], [-1, 32], [-1, 64], [-1, 128], [-1, 256]
tile_oc, [-1, 1], [-1, 2], [-1, 4], [-1, 8], [-1, 16], [-1, 32], [-1, 64], [-1, 128], [-1, 256]
tile_ow, [-1, 32], [-1, 1], [-1, 2], [-1, 4], [-1, 7], [-1, 8], [-1, 14], [-1, 16], [-1, 56], [-1, 28]
unroll_kw, True, False
Time tuning ga: 15.8405, 0.0927, 1404.44
----------------------------------------
Layer: 6
----------------------------------------
(('TENSOR', (1, 256, 28, 28), 'float32'), ('TENSOR', (512, 256, 3, 3), 'float32'), (1, 1), (1, 1, 1, 1), (1, 1), 'NCHW', 'NCHW', 'float32')
tile_ic, [-1, 1], [-1, 2], [-1, 4], [-1, 8], [-1, 16], [-1, 32], [-1, 64], [-1, 128], [-1, 256]
tile_oc, [-1, 1], [-1, 2], [-1, 4], [-1, 8], [-1, 16], [-1, 32], [-1, 64], [-1, 128], [-1, 256], [-1, 512]
tile_ow, [-1, 1], [-1, 2], [-1, 4], [-1, 7], [-1, 8], [-1, 14], [-1, 16], [-1, 28]
unroll_kw, True, False
Time tuning ga: 8.1925, 0.1613, 1152.17 
----------------------------------------
Layer: 7
----------------------------------------
(('TENSOR', (1, 512, 28, 28), 'float32'), ('TENSOR', (512, 512, 3, 3), 'float32'), (1, 1), (1, 1, 1, 1), (1, 1), 'NCHW', 'NCHW', 'float32')
tile_ic, [-1, 1], [-1, 2], [-1, 4], [-1, 8], [-1, 16], [-1, 32], [-1, 64], [-1, 128], [-1, 256], [-1, 512]
tile_oc, [-1, 1], [-1, 2], [-1, 4], [-1, 8], [-1, 16], [-1, 32], [-1, 64], [-1, 128], [-1, 256], [-1, 512]
tile_ow, [-1, 1], [-1, 2], [-1, 4], [-1, 7], [-1, 8], [-1, 14], [-1, 16], [-1, 28]
unroll_kw, True, False
Time tuning ga: 16.0906, 0.1156, 1668.75
----------------------------------------
Layer: 8
----------------------------------------
(('TENSOR', (1, 512, 14, 14), 'float32'), ('TENSOR', (512, 512, 3, 3), 'float32'), (1, 1), (1, 1, 1, 1), (1, 1), 'NCHW', 'NCHW', 'float32')
tile_ic, [-1, 1], [-1, 2], [-1, 4], [-1, 8], [-1, 16], [-1, 32], [-1, 64], [-1, 128], [-1, 256], [-1, 512]
tile_oc, [-1, 1], [-1, 2], [-1, 4], [-1, 8], [-1, 16], [-1, 32], [-1, 64], [-1, 128], [-1, 256], [-1, 512]
tile_ow, [-1, 1], [-1, 2], [-1, 4], [-1, 7], [-1, 8], [-1, 14]
unroll_kw, True, False
Time tuning ga: 3.8508, 0.0622, 679.01
Execution time summary:
 mean (ms)   median (ms)    max (ms)     min (ms)     std (ms)  
  146.2623     146.4401     146.7250     145.7520      0.3769   
               
