----------------------------------------
Layer: 0
----------------------------------------
(('TENSOR', (1, 3, 224, 224), 'float32'), ('TENSOR', (64, 3, 3, 3), 'float32'), (1, 1), (1, 1, 1, 1), (1, 1), 'NCHW', 'NCHW', 'float32')
tile_ic, [-1, 1], [-1, 3]
tile_oc, [-1, 1], [-1, 2], [-1, 4], [-1, 8], [-1, 16], [-1, 32], [-1, 64]
tile_ow, [-1, 64], [-1, 1], [-1, 2], [-1, 4], [-1, 7], [-1, 8], [-1, 14], [-1, 16], [-1, 28], [-1, 32], [-1, 56]
unroll_kw, True, False
Time tuning droplet: 0.7635, 0.0410, 19.41  {'input': ['llvm -keys=cpu ', 'conv2d_NCHWc.x86', [['TENSOR', [1, 3, 224, 224], 'float32'], ['TENSOR', [64, 3, 3, 3], 'float32'], [1, 1], [1, 1, 1, 1], [1, 1], 'NCHW', 'NCHW', 'float32'], {}], 'config': {'index': 21, 'code_hash': None, 'entity': [['tile_ic', 'sp', [-1, 3]], ['tile_oc', 'sp', [-1, 8]], ['tile_ow', 'sp', [-1, 1]], ['unroll_kw', 'ot', True]]}, 'result': [[0.000710031, 0.0007708645, 0.0008095235], 0, 0.29073238372802734, 1677081535.6640184], 'version': 0.2, 'tvm_version': '0.10.0'}
----------------------------------------
Layer: 1
----------------------------------------
(('TENSOR', (1, 64, 224, 224), 'float32'), ('TENSOR', (64, 64, 3, 3), 'float32'), (1, 1), (1, 1, 1, 1), (1, 1), 'NCHW', 'NCHW', 'float32')
tile_ic, [-1, 1], [-1, 2], [-1, 4], [-1, 8], [-1, 16], [-1, 32], [-1, 64]
tile_oc, [-1, 1], [-1, 2], [-1, 4], [-1, 8], [-1, 16], [-1, 32], [-1, 64]
tile_ow, [-1, 64], [-1, 1], [-1, 2], [-1, 4], [-1, 7], [-1, 8], [-1, 14], [-1, 16], [-1, 28], [-1, 32], [-1, 56]
unroll_kw, True, False
Time tuning droplet: 15.5471, 0.0551, 84.36  {'input': ['llvm -keys=cpu ', 'conv2d_NCHWc.x86', [['TENSOR', [1, 64, 224, 224], 'float32'], ['TENSOR', [64, 64, 3, 3], 'float32'], [1, 1], [1, 1, 1, 1], [1, 1], 'NCHW', 'NCHW', 'float32'], {}], 'config': {'index': 170, 'code_hash': None, 'entity': [['tile_ic', 'sp', [-1, 4]], ['tile_oc', 'sp', [-1, 8]], ['tile_ow', 'sp', [-1, 4]], ['unroll_kw', 'ot', True]]}, 'result': [[0.015496079500000001, 0.015521642, 0.0156236135], 0, 0.604860782623291, 1677081583.7327683], 'version': 0.2, 'tvm_version': '0.10.0'}
----------------------------------------
Layer: 2
----------------------------------------
(('TENSOR', (1, 64, 112, 112), 'float32'), ('TENSOR', (128, 64, 3, 3), 'float32'), (1, 1), (1, 1, 1, 1), (1, 1), 'NCHW', 'NCHW', 'float32')
tile_ic, [-1, 1], [-1, 2], [-1, 4], [-1, 8], [-1, 16], [-1, 32], [-1, 64]
tile_oc, [-1, 1], [-1, 2], [-1, 4], [-1, 8], [-1, 16], [-1, 32], [-1, 64], [-1, 128]
tile_ow, [-1, 32], [-1, 1], [-1, 2], [-1, 64], [-1, 4], [-1, 7], [-1, 8], [-1, 14], [-1, 16], [-1, 56], [-1, 28]
unroll_kw, True, False
Time tuning droplet: 7.9047, 0.0398, 64.00  {'input': ['llvm -keys=cpu ', 'conv2d_NCHWc.x86', [['TENSOR', [1, 64, 112, 112], 'float32'], ['TENSOR', [128, 64, 3, 3], 'float32'], [1, 1], [1, 1, 1, 1], [1, 1], 'NCHW', 'NCHW', 'float32'], {}], 'config': {'index': 298, 'code_hash': None, 'entity': [['tile_ic', 'sp', [-1, 16]], ['tile_oc', 'sp', [-1, 4]], ['tile_ow', 'sp', [-1, 7]], ['unroll_kw', 'ot', True]]}, 'result': [[0.00784847, 0.007932003, 0.007933609], 0, 0.4121401309967041, 1677081657.7740977], 'version': 0.2, 'tvm_version': '0.10.0'}
----------------------------------------
Layer: 3
----------------------------------------
(('TENSOR', (1, 128, 112, 112), 'float32'), ('TENSOR', (128, 128, 3, 3), 'float32'), (1, 1), (1, 1, 1, 1), (1, 1), 'NCHW', 'NCHW', 'float32')
tile_ic, [-1, 1], [-1, 2], [-1, 4], [-1, 8], [-1, 16], [-1, 32], [-1, 64], [-1, 128]
tile_oc, [-1, 1], [-1, 2], [-1, 4], [-1, 8], [-1, 16], [-1, 32], [-1, 64], [-1, 128]
tile_ow, [-1, 32], [-1, 1], [-1, 2], [-1, 64], [-1, 4], [-1, 7], [-1, 8], [-1, 14], [-1, 16], [-1, 56], [-1, 28]
unroll_kw, True, False
Time tuning droplet: 15.3724, 0.0362, 105.46  {'input': ['llvm -keys=cpu ', 'conv2d_NCHWc.x86', [['TENSOR', [1, 128, 112, 112], 'float32'], ['TENSOR', [128, 128, 3, 3], 'float32'], [1, 1], [1, 1, 1, 1], [1, 1], 'NCHW', 'NCHW', 'float32'], {}], 'config': {'index': 161, 'code_hash': None, 'entity': [['tile_ic', 'sp', [-1, 2]], ['tile_oc', 'sp', [-1, 16]], ['tile_ow', 'sp', [-1, 2]], ['unroll_kw', 'ot', True]]}, 'result': [[0.015326414, 0.015375793, 0.015414975000000001], 0, 0.5187077522277832, 1677081743.6499684], 'version': 0.2, 'tvm_version': '0.10.0'}
----------------------------------------
Layer: 4
----------------------------------------
(('TENSOR', (1, 128, 56, 56), 'float32'), ('TENSOR', (256, 128, 3, 3), 'float32'), (1, 1), (1, 1, 1, 1), (1, 1), 'NCHW', 'NCHW', 'float32')
tile_ic, [-1, 1], [-1, 2], [-1, 4], [-1, 8], [-1, 16], [-1, 32], [-1, 64], [-1, 128]
tile_oc, [-1, 1], [-1, 2], [-1, 4], [-1, 8], [-1, 16], [-1, 32], [-1, 64], [-1, 128], [-1, 256]
tile_ow, [-1, 32], [-1, 1], [-1, 2], [-1, 4], [-1, 7], [-1, 8], [-1, 14], [-1, 16], [-1, 56], [-1, 28]
unroll_kw, True, False
Time tuning droplet: 7.4426, 0.0221, 50.73  {'input': ['llvm -keys=cpu ', 'conv2d_NCHWc.x86', [['TENSOR', [1, 128, 56, 56], 'float32'], ['TENSOR', [256, 128, 3, 3], 'float32'], [1, 1], [1, 1, 1, 1], [1, 1], 'NCHW', 'NCHW', 'float32'], {}], 'config': {'index': 960, 'code_hash': None, 'entity': [['tile_ic', 'sp', [-1, 1]], ['tile_oc', 'sp', [-1, 8]], ['tile_ow', 'sp', [-1, 4]], ['unroll_kw', 'ot', False]]}, 'result': [[0.00741174, 0.007453925, 0.007462062], 0, 0.4610440731048584, 1677081812.3602147], 'version': 0.2, 'tvm_version': '0.10.0'}
----------------------------------------
Layer: 5
----------------------------------------
(('TENSOR', (1, 256, 56, 56), 'float32'), ('TENSOR', (256, 256, 3, 3), 'float32'), (1, 1), (1, 1, 1, 1), (1, 1), 'NCHW', 'NCHW', 'float32')
tile_ic, [-1, 1], [-1, 2], [-1, 4], [-1, 8], [-1, 16], [-1, 32], [-1, 64], [-1, 128], [-1, 256]
tile_oc, [-1, 1], [-1, 2], [-1, 4], [-1, 8], [-1, 16], [-1, 32], [-1, 64], [-1, 128], [-1, 256]
tile_ow, [-1, 32], [-1, 1], [-1, 2], [-1, 4], [-1, 7], [-1, 8], [-1, 14], [-1, 16], [-1, 56], [-1, 28]
unroll_kw, True, False
Time tuning droplet: 14.8710, 0.0221, 87.70  {'input': ['llvm -keys=cpu ', 'conv2d_NCHWc.x86', [['TENSOR', [1, 256, 56, 56], 'float32'], ['TENSOR', [256, 256, 3, 3], 'float32'], [1, 1], [1, 1, 1, 1], [1, 1], 'NCHW', 'NCHW', 'float32'], {}], 'config': {'index': 272, 'code_hash': None, 'entity': [['tile_ic', 'sp', [-1, 4]], ['tile_oc', 'sp', [-1, 8]], ['tile_ow', 'sp', [-1, 4]], ['unroll_kw', 'ot', True]]}, 'result': [[0.014849121500000001, 0.014862636, 0.0149012935], 0, 0.5265645980834961, 1677081885.6520894], 'version': 0.2, 'tvm_version': '0.10.0'}
----------------------------------------
Layer: 6
----------------------------------------
(('TENSOR', (1, 256, 28, 28), 'float32'), ('TENSOR', (512, 256, 3, 3), 'float32'), (1, 1), (1, 1, 1, 1), (1, 1), 'NCHW', 'NCHW', 'float32')
tile_ic, [-1, 1], [-1, 2], [-1, 4], [-1, 8], [-1, 16], [-1, 32], [-1, 64], [-1, 128], [-1, 256]
tile_oc, [-1, 1], [-1, 2], [-1, 4], [-1, 8], [-1, 16], [-1, 32], [-1, 64], [-1, 128], [-1, 256], [-1, 512]
tile_ow, [-1, 1], [-1, 2], [-1, 4], [-1, 7], [-1, 8], [-1, 14], [-1, 16], [-1, 28]
unroll_kw, True, False
Time tuning droplet: 7.8258, 0.0339, 55.19  {'input': ['llvm -keys=cpu ', 'conv2d_NCHWc.x86', [['TENSOR', [1, 256, 28, 28], 'float32'], ['TENSOR', [512, 256, 3, 3], 'float32'], [1, 1], [1, 1, 1, 1], [1, 1], 'NCHW', 'NCHW', 'float32'], {}], 'config': {'index': 289, 'code_hash': None, 'entity': [['tile_ic', 'sp', [-1, 2]], ['tile_oc', 'sp', [-1, 4]], ['tile_ow', 'sp', [-1, 7]], ['unroll_kw', 'ot', True]]}, 'result': [[0.007797249, 0.0078068875, 0.0078734125], 0, 0.42624640464782715, 1677081950.253718], 'version': 0.2, 'tvm_version': '0.10.0'}
----------------------------------------
Layer: 7
----------------------------------------
(('TENSOR', (1, 512, 28, 28), 'float32'), ('TENSOR', (512, 512, 3, 3), 'float32'), (1, 1), (1, 1, 1, 1), (1, 1), 'NCHW', 'NCHW', 'float32')
tile_ic, [-1, 1], [-1, 2], [-1, 4], [-1, 8], [-1, 16], [-1, 32], [-1, 64], [-1, 128], [-1, 256], [-1, 512]
tile_oc, [-1, 1], [-1, 2], [-1, 4], [-1, 8], [-1, 16], [-1, 32], [-1, 64], [-1, 128], [-1, 256], [-1, 512]
tile_ow, [-1, 1], [-1, 2], [-1, 4], [-1, 7], [-1, 8], [-1, 14], [-1, 16], [-1, 28]
unroll_kw, True, False
Time tuning droplet: 15.3434, 0.0437, 94.48  {'input': ['llvm -keys=cpu ', 'conv2d_NCHWc.x86', [['TENSOR', [1, 512, 28, 28], 'float32'], ['TENSOR', [512, 512, 3, 3], 'float32'], [1, 1], [1, 1, 1, 1], [1, 1], 'NCHW', 'NCHW', 'float32'], {}], 'config': {'index': 231, 'code_hash': None, 'entity': [['tile_ic', 'sp', [-1, 2]], ['tile_oc', 'sp', [-1, 8]], ['tile_ow', 'sp', [-1, 4]], ['unroll_kw', 'ot', True]]}, 'result': [[0.015303929, 0.0153219485, 0.015404223500000001], 0, 0.5308024883270264, 1677082032.8226185], 'version': 0.2, 'tvm_version': '0.10.0'}
----------------------------------------
Layer: 8
----------------------------------------
(('TENSOR', (1, 512, 14, 14), 'float32'), ('TENSOR', (512, 512, 3, 3), 'float32'), (1, 1), (1, 1, 1, 1), (1, 1), 'NCHW', 'NCHW', 'float32')
tile_ic, [-1, 1], [-1, 2], [-1, 4], [-1, 8], [-1, 16], [-1, 32], [-1, 64], [-1, 128], [-1, 256], [-1, 512]
tile_oc, [-1, 1], [-1, 2], [-1, 4], [-1, 8], [-1, 16], [-1, 32], [-1, 64], [-1, 128], [-1, 256], [-1, 512]
tile_ow, [-1, 1], [-1, 2], [-1, 4], [-1, 7], [-1, 8], [-1, 14]
unroll_kw, True, False
Time tuning droplet: 4.2128, 0.0468, 49.68  {'input': ['llvm -keys=cpu ', 'conv2d_NCHWc.x86', [['TENSOR', [1, 512, 14, 14], 'float32'], ['TENSOR', [512, 512, 3, 3], 'float32'], [1, 1], [1, 1, 1, 1], [1, 1], 'NCHW', 'NCHW', 'float32'], {}], 'config': {'index': 135, 'code_hash': None, 'entity': [['tile_ic', 'sp', [-1, 32]], ['tile_oc', 'sp', [-1, 8]], ['tile_ow', 'sp', [-1, 2]], ['unroll_kw', 'ot', True]]}, 'result': [[0.0041713145, 0.0041888095, 0.0042782085], 0, 0.37090635299682617, 1677082111.533005], 'version': 0.2, 'tvm_version': '0.10.0'}
Execution time summary:
 mean (ms)   median (ms)    max (ms)     min (ms)     std (ms)  
  144.8964     144.8965     145.7944     143.9258      0.6501   
               
