----------------------------------------
Layer: 0
----------------------------------------
(('TENSOR', (1, 3, 224, 224), 'float32'), ('TENSOR', (64, 3, 3, 3), 'float32'), (1, 1), (1, 1, 1, 1), (1, 1), 'NCHW', 'NCHW', 'float32')
tile_ic, [-1, 1], [-1, 3]
tile_oc, [-1, 1], [-1, 2], [-1, 4], [-1, 8], [-1, 16], [-1, 32], [-1, 64]
tile_ow, [-1, 64], [-1, 1], [-1, 2], [-1, 4], [-1, 7], [-1, 8], [-1, 14], [-1, 16], [-1, 28], [-1, 32], [-1, 56]
unroll_kw, True, False
Time tuning random: 1.1548, 0.3839, 121.83  {'input': ['llvm -keys=cpu ', 'conv2d_NCHWc.x86', [['TENSOR', [1, 3, 224, 224], 'float32'], ['TENSOR', [64, 3, 3, 3], 'float32'], [1, 1], [1, 1, 1, 1], [1, 1], 'NCHW', 'NCHW', 'float32'], {}], 'config': {'index': 62, 'code_hash': None, 'entity': [['tile_ic', 'sp', [-1, 1]], ['tile_oc', 'sp', [-1, 8]], ['tile_ow', 'sp', [-1, 7]], ['unroll_kw', 'ot', True]]}, 'result': [[0.0008571425, 0.0009103974999999999, 0.001696755], 0, 0.43621110916137695, 1677094171.4300835], 'version': 0.2, 'tvm_version': '0.10.0'}
----------------------------------------
Layer: 1
----------------------------------------
(('TENSOR', (1, 64, 224, 224), 'float32'), ('TENSOR', (64, 64, 3, 3), 'float32'), (1, 1), (1, 1, 1, 1), (1, 1), 'NCHW', 'NCHW', 'float32')
tile_ic, [-1, 1], [-1, 2], [-1, 4], [-1, 8], [-1, 16], [-1, 32], [-1, 64]
tile_oc, [-1, 1], [-1, 2], [-1, 4], [-1, 8], [-1, 16], [-1, 32], [-1, 64]
tile_ow, [-1, 64], [-1, 1], [-1, 2], [-1, 4], [-1, 7], [-1, 8], [-1, 14], [-1, 16], [-1, 28], [-1, 32], [-1, 56]
unroll_kw, True, False
Time tuning random: 16.7997, 0.0345, 903.17  {'input': ['llvm -keys=cpu ', 'conv2d_NCHWc.x86', [['TENSOR', [1, 64, 224, 224], 'float32'], ['TENSOR', [64, 64, 3, 3], 'float32'], [1, 1], [1, 1, 1, 1], [1, 1], 'NCHW', 'NCHW', 'float32'], {}], 'config': {'index': 131, 'code_hash': None, 'entity': [['tile_ic', 'sp', [-1, 32]], ['tile_oc', 'sp', [-1, 16]], ['tile_ow', 'sp', [-1, 2]], ['unroll_kw', 'ot', True]]}, 'result': [[0.016759432499999997, 0.016795925, 0.016843802499999998], 0, 0.6470150947570801, 1677095009.574068], 'version': 0.2, 'tvm_version': '0.10.0'}
----------------------------------------
Layer: 2
----------------------------------------
(('TENSOR', (1, 64, 112, 112), 'float32'), ('TENSOR', (128, 64, 3, 3), 'float32'), (1, 1), (1, 1, 1, 1), (1, 1), 'NCHW', 'NCHW', 'float32')
tile_ic, [-1, 1], [-1, 2], [-1, 4], [-1, 8], [-1, 16], [-1, 32], [-1, 64]
tile_oc, [-1, 1], [-1, 2], [-1, 4], [-1, 8], [-1, 16], [-1, 32], [-1, 64], [-1, 128]
tile_ow, [-1, 32], [-1, 1], [-1, 2], [-1, 64], [-1, 4], [-1, 7], [-1, 8], [-1, 14], [-1, 16], [-1, 56], [-1, 28]
unroll_kw, True, False
Time tuning random: 7.5588, 0.1161, 723.81  {'input': ['llvm -keys=cpu ', 'conv2d_NCHWc.x86', [['TENSOR', [1, 64, 112, 112], 'float32'], ['TENSOR', [128, 64, 3, 3], 'float32'], [1, 1], [1, 1, 1, 1], [1, 1], 'NCHW', 'NCHW', 'float32'], {}], 'config': {'index': 251, 'code_hash': None, 'entity': [['tile_ic', 'sp', [-1, 64]], ['tile_oc', 'sp', [-1, 8]], ['tile_ow', 'sp', [-1, 4]], ['unroll_kw', 'ot', True]]}, 'result': [[0.007472556, 0.007480902, 0.0077228905], 0, 0.47075533866882324, 1677095591.9809475], 'version': 0.2, 'tvm_version': '0.10.0'}
----------------------------------------
Layer: 3
----------------------------------------
(('TENSOR', (1, 128, 112, 112), 'float32'), ('TENSOR', (128, 128, 3, 3), 'float32'), (1, 1), (1, 1, 1, 1), (1, 1), 'NCHW', 'NCHW', 'float32')
tile_ic, [-1, 1], [-1, 2], [-1, 4], [-1, 8], [-1, 16], [-1, 32], [-1, 64], [-1, 128]
tile_oc, [-1, 1], [-1, 2], [-1, 4], [-1, 8], [-1, 16], [-1, 32], [-1, 64], [-1, 128]
tile_ow, [-1, 32], [-1, 1], [-1, 2], [-1, 64], [-1, 4], [-1, 7], [-1, 8], [-1, 14], [-1, 16], [-1, 56], [-1, 28]
unroll_kw, True, False
Time tuning random: 15.5751, 0.0165, 1109.72  {'input': ['llvm -keys=cpu ', 'conv2d_NCHWc.x86', [['TENSOR', [1, 128, 112, 112], 'float32'], ['TENSOR', [128, 128, 3, 3], 'float32'], [1, 1], [1, 1, 1, 1], [1, 1], 'NCHW', 'NCHW', 'float32'], {}], 'config': {'index': 287, 'code_hash': None, 'entity': [['tile_ic', 'sp', [-1, 128]], ['tile_oc', 'sp', [-1, 8]], ['tile_ow', 'sp', [-1, 4]], ['unroll_kw', 'ot', True]]}, 'result': [[0.015551776, 0.015586242500000002, 0.01558729], 0, 0.5241289138793945, 1677096306.7000234], 'version': 0.2, 'tvm_version': '0.10.0'}
----------------------------------------
Layer: 4
----------------------------------------
(('TENSOR', (1, 128, 56, 56), 'float32'), ('TENSOR', (256, 128, 3, 3), 'float32'), (1, 1), (1, 1, 1, 1), (1, 1), 'NCHW', 'NCHW', 'float32')
tile_ic, [-1, 1], [-1, 2], [-1, 4], [-1, 8], [-1, 16], [-1, 32], [-1, 64], [-1, 128]
tile_oc, [-1, 1], [-1, 2], [-1, 4], [-1, 8], [-1, 16], [-1, 32], [-1, 64], [-1, 128], [-1, 256]
tile_ow, [-1, 32], [-1, 1], [-1, 2], [-1, 4], [-1, 7], [-1, 8], [-1, 14], [-1, 16], [-1, 56], [-1, 28]
unroll_kw, True, False
Time tuning random: 7.5516, 0.0748, 918.32  {'input': ['llvm -keys=cpu ', 'conv2d_NCHWc.x86', [['TENSOR', [1, 128, 56, 56], 'float32'], ['TENSOR', [256, 128, 3, 3], 'float32'], [1, 1], [1, 1, 1, 1], [1, 1], 'NCHW', 'NCHW', 'float32'], {}], 'config': {'index': 247, 'code_hash': None, 'entity': [['tile_ic', 'sp', [-1, 128]], ['tile_oc', 'sp', [-1, 8]], ['tile_ow', 'sp', [-1, 4]], ['unroll_kw', 'ot', True]]}, 'result': [[0.007495095, 0.007502358, 0.007657267], 0, 0.37471961975097656, 1677097362.7800202], 'version': 0.2, 'tvm_version': '0.10.0'}
----------------------------------------
Layer: 5
----------------------------------------
(('TENSOR', (1, 256, 56, 56), 'float32'), ('TENSOR', (256, 256, 3, 3), 'float32'), (1, 1), (1, 1, 1, 1), (1, 1), 'NCHW', 'NCHW', 'float32')
tile_ic, [-1, 1], [-1, 2], [-1, 4], [-1, 8], [-1, 16], [-1, 32], [-1, 64], [-1, 128], [-1, 256]
tile_oc, [-1, 1], [-1, 2], [-1, 4], [-1, 8], [-1, 16], [-1, 32], [-1, 64], [-1, 128], [-1, 256]
tile_ow, [-1, 32], [-1, 1], [-1, 2], [-1, 4], [-1, 7], [-1, 8], [-1, 14], [-1, 16], [-1, 56], [-1, 28]
unroll_kw, True, False
Time tuning random: 15.5060, 0.0188, 1380.78  {'input': ['llvm -keys=cpu ', 'conv2d_NCHWc.x86', [['TENSOR', [1, 256, 56, 56], 'float32'], ['TENSOR', [256, 256, 3, 3], 'float32'], [1, 1], [1, 1, 1, 1], [1, 1], 'NCHW', 'NCHW', 'float32'], {}], 'config': {'index': 278, 'code_hash': None, 'entity': [['tile_ic', 'sp', [-1, 256]], ['tile_oc', 'sp', [-1, 8]], ['tile_ow', 'sp', [-1, 4]], ['unroll_kw', 'ot', True]]}, 'result': [[0.015492720500000001, 0.015492721, 0.015532531499999998], 0, 0.5098257064819336, 1677098995.520951], 'version': 0.2, 'tvm_version': '0.10.0'}
----------------------------------------
Layer: 6
----------------------------------------
(('TENSOR', (1, 256, 28, 28), 'float32'), ('TENSOR', (512, 256, 3, 3), 'float32'), (1, 1), (1, 1, 1, 1), (1, 1), 'NCHW', 'NCHW', 'float32')
tile_ic, [-1, 1], [-1, 2], [-1, 4], [-1, 8], [-1, 16], [-1, 32], [-1, 64], [-1, 128], [-1, 256]
tile_oc, [-1, 1], [-1, 2], [-1, 4], [-1, 8], [-1, 16], [-1, 32], [-1, 64], [-1, 128], [-1, 256], [-1, 512]
tile_ow, [-1, 1], [-1, 2], [-1, 4], [-1, 7], [-1, 8], [-1, 14], [-1, 16], [-1, 28]
unroll_kw, True, False
Time tuning random: 7.5213, 0.0485, 1068.18  {'input': ['llvm -keys=cpu ', 'conv2d_NCHWc.x86', [['TENSOR', [1, 256, 28, 28], 'float32'], ['TENSOR', [512, 256, 3, 3], 'float32'], [1, 1], [1, 1, 1, 1], [1, 1], 'NCHW', 'NCHW', 'float32'], {}], 'config': {'index': 207, 'code_hash': None, 'entity': [['tile_ic', 'sp', [-1, 1]], ['tile_oc', 'sp', [-1, 8]], ['tile_ow', 'sp', [-1, 4]], ['unroll_kw', 'ot', True]]}, 'result': [[0.007470987, 0.0075059085, 0.007586855500000001], 0, 0.3770930767059326, 1677099430.7370958], 'version': 0.2, 'tvm_version': '0.10.0'}
----------------------------------------
Layer: 7
----------------------------------------
(('TENSOR', (1, 512, 28, 28), 'float32'), ('TENSOR', (512, 512, 3, 3), 'float32'), (1, 1), (1, 1, 1, 1), (1, 1), 'NCHW', 'NCHW', 'float32')
tile_ic, [-1, 1], [-1, 2], [-1, 4], [-1, 8], [-1, 16], [-1, 32], [-1, 64], [-1, 128], [-1, 256], [-1, 512]
tile_oc, [-1, 1], [-1, 2], [-1, 4], [-1, 8], [-1, 16], [-1, 32], [-1, 64], [-1, 128], [-1, 256], [-1, 512]
tile_ow, [-1, 1], [-1, 2], [-1, 4], [-1, 7], [-1, 8], [-1, 14], [-1, 16], [-1, 28]
unroll_kw, True, False
Time tuning random: 15.7252, 0.2780, 1728.60  {'input': ['llvm -keys=cpu ', 'conv2d_NCHWc.x86', [['TENSOR', [1, 512, 28, 28], 'float32'], ['TENSOR', [512, 512, 3, 3], 'float32'], [1, 1], [1, 1, 1, 1], [1, 1], 'NCHW', 'NCHW', 'float32'], {}], 'config': {'index': 237, 'code_hash': None, 'entity': [['tile_ic', 'sp', [-1, 128]], ['tile_oc', 'sp', [-1, 8]], ['tile_ow', 'sp', [-1, 4]], ['unroll_kw', 'ot', True]]}, 'result': [[0.0155265815, 0.015530632499999999, 0.0161184265], 0, 1.4865102767944336, 1677101253.9780402], 'version': 0.2, 'tvm_version': '0.10.0'}
----------------------------------------
Layer: 8
----------------------------------------
(('TENSOR', (1, 512, 14, 14), 'float32'), ('TENSOR', (512, 512, 3, 3), 'float32'), (1, 1), (1, 1, 1, 1), (1, 1), 'NCHW', 'NCHW', 'float32')
tile_ic, [-1, 1], [-1, 2], [-1, 4], [-1, 8], [-1, 16], [-1, 32], [-1, 64], [-1, 128], [-1, 256], [-1, 512]
tile_oc, [-1, 1], [-1, 2], [-1, 4], [-1, 8], [-1, 16], [-1, 32], [-1, 64], [-1, 128], [-1, 256], [-1, 512]
tile_ow, [-1, 1], [-1, 2], [-1, 4], [-1, 7], [-1, 8], [-1, 14]
unroll_kw, True, False
Time tuning random: 4.9298, 0.0060, 723.90  {'input': ['llvm -keys=cpu ', 'conv2d_NCHWc.x86', [['TENSOR', [1, 512, 14, 14], 'float32'], ['TENSOR', [512, 512, 3, 3], 'float32'], [1, 1], [1, 1, 1, 1], [1, 1], 'NCHW', 'NCHW', 'float32'], {}], 'config': {'index': 331, 'code_hash': None, 'entity': [['tile_ic', 'sp', [-1, 2]], ['tile_oc', 'sp', [-1, 8]], ['tile_ow', 'sp', [-1, 7]], ['unroll_kw', 'ot', True]]}, 'result': [[0.004925452499999999, 0.0049255225, 0.004938303000000001], 0, 0.4104471206665039, 1677102190.9506028], 'version': 0.2, 'tvm_version': '0.10.0'}
Execution time summary:
 mean (ms)   median (ms)    max (ms)     min (ms)     std (ms)  
  160.3980     159.1642     164.3523     158.2559      2.3217   
               
