With opt
Time partial tuning: 2.8084, 0.0003, 120.15, 104, 308
Time partial tuning: 0.3194, 0.0000, 226.98, 192, 980
Time partial tuning: 2.7254, 0.0000, 157.48, 168, 980
Time partial tuning: 1.2624, 0.0004, 218.63, 193, 1260
Time partial tuning: 1.2806, 0.0000, 238.64, 208, 1260
Time partial tuning: 0.6432, 0.0002, 380.04, 316, 1152
Time partial tuning: 2.7115, 0.0003, 181.16, 184, 1024
Time partial tuning: 2.5692, 0.0000, 409.48, 325, 1440
Time partial tuning: 1.3218, 0.0001, 151.74, 123, 1280
Time partial tuning: 1.3269, 0.0000, 282.88, 259, 1280
Time partial tuning: 0.6393, 0.0000, 317.27, 270, 1080
Time partial tuning: 2.6774, 0.0001, 287.36, 295, 972
Time partial tuning: 2.5617, 0.0005, 320.85, 280, 1320
Time partial tuning: 1.3226, 0.0002, 317.12, 264, 1188
Time partial tuning: 1.3160, 0.0002, 306.29, 280, 1188
Time partial tuning: 0.6666, 0.0001, 380.41, 323, 880
Time partial tuning: 2.8307, 0.0006, 202.45, 176, 800
Time partial tuning: 2.7077, 0.0005, 356.78, 291, 1056
Time partial tuning: 1.3332, 0.0002, 343.72, 261, 960
Time partial tuning: 1.3236, 0.0000, 375.09, 315, 960
Time search: 5574.52, 4827, 21368
Execution time summary:
 mean (ms)   median (ms)    max (ms)     min (ms)     std (ms)  
  100.8467     100.8219     101.1537     100.6047      0.1074   
               
without opt
Execution time summary:
 mean (ms)   median (ms)    max (ms)     min (ms)     std (ms)  
  162.5512     162.5473     162.9161     162.3098      0.1266   
               
