----------------------------------------
Layer: 0
----------------------------------------
(('TENSOR', (1, 3, 224, 224), 'float32'), ('TENSOR', (64, 3, 7, 7), 'float32'), (2, 2), (3, 3, 3, 3), (1, 1), 'NCHW', 'NCHW', 'float32')
tile_ic, [-1, 1], [-1, 3]
tile_oc, [-1, 1], [-1, 2], [-1, 4], [-1, 8], [-1, 16], [-1, 32], [-1, 64]
tile_ow, [-1, 32], [-1, 1], [-1, 2], [-1, 64], [-1, 4], [-1, 7], [-1, 8], [-1, 14], [-1, 16], [-1, 56], [-1, 28]
unroll_kw, True, False
Time tuning gridsearch: 1.1892, 0.0156, 121.61
----------------------------------------
Layer: 1
----------------------------------------
(('TENSOR', (1, 64, 56, 56), 'float32'), ('TENSOR', (64, 64, 3, 3), 'float32'), (1, 1), (1, 1, 1, 1), (1, 1), 'NCHW', 'NCHW', 'float32')
tile_ic, [-1, 1], [-1, 2], [-1, 4], [-1, 8], [-1, 16], [-1, 32], [-1, 64]
tile_oc, [-1, 1], [-1, 2], [-1, 4], [-1, 8], [-1, 16], [-1, 32], [-1, 64]
tile_ow, [-1, 32], [-1, 1], [-1, 2], [-1, 4], [-1, 7], [-1, 8], [-1, 14], [-1, 16], [-1, 56], [-1, 28]
unroll_kw, True, False
Time tuning gridsearch: 1.0149, 0.0076, 307.06
----------------------------------------
Layer: 2
----------------------------------------
(('TENSOR', (1, 64, 56, 56), 'float32'), ('TENSOR', (64, 64, 1, 1), 'float32'), (1, 1), (0, 0, 0, 0), (1, 1), 'NCHW', 'NCHW', 'float32')
tile_ic, [-1, 1], [-1, 2], [-1, 4], [-1, 8], [-1, 16], [-1, 32], [-1, 64]
tile_oc, [-1, 1], [-1, 2], [-1, 4], [-1, 8], [-1, 16], [-1, 32], [-1, 64]
tile_ow, [-1, 32], [-1, 1], [-1, 2], [-1, 4], [-1, 7], [-1, 8], [-1, 14], [-1, 16], [-1, 56], [-1, 28]
tile_oh, 1, 2
Time tuning gridsearch: 0.1521, 0.0005, 291.13
----------------------------------------
Layer: 3
----------------------------------------
(('TENSOR', (1, 64, 56, 56), 'float32'), ('TENSOR', (128, 64, 3, 3), 'float32'), (2, 2), (1, 1, 1, 1), (1, 1), 'NCHW', 'NCHW', 'float32')
tile_ic, [-1, 1], [-1, 2], [-1, 4], [-1, 8], [-1, 16], [-1, 32], [-1, 64]
tile_oc, [-1, 1], [-1, 2], [-1, 4], [-1, 8], [-1, 16], [-1, 32], [-1, 64], [-1, 128]
tile_ow, [-1, 1], [-1, 2], [-1, 4], [-1, 7], [-1, 8], [-1, 14], [-1, 16], [-1, 28]
unroll_kw, True, False
Time tuning gridsearch: 0.6156, 0.0533, 282.15
----------------------------------------
Layer: 4
----------------------------------------
(('TENSOR', (1, 64, 56, 56), 'float32'), ('TENSOR', (128, 64, 1, 1), 'float32'), (2, 2), (0, 0, 0, 0), (1, 1), 'NCHW', 'NCHW', 'float32')
tile_ic, [-1, 1], [-1, 2], [-1, 4], [-1, 8], [-1, 16], [-1, 32], [-1, 64]
tile_oc, [-1, 1], [-1, 2], [-1, 4], [-1, 8], [-1, 16], [-1, 32], [-1, 64], [-1, 128]
tile_ow, [-1, 1], [-1, 2], [-1, 4], [-1, 7], [-1, 8], [-1, 14], [-1, 16], [-1, 28]
tile_oh, 1, 2
Time tuning gridsearch: 0.0563, 0.0000, 285.14
----------------------------------------
Layer: 5
----------------------------------------
(('TENSOR', (1, 128, 28, 28), 'float32'), ('TENSOR', (128, 128, 3, 3), 'float32'), (1, 1), (1, 1, 1, 1), (1, 1), 'NCHW', 'NCHW', 'float32')
tile_ic, [-1, 1], [-1, 2], [-1, 4], [-1, 8], [-1, 16], [-1, 32], [-1, 64], [-1, 128]
tile_oc, [-1, 1], [-1, 2], [-1, 4], [-1, 8], [-1, 16], [-1, 32], [-1, 64], [-1, 128]
tile_ow, [-1, 1], [-1, 2], [-1, 4], [-1, 7], [-1, 8], [-1, 14], [-1, 16], [-1, 28]
unroll_kw, True, False
Time tuning gridsearch: 1.2376, 0.1384, 357.92
----------------------------------------
Layer: 6
----------------------------------------
(('TENSOR', (1, 128, 28, 28), 'float32'), ('TENSOR', (256, 128, 3, 3), 'float32'), (2, 2), (1, 1, 1, 1), (1, 1), 'NCHW', 'NCHW', 'float32')
tile_ic, [-1, 1], [-1, 2], [-1, 4], [-1, 8], [-1, 16], [-1, 32], [-1, 64], [-1, 128]
tile_oc, [-1, 1], [-1, 2], [-1, 4], [-1, 8], [-1, 16], [-1, 32], [-1, 64], [-1, 128], [-1, 256]
tile_ow, [-1, 1], [-1, 2], [-1, 4], [-1, 7], [-1, 8], [-1, 14]
unroll_kw, True, False
Time tuning gridsearch: 0.5800, 0.0542, 298.01
----------------------------------------
Layer: 7
----------------------------------------
(('TENSOR', (1, 128, 28, 28), 'float32'), ('TENSOR', (256, 128, 1, 1), 'float32'), (2, 2), (0, 0, 0, 0), (1, 1), 'NCHW', 'NCHW', 'float32')
tile_ic, [-1, 1], [-1, 2], [-1, 4], [-1, 8], [-1, 16], [-1, 32], [-1, 64], [-1, 128]
tile_oc, [-1, 1], [-1, 2], [-1, 4], [-1, 8], [-1, 16], [-1, 32], [-1, 64], [-1, 128], [-1, 256]
tile_ow, [-1, 1], [-1, 2], [-1, 4], [-1, 7], [-1, 8], [-1, 14]
tile_oh, 1, 2
Time tuning gridsearch: 0.0804, 0.0039, 281.58
----------------------------------------
Layer: 8
----------------------------------------
(('TENSOR', (1, 256, 14, 14), 'float32'), ('TENSOR', (256, 256, 3, 3), 'float32'), (1, 1), (1, 1, 1, 1), (1, 1), 'NCHW', 'NCHW', 'float32')
tile_ic, [-1, 1], [-1, 2], [-1, 4], [-1, 8], [-1, 16], [-1, 32], [-1, 64], [-1, 128], [-1, 256]
tile_oc, [-1, 1], [-1, 2], [-1, 4], [-1, 8], [-1, 16], [-1, 32], [-1, 64], [-1, 128], [-1, 256]
tile_ow, [-1, 1], [-1, 2], [-1, 4], [-1, 7], [-1, 8], [-1, 14]
unroll_kw, True, False
Time tuning gridsearch: 1.6462, 0.0010, 361.46
----------------------------------------
Layer: 9
----------------------------------------
(('TENSOR', (1, 256, 14, 14), 'float32'), ('TENSOR', (512, 256, 3, 3), 'float32'), (2, 2), (1, 1, 1, 1), (1, 1), 'NCHW', 'NCHW', 'float32')
tile_ic, [-1, 1], [-1, 2], [-1, 4], [-1, 8], [-1, 16], [-1, 32], [-1, 64], [-1, 128], [-1, 256]
tile_oc, [-1, 1], [-1, 2], [-1, 4], [-1, 8], [-1, 16], [-1, 32], [-1, 64], [-1, 128], [-1, 256], [-1, 512]
tile_ow, [-1, 1], [-1, 2], [-1, 4], [-1, 7]
unroll_kw, True, False
Time tuning gridsearch: 0.5285, 0.0409, 281.82
----------------------------------------
Layer: 10
----------------------------------------
(('TENSOR', (1, 256, 14, 14), 'float32'), ('TENSOR', (512, 256, 1, 1), 'float32'), (2, 2), (0, 0, 0, 0), (1, 1), 'NCHW', 'NCHW', 'float32')
tile_ic, [-1, 1], [-1, 2], [-1, 4], [-1, 8], [-1, 16], [-1, 32], [-1, 64], [-1, 128], [-1, 256]
tile_oc, [-1, 1], [-1, 2], [-1, 4], [-1, 8], [-1, 16], [-1, 32], [-1, 64], [-1, 128], [-1, 256], [-1, 512]
tile_ow, [-1, 1], [-1, 2], [-1, 4], [-1, 7]
tile_oh, 1, 2
Time tuning gridsearch: 0.0974, 0.0002, 227.10
----------------------------------------
Layer: 11
----------------------------------------
(('TENSOR', (1, 512, 7, 7), 'float32'), ('TENSOR', (512, 512, 3, 3), 'float32'), (1, 1), (1, 1, 1, 1), (1, 1), 'NCHW', 'NCHW', 'float32')
tile_ic, [-1, 1], [-1, 2], [-1, 4], [-1, 8], [-1, 16], [-1, 32], [-1, 64], [-1, 128], [-1, 256], [-1, 512]
tile_oc, [-1, 1], [-1, 2], [-1, 4], [-1, 8], [-1, 16], [-1, 32], [-1, 64], [-1, 128], [-1, 256], [-1, 512]
tile_ow, [-1, 1], [-1, 2], [-1, 4], [-1, 7]
unroll_kw, True, False
Time tuning gridsearch: 1.1781, 0.0443, 343.86
Execution time summary:
 mean (ms)   median (ms)    max (ms)     min (ms)     std (ms)  
  20.1000      19.9811      21.4523      19.3701       0.7624   
               
