Time partial tuning: 10.7092, 0.3571, 273.78
Time partial tuning: 7.7878, 0.1604, 208.98
Time partial tuning: 83.5011, 0.4397, 351.50
Time partial tuning: 60.4572, 1.0382, 248.03
Time partial tuning: 9999000.0000, 0.0000, 236.03
Time partial tuning: 168.4528, 2.5961, 452.93
Time partial tuning: 124.1558, 0.8769, 403.17
Time partial tuning: 9999000.0000, 0.0000, 243.74
Time partial tuning: 11.1436, 0.0334, 259.90
Time partial tuning: 11.8970, 0.0631, 244.82
Time partial tuning: 277.6633, 1.5456, 609.52
Time partial tuning: 204.4085, 1.4110, 554.03
Time partial tuning: 9999000.0000, 0.0000, 242.23
Time partial tuning: 6.1400, 0.3036, 233.64
Time partial tuning: 6.5614, 0.0808, 260.96
Time partial tuning: 5.3260, 0.4266, 234.24
Time partial tuning: 4.7574, 0.1196, 253.35
Time partial tuning: 39.1750, 0.2390, 281.09
Time partial tuning: 31.7532, 0.2766, 256.19
Time partial tuning: 26.7374, 0.1614, 253.07
Time partial tuning: 24.9230, 0.3716, 237.61
Time partial tuning: 9999000.0000, 0.0000, 239.03
Time partial tuning: 37.9897, 2.1670, 273.73
Time partial tuning: 33.9456, 0.6969, 250.16
Time partial tuning: 9999000.0000, 0.0000, 237.05
Time partial tuning: 3.3796, 0.0169, 265.61
Time partial tuning: 3.8868, 0.0915, 235.67
Time partial tuning: 8.4277, 0.0178, 224.88
Time partial tuning: 8.6909, 0.1618, 245.15
Time partial tuning: 7.6963, 1.2502, 246.20
Time partial tuning: 6.7235, 0.0901, 255.26
Time partial tuning: 10.3382, 0.0649, 254.51
Time partial tuning: 9.0673, 0.1164, 271.56
Time partial tuning: 8.0911, 0.1545, 213.92
Time partial tuning: 7.6609, 0.1216, 266.97
Time partial tuning: 118.0057, 4.1866, 360.51
Time partial tuning: 102.3313, 0.4978, 359.24
Time partial tuning: 10.5425, 0.7273, 244.39
Time partial tuning: 9.1554, 0.2140, 216.71
Time partial tuning: 19.4431, 0.4100, 237.89
Time partial tuning: 16.9802, 0.9921, 249.92
Time partial tuning: 11.8371, 0.2139, 241.36
Time partial tuning: 12.4037, 0.1037, 239.43
Time partial tuning: 13.9314, 0.0072, 260.63
Time partial tuning: 12.9344, 0.2366, 259.83
Time partial tuning: 20.9392, 2.4596, 259.39
Time partial tuning: 20.2637, 0.4400, 264.93
Time partial tuning: 12.7255, 0.1440, 255.06
Time partial tuning: 13.3541, 0.2232, 252.01
Time partial tuning: 20.6423, 0.7069, 254.99
Time partial tuning: 18.0509, 0.3597, 268.92
Time partial tuning: 15.3626, 0.1909, 227.65
Time partial tuning: 14.8876, 0.0009, 256.44
Time partial tuning: 21.5724, 0.2864, 256.82
Time partial tuning: 18.5447, 0.4094, 272.79
Time partial tuning: 24.5431, 2.0230, 254.35
Time partial tuning: 22.5588, 1.0001, 264.27
Time partial tuning: 18.6099, 0.2170, 257.09
Time partial tuning: 20.9303, 2.4345, 275.90
Time partial tuning: 24.8323, 0.6190, 259.48
Time partial tuning: 23.1228, 0.4855, 272.04
Time partial tuning: 30.5393, 0.1174, 278.40
Time partial tuning: 27.1454, 0.6408, 267.67
Time partial tuning: 28.7093, 0.5752, 256.89
Time partial tuning: 29.9636, 0.1349, 269.99
Time partial tuning: 15.0400, 0.3478, 253.86
Time partial tuning: 14.0313, 0.2463, 236.71
Time partial tuning: 8.5616, 0.2198, 255.22
Time partial tuning: 8.3852, 0.1842, 197.83
Time partial tuning: 11.6467, 0.1277, 212.44
Time partial tuning: 11.5556, 1.1911, 250.25
Time partial tuning: 13.8950, 0.1738, 237.75
Time partial tuning: 13.4143, 0.2890, 233.94
Time partial tuning: 11.9639, 0.1789, 236.35
Time partial tuning: 11.9574, 1.2368, 262.12
Time partial tuning: 11.7355, 0.0824, 240.59
Time partial tuning: 12.5472, 0.2933, 252.97
Time partial tuning: 16.0839, 0.0152, 224.58
Time partial tuning: 15.1498, 0.3555, 264.25
Time partial tuning: 37.6142, 0.5971, 259.20
Time partial tuning: 36.7525, 0.9509, 265.95
Time partial tuning: 9999000.0000, 0.0000, 243.01
Time partial tuning: 7.3227, 0.0048, 219.46
Time partial tuning: 7.0683, 0.1635, 237.13
Time partial tuning: 18.3981, 0.3165, 229.14
Time partial tuning: 17.6417, 0.1504, 250.17
Time partial tuning: 21.3052, 1.4320, 250.38
Time partial tuning: 20.7358, 1.3084, 260.89
Time partial tuning: 25.5546, 1.2280, 247.06
Time partial tuning: 24.8965, 0.1772, 250.71
Time partial tuning: 11.4734, 0.0116, 213.02
Time partial tuning: 9.8868, 0.3371, 220.44
Time search: 24218.90
random with opt
Execution time summary:
 mean (ms)   median (ms)    max (ms)     min (ms)     std (ms)  
 2631.4935    2639.9640    2677.4028    2550.5658     29.1443   
               
without opt
Execution time summary:
 mean (ms)   median (ms)    max (ms)     min (ms)     std (ms)  
 3426.2380    3431.1114    3441.0975    3352.5772     18.7208   
               
