----------------------------------------
Layer: 0
----------------------------------------
(('TENSOR', (1, 3, 224, 224), 'float32'), ('TENSOR', (64, 3, 7, 7), 'float32'), (2, 2), (3, 3, 3, 3), (1, 1), 'NCHW', 'NCHW', 'float32')
tile_ic, [-1, 1], [-1, 3]
tile_oc, [-1, 1], [-1, 2], [-1, 4], [-1, 8], [-1, 16], [-1, 32], [-1, 64]
tile_ow, [-1, 32], [-1, 1], [-1, 2], [-1, 64], [-1, 4], [-1, 7], [-1, 8], [-1, 14], [-1, 16], [-1, 56], [-1, 28]
unroll_kw, True, False
Time tuning ga: 1.0596, 0.0478, 130.11
----------------------------------------
Layer: 1
----------------------------------------
(('TENSOR', (1, 64, 56, 56), 'float32'), ('TENSOR', (64, 64, 3, 3), 'float32'), (1, 1), (1, 1, 1, 1), (1, 1), 'NCHW', 'NCHW', 'float32')
tile_ic, [-1, 1], [-1, 2], [-1, 4], [-1, 8], [-1, 16], [-1, 32], [-1, 64]
tile_oc, [-1, 1], [-1, 2], [-1, 4], [-1, 8], [-1, 16], [-1, 32], [-1, 64]
tile_ow, [-1, 32], [-1, 1], [-1, 2], [-1, 4], [-1, 7], [-1, 8], [-1, 14], [-1, 16], [-1, 56], [-1, 28]
unroll_kw, True, False
Time tuning ga: 0.9859, 0.0262, 319.26
----------------------------------------
Layer: 2
----------------------------------------
(('TENSOR', (1, 64, 56, 56), 'float32'), ('TENSOR', (64, 64, 1, 1), 'float32'), (1, 1), (0, 0, 0, 0), (1, 1), 'NCHW', 'NCHW', 'float32')
tile_ic, [-1, 1], [-1, 2], [-1, 4], [-1, 8], [-1, 16], [-1, 32], [-1, 64]
tile_oc, [-1, 1], [-1, 2], [-1, 4], [-1, 8], [-1, 16], [-1, 32], [-1, 64]
tile_ow, [-1, 32], [-1, 1], [-1, 2], [-1, 4], [-1, 7], [-1, 8], [-1, 14], [-1, 16], [-1, 56], [-1, 28]
tile_oh, 1, 2
Time tuning ga: 0.1214, 0.0005, 301.73
----------------------------------------
Layer: 3
----------------------------------------
(('TENSOR', (1, 64, 56, 56), 'float32'), ('TENSOR', (128, 64, 3, 3), 'float32'), (2, 2), (1, 1, 1, 1), (1, 1), 'NCHW', 'NCHW', 'float32')
tile_ic, [-1, 1], [-1, 2], [-1, 4], [-1, 8], [-1, 16], [-1, 32], [-1, 64]
tile_oc, [-1, 1], [-1, 2], [-1, 4], [-1, 8], [-1, 16], [-1, 32], [-1, 64], [-1, 128]
tile_ow, [-1, 1], [-1, 2], [-1, 4], [-1, 7], [-1, 8], [-1, 14], [-1, 16], [-1, 28]
unroll_kw, True, False
Time tuning ga: 0.6557, 0.1256, 289.80
----------------------------------------
Layer: 4
----------------------------------------
(('TENSOR', (1, 64, 56, 56), 'float32'), ('TENSOR', (128, 64, 1, 1), 'float32'), (2, 2), (0, 0, 0, 0), (1, 1), 'NCHW', 'NCHW', 'float32')
tile_ic, [-1, 1], [-1, 2], [-1, 4], [-1, 8], [-1, 16], [-1, 32], [-1, 64]
tile_oc, [-1, 1], [-1, 2], [-1, 4], [-1, 8], [-1, 16], [-1, 32], [-1, 64], [-1, 128]
tile_ow, [-1, 1], [-1, 2], [-1, 4], [-1, 7], [-1, 8], [-1, 14], [-1, 16], [-1, 28]
tile_oh, 1, 2
Time tuning ga: 0.0678, 0.0106, 302.98
----------------------------------------
Layer: 5
----------------------------------------
(('TENSOR', (1, 128, 28, 28), 'float32'), ('TENSOR', (128, 128, 3, 3), 'float32'), (1, 1), (1, 1, 1, 1), (1, 1), 'NCHW', 'NCHW', 'float32')
tile_ic, [-1, 1], [-1, 2], [-1, 4], [-1, 8], [-1, 16], [-1, 32], [-1, 64], [-1, 128]
tile_oc, [-1, 1], [-1, 2], [-1, 4], [-1, 8], [-1, 16], [-1, 32], [-1, 64], [-1, 128]
tile_ow, [-1, 1], [-1, 2], [-1, 4], [-1, 7], [-1, 8], [-1, 14], [-1, 16], [-1, 28]
unroll_kw, True, False
Time tuning ga: 1.2149, 0.0350, 358.79
----------------------------------------
Layer: 6
----------------------------------------
(('TENSOR', (1, 128, 28, 28), 'float32'), ('TENSOR', (256, 128, 3, 3), 'float32'), (2, 2), (1, 1, 1, 1), (1, 1), 'NCHW', 'NCHW', 'float32')
tile_ic, [-1, 1], [-1, 2], [-1, 4], [-1, 8], [-1, 16], [-1, 32], [-1, 64], [-1, 128]
tile_oc, [-1, 1], [-1, 2], [-1, 4], [-1, 8], [-1, 16], [-1, 32], [-1, 64], [-1, 128], [-1, 256]
tile_ow, [-1, 1], [-1, 2], [-1, 4], [-1, 7], [-1, 8], [-1, 14]
unroll_kw, True, False
Time tuning ga: 0.7237, 0.2912, 307.29
----------------------------------------
Layer: 7
----------------------------------------
(('TENSOR', (1, 128, 28, 28), 'float32'), ('TENSOR', (256, 128, 1, 1), 'float32'), (2, 2), (0, 0, 0, 0), (1, 1), 'NCHW', 'NCHW', 'float32')
tile_ic, [-1, 1], [-1, 2], [-1, 4], [-1, 8], [-1, 16], [-1, 32], [-1, 64], [-1, 128]
tile_oc, [-1, 1], [-1, 2], [-1, 4], [-1, 8], [-1, 16], [-1, 32], [-1, 64], [-1, 128], [-1, 256]
tile_ow, [-1, 1], [-1, 2], [-1, 4], [-1, 7], [-1, 8], [-1, 14]
tile_oh, 1, 2
Time tuning ga: 0.0479, 0.0002, 286.77
----------------------------------------
Layer: 8
----------------------------------------
(('TENSOR', (1, 256, 14, 14), 'float32'), ('TENSOR', (256, 256, 3, 3), 'float32'), (1, 1), (1, 1, 1, 1), (1, 1), 'NCHW', 'NCHW', 'float32')
tile_ic, [-1, 1], [-1, 2], [-1, 4], [-1, 8], [-1, 16], [-1, 32], [-1, 64], [-1, 128], [-1, 256]
tile_oc, [-1, 1], [-1, 2], [-1, 4], [-1, 8], [-1, 16], [-1, 32], [-1, 64], [-1, 128], [-1, 256]
tile_ow, [-1, 1], [-1, 2], [-1, 4], [-1, 7], [-1, 8], [-1, 14]
unroll_kw, True, False
Time tuning ga: 1.2774, 0.3908, 363.51
----------------------------------------
Layer: 9
----------------------------------------
(('TENSOR', (1, 256, 14, 14), 'float32'), ('TENSOR', (512, 256, 3, 3), 'float32'), (2, 2), (1, 1, 1, 1), (1, 1), 'NCHW', 'NCHW', 'float32')
tile_ic, [-1, 1], [-1, 2], [-1, 4], [-1, 8], [-1, 16], [-1, 32], [-1, 64], [-1, 128], [-1, 256]
tile_oc, [-1, 1], [-1, 2], [-1, 4], [-1, 8], [-1, 16], [-1, 32], [-1, 64], [-1, 128], [-1, 256], [-1, 512]
tile_ow, [-1, 1], [-1, 2], [-1, 4], [-1, 7]
unroll_kw, True, False
Time tuning ga: 0.6143, 0.1372, 287.20
----------------------------------------
Layer: 10
----------------------------------------
(('TENSOR', (1, 256, 14, 14), 'float32'), ('TENSOR', (512, 256, 1, 1), 'float32'), (2, 2), (0, 0, 0, 0), (1, 1), 'NCHW', 'NCHW', 'float32')
tile_ic, [-1, 1], [-1, 2], [-1, 4], [-1, 8], [-1, 16], [-1, 32], [-1, 64], [-1, 128], [-1, 256]
tile_oc, [-1, 1], [-1, 2], [-1, 4], [-1, 8], [-1, 16], [-1, 32], [-1, 64], [-1, 128], [-1, 256], [-1, 512]
tile_ow, [-1, 1], [-1, 2], [-1, 4], [-1, 7]
tile_oh, 1, 2
Time tuning ga: 0.0694, 0.0013, 227.34
----------------------------------------
Layer: 11
----------------------------------------
(('TENSOR', (1, 512, 7, 7), 'float32'), ('TENSOR', (512, 512, 3, 3), 'float32'), (1, 1), (1, 1, 1, 1), (1, 1), 'NCHW', 'NCHW', 'float32')
tile_ic, [-1, 1], [-1, 2], [-1, 4], [-1, 8], [-1, 16], [-1, 32], [-1, 64], [-1, 128], [-1, 256], [-1, 512]
tile_oc, [-1, 1], [-1, 2], [-1, 4], [-1, 8], [-1, 16], [-1, 32], [-1, 64], [-1, 128], [-1, 256], [-1, 512]
tile_ow, [-1, 1], [-1, 2], [-1, 4], [-1, 7]
unroll_kw, True, False
Time tuning ga: 1.4902, 0.0741, 362.71
Execution time summary:
 mean (ms)   median (ms)    max (ms)     min (ms)     std (ms)  
  28.9382      29.1631      31.3415      27.1699       1.4617   
               
