0
Time partial tuning: 0.8562, 0.0002, 72.60
Time partial tuning: 0.8258, 0.0005, 125.48
Time partial tuning: 0.1081, 0.0007, 131.16
Time partial tuning: 0.4453, 0.0030, 223.79
Time partial tuning: 0.0578, 0.0001, 123.47
Time partial tuning: 0.8079, 0.0035, 111.40
Time partial tuning: 0.4268, 0.0001, 129.68
Time partial tuning: 0.0510, 0.0000, 131.93
Time partial tuning: 0.8486, 0.0002, 113.20
Time partial tuning: 0.4607, 0.0005, 107.82
Time partial tuning: 0.0468, 0.0000, 139.03
Time partial tuning: 0.8897, 0.0006, 112.90
Time total tuning: 1522.44
without opt
Execution time summary:
 mean (ms)   median (ms)    max (ms)     min (ms)     std (ms)  
  24.7042      24.5664      25.0339      24.5153       0.2113   
               
droplet with opt
Execution time summary:
 mean (ms)   median (ms)    max (ms)     min (ms)     std (ms)  
  16.0453      15.9677      16.3489      15.7966       0.2130   
               
