----------------------------------------
Layer: 0
----------------------------------------
(('TENSOR', (1, 3, 224, 224), 'float32'), ('TENSOR', (64, 3, 3, 3), 'float32'), (1, 1), (1, 1, 1, 1), (1, 1), 'NCHW', 'NCHW', 'float32')
tile_ic, [-1, 1], [-1, 3]
tile_oc, [-1, 1], [-1, 2], [-1, 4], [-1, 8], [-1, 16], [-1, 32], [-1, 64]
tile_ow, [-1, 64], [-1, 1], [-1, 2], [-1, 4], [-1, 7], [-1, 8], [-1, 14], [-1, 16], [-1, 28], [-1, 32], [-1, 56]
unroll_kw, True, False
Time tuning gridsearch: 1.2072, 0.0045, 125.50  {'input': ['llvm -keys=cpu ', 'conv2d_NCHWc.x86', [['TENSOR', [1, 3, 224, 224], 'float32'], ['TENSOR', [64, 3, 3, 3], 'float32'], [1, 1], [1, 1, 1, 1], [1, 1], 'NCHW', 'NCHW', 'float32'], {}], 'config': {'index': 179, 'code_hash': None, 'entity': [['tile_ic', 'sp', [-1, 3]], ['tile_oc', 'sp', [-1, 32]], ['tile_ow', 'sp', [-1, 1]], ['unroll_kw', 'ot', False]]}, 'result': [[0.0012007909999999999, 0.0012099055, 0.0012108135], 0, 0.44913792610168457, 1677084926.9481835], 'version': 0.2, 'tvm_version': '0.10.0'}
----------------------------------------
Layer: 1
----------------------------------------
(('TENSOR', (1, 64, 224, 224), 'float32'), ('TENSOR', (64, 64, 3, 3), 'float32'), (1, 1), (1, 1, 1, 1), (1, 1), 'NCHW', 'NCHW', 'float32')
tile_ic, [-1, 1], [-1, 2], [-1, 4], [-1, 8], [-1, 16], [-1, 32], [-1, 64]
tile_oc, [-1, 1], [-1, 2], [-1, 4], [-1, 8], [-1, 16], [-1, 32], [-1, 64]
tile_ow, [-1, 64], [-1, 1], [-1, 2], [-1, 4], [-1, 7], [-1, 8], [-1, 14], [-1, 16], [-1, 28], [-1, 32], [-1, 56]
unroll_kw, True, False
Time tuning gridsearch: 15.7429, 0.1650, 836.22  {'input': ['llvm -keys=cpu ', 'conv2d_NCHWc.x86', [['TENSOR', [1, 64, 224, 224], 'float32'], ['TENSOR', [64, 64, 3, 3], 'float32'], [1, 1], [1, 1, 1, 1], [1, 1], 'NCHW', 'NCHW', 'float32'], {}], 'config': {'index': 174, 'code_hash': None, 'entity': [['tile_ic', 'sp', [-1, 64]], ['tile_oc', 'sp', [-1, 8]], ['tile_ow', 'sp', [-1, 4]], ['unroll_kw', 'ot', True]]}, 'result': [[0.0155708605, 0.015692385, 0.015965397], 0, 0.5673742294311523, 1677085122.1669698], 'version': 0.2, 'tvm_version': '0.10.0'}
----------------------------------------
Layer: 2
----------------------------------------
(('TENSOR', (1, 64, 112, 112), 'float32'), ('TENSOR', (128, 64, 3, 3), 'float32'), (1, 1), (1, 1, 1, 1), (1, 1), 'NCHW', 'NCHW', 'float32')
tile_ic, [-1, 1], [-1, 2], [-1, 4], [-1, 8], [-1, 16], [-1, 32], [-1, 64]
tile_oc, [-1, 1], [-1, 2], [-1, 4], [-1, 8], [-1, 16], [-1, 32], [-1, 64], [-1, 128]
tile_ow, [-1, 32], [-1, 1], [-1, 2], [-1, 64], [-1, 4], [-1, 7], [-1, 8], [-1, 14], [-1, 16], [-1, 56], [-1, 28]
unroll_kw, True, False
Time tuning gridsearch: 7.6264, 0.0297, 704.07  {'input': ['llvm -keys=cpu ', 'conv2d_NCHWc.x86', [['TENSOR', [1, 64, 112, 112], 'float32'], ['TENSOR', [128, 64, 3, 3], 'float32'], [1, 1], [1, 1, 1, 1], [1, 1], 'NCHW', 'NCHW', 'float32'], {}], 'config': {'index': 757, 'code_hash': None, 'entity': [['tile_ic', 'sp', [-1, 2]], ['tile_oc', 'sp', [-1, 16]], ['tile_ow', 'sp', [-1, 2]], ['unroll_kw', 'ot', False]]}, 'result': [[0.00758631, 0.0076359345, 0.0076570975], 0, 0.42633962631225586, 1677086244.3893967], 'version': 0.2, 'tvm_version': '0.10.0'}
----------------------------------------
Layer: 3
----------------------------------------
(('TENSOR', (1, 128, 112, 112), 'float32'), ('TENSOR', (128, 128, 3, 3), 'float32'), (1, 1), (1, 1, 1, 1), (1, 1), 'NCHW', 'NCHW', 'float32')
tile_ic, [-1, 1], [-1, 2], [-1, 4], [-1, 8], [-1, 16], [-1, 32], [-1, 64], [-1, 128]
tile_oc, [-1, 1], [-1, 2], [-1, 4], [-1, 8], [-1, 16], [-1, 32], [-1, 64], [-1, 128]
tile_ow, [-1, 32], [-1, 1], [-1, 2], [-1, 64], [-1, 4], [-1, 7], [-1, 8], [-1, 14], [-1, 16], [-1, 56], [-1, 28]
unroll_kw, True, False
Time tuning gridsearch: 15.1388, 0.0609, 1079.28  {'input': ['llvm -keys=cpu ', 'conv2d_NCHWc.x86', [['TENSOR', [1, 128, 112, 112], 'float32'], ['TENSOR', [128, 128, 3, 3], 'float32'], [1, 1], [1, 1, 1, 1], [1, 1], 'NCHW', 'NCHW', 'float32'], {}], 'config': {'index': 167, 'code_hash': None, 'entity': [['tile_ic', 'sp', [-1, 128]], ['tile_oc', 'sp', [-1, 16]], ['tile_ow', 'sp', [-1, 2]], ['unroll_kw', 'ot', True]]}, 'result': [[0.0150845785, 0.015107941, 0.015223846999999999], 0, 0.5040671825408936, 1677086657.5574012], 'version': 0.2, 'tvm_version': '0.10.0'}
----------------------------------------
Layer: 4
----------------------------------------
(('TENSOR', (1, 128, 56, 56), 'float32'), ('TENSOR', (256, 128, 3, 3), 'float32'), (1, 1), (1, 1, 1, 1), (1, 1), 'NCHW', 'NCHW', 'float32')
tile_ic, [-1, 1], [-1, 2], [-1, 4], [-1, 8], [-1, 16], [-1, 32], [-1, 64], [-1, 128]
tile_oc, [-1, 1], [-1, 2], [-1, 4], [-1, 8], [-1, 16], [-1, 32], [-1, 64], [-1, 128], [-1, 256]
tile_ow, [-1, 32], [-1, 1], [-1, 2], [-1, 4], [-1, 7], [-1, 8], [-1, 14], [-1, 16], [-1, 56], [-1, 28]
unroll_kw, True, False
Time tuning gridsearch: 7.9812, 0.1955, 843.24  {'input': ['llvm -keys=cpu ', 'conv2d_NCHWc.x86', [['TENSOR', [1, 128, 56, 56], 'float32'], ['TENSOR', [256, 128, 3, 3], 'float32'], [1, 1], [1, 1, 1, 1], [1, 1], 'NCHW', 'NCHW', 'float32'], {}], 'config': {'index': 960, 'code_hash': None, 'entity': [['tile_ic', 'sp', [-1, 1]], ['tile_oc', 'sp', [-1, 8]], ['tile_ow', 'sp', [-1, 4]], ['unroll_kw', 'ot', False]]}, 'result': [[0.00772535, 0.008018444000000001, 0.0081999295], 0, 0.389329195022583, 1677088152.728609], 'version': 0.2, 'tvm_version': '0.10.0'}
----------------------------------------
Layer: 5
----------------------------------------
(('TENSOR', (1, 256, 56, 56), 'float32'), ('TENSOR', (256, 256, 3, 3), 'float32'), (1, 1), (1, 1, 1, 1), (1, 1), 'NCHW', 'NCHW', 'float32')
tile_ic, [-1, 1], [-1, 2], [-1, 4], [-1, 8], [-1, 16], [-1, 32], [-1, 64], [-1, 128], [-1, 256]
tile_oc, [-1, 1], [-1, 2], [-1, 4], [-1, 8], [-1, 16], [-1, 32], [-1, 64], [-1, 128], [-1, 256]
tile_ow, [-1, 32], [-1, 1], [-1, 2], [-1, 4], [-1, 7], [-1, 8], [-1, 14], [-1, 16], [-1, 56], [-1, 28]
unroll_kw, True, False
Time tuning gridsearch: 17.8394, 0.3318, 1344.73  {'input': ['llvm -keys=cpu ', 'conv2d_NCHWc.x86', [['TENSOR', [1, 256, 56, 56], 'float32'], ['TENSOR', [256, 256, 3, 3], 'float32'], [1, 1], [1, 1, 1, 1], [1, 1], 'NCHW', 'NCHW', 'float32'], {}], 'config': {'index': 278, 'code_hash': None, 'entity': [['tile_ic', 'sp', [-1, 256]], ['tile_oc', 'sp', [-1, 8]], ['tile_ow', 'sp', [-1, 4]], ['unroll_kw', 'ot', True]]}, 'result': [[0.017586158999999997, 0.0176239085, 0.0183081935], 0, 0.6203505992889404, 1677088673.6656158], 'version': 0.2, 'tvm_version': '0.10.0'}
----------------------------------------
Layer: 6
----------------------------------------
(('TENSOR', (1, 256, 28, 28), 'float32'), ('TENSOR', (512, 256, 3, 3), 'float32'), (1, 1), (1, 1, 1, 1), (1, 1), 'NCHW', 'NCHW', 'float32')
tile_ic, [-1, 1], [-1, 2], [-1, 4], [-1, 8], [-1, 16], [-1, 32], [-1, 64], [-1, 128], [-1, 256]
tile_oc, [-1, 1], [-1, 2], [-1, 4], [-1, 8], [-1, 16], [-1, 32], [-1, 64], [-1, 128], [-1, 256], [-1, 512]
tile_ow, [-1, 1], [-1, 2], [-1, 4], [-1, 7], [-1, 8], [-1, 14], [-1, 16], [-1, 28]
unroll_kw, True, False
Time tuning gridsearch: 8.5218, 0.2295, 997.56  {'input': ['llvm -keys=cpu ', 'conv2d_NCHWc.x86', [['TENSOR', [1, 256, 28, 28], 'float32'], ['TENSOR', [512, 256, 3, 3], 'float32'], [1, 1], [1, 1, 1, 1], [1, 1], 'NCHW', 'NCHW', 'float32'], {}], 'config': {'index': 214, 'code_hash': None, 'entity': [['tile_ic', 'sp', [-1, 128]], ['tile_oc', 'sp', [-1, 8]], ['tile_ow', 'sp', [-1, 4]], ['unroll_kw', 'ot', True]]}, 'result': [[0.008245661500000001, 0.0085121105, 0.0088076135], 0, 1.2018649578094482, 1677089926.0737903], 'version': 0.2, 'tvm_version': '0.10.0'}
----------------------------------------
Layer: 7
----------------------------------------
(('TENSOR', (1, 512, 28, 28), 'float32'), ('TENSOR', (512, 512, 3, 3), 'float32'), (1, 1), (1, 1, 1, 1), (1, 1), 'NCHW', 'NCHW', 'float32')
tile_ic, [-1, 1], [-1, 2], [-1, 4], [-1, 8], [-1, 16], [-1, 32], [-1, 64], [-1, 128], [-1, 256], [-1, 512]
tile_oc, [-1, 1], [-1, 2], [-1, 4], [-1, 8], [-1, 16], [-1, 32], [-1, 64], [-1, 128], [-1, 256], [-1, 512]
tile_ow, [-1, 1], [-1, 2], [-1, 4], [-1, 7], [-1, 8], [-1, 14], [-1, 16], [-1, 28]
unroll_kw, True, False
Time tuning gridsearch: 16.1429, 0.0653, 1725.78  {'input': ['llvm -keys=cpu ', 'conv2d_NCHWc.x86', [['TENSOR', [1, 512, 28, 28], 'float32'], ['TENSOR', [512, 512, 3, 3], 'float32'], [1, 1], [1, 1, 1, 1], [1, 1], 'NCHW', 'NCHW', 'float32'], {}], 'config': {'index': 237, 'code_hash': None, 'entity': [['tile_ic', 'sp', [-1, 128]], ['tile_oc', 'sp', [-1, 8]], ['tile_ow', 'sp', [-1, 4]], ['unroll_kw', 'ot', True]]}, 'result': [[0.016050858, 0.016182022499999997, 0.0161958515], 0, 1.7061879634857178, 1677091047.6037807], 'version': 0.2, 'tvm_version': '0.10.0'}
----------------------------------------
Layer: 8
----------------------------------------
(('TENSOR', (1, 512, 14, 14), 'float32'), ('TENSOR', (512, 512, 3, 3), 'float32'), (1, 1), (1, 1, 1, 1), (1, 1), 'NCHW', 'NCHW', 'float32')
tile_ic, [-1, 1], [-1, 2], [-1, 4], [-1, 8], [-1, 16], [-1, 32], [-1, 64], [-1, 128], [-1, 256], [-1, 512]
tile_oc, [-1, 1], [-1, 2], [-1, 4], [-1, 8], [-1, 16], [-1, 32], [-1, 64], [-1, 128], [-1, 256], [-1, 512]
tile_ow, [-1, 1], [-1, 2], [-1, 4], [-1, 7], [-1, 8], [-1, 14]
unroll_kw, True, False
Time tuning gridsearch: 4.7739, 0.1598, 710.91  {'input': ['llvm -keys=cpu ', 'conv2d_NCHWc.x86', [['TENSOR', [1, 512, 14, 14], 'float32'], ['TENSOR', [512, 512, 3, 3], 'float32'], [1, 1], [1, 1, 1, 1], [1, 1], 'NCHW', 'NCHW', 'float32'], {}], 'config': {'index': 838, 'code_hash': None, 'entity': [['tile_ic', 'sp', [-1, 256]], ['tile_oc', 'sp', [-1, 8]], ['tile_ow', 'sp', [-1, 4]], ['unroll_kw', 'ot', False]]}, 'result': [[0.0046347575, 0.004689304500000001, 0.0049977295], 0, 1.1375014781951904, 1677093010.3581183], 'version': 0.2, 'tvm_version': '0.10.0'}
Execution time summary:
 mean (ms)   median (ms)    max (ms)     min (ms)     std (ms)  
  177.3736     179.0085     186.8746     167.1074      6.7440   
               
