Time partial tuning: 0.7599, 0.0002, 632.89
Time partial tuning: 0.9544, 0.0001, 763.78
Time partial tuning: 14.1731, 0.0226, 1561.46
Time partial tuning: 2.2939, 0.0006, 1067.14
Time partial tuning: 11.3823, 0.0064, 1255.34
Time partial tuning: 1.1144, 0.0053, 860.23
Time partial tuning: 22.6298, 0.0007, 1731.63
Time partial tuning: 1.6379, 0.0001, 1072.88
Time partial tuning: 13.2001, 0.0021, 1433.76
Time partial tuning: 0.7776, 0.0005, 886.35
Time partial tuning: 26.9268, 0.0589, 2044.84
Time partial tuning: 1.2137, 0.0007, 1063.82
Time partial tuning: 21.3547, 0.0030, 1585.52
Time partial tuning: 1.3092, 0.0002, 986.29
Time partial tuning: 46.6922, 0.0053, 2503.64
Time partial tuning: 2.3369, 0.0005, 1209.42
Time partial tuning: 6.6246, 0.0006, 1217.48
Time partial tuning: 0.3649, 0.0000, 1000.35
Time search: 22876.83
gridsearch with opt
Execution time summary:
 mean (ms)   median (ms)    max (ms)     min (ms)     std (ms)  
  18.9407      18.9363      18.9754      18.9230       0.0134   
               
without opt
Execution time summary:
 mean (ms)   median (ms)    max (ms)     min (ms)     std (ms)  
  12.0338      11.9385      13.8123      11.9185       0.4082   
               
