Time partial tuning: 0.1357, 0.0000, 199.19
Time partial tuning: 1.3530, 0.0003, 251.04
Time partial tuning: 2.8826, 0.0027, 227.54
Time partial tuning: 0.2040, 0.0000, 284.32
Time partial tuning: 4.7686, 0.0018, 248.46
Time partial tuning: 0.1154, 0.0000, 267.06
Time partial tuning: 0.0898, 0.0000, 268.76
Time partial tuning: 0.6796, 0.0002, 268.84
Time partial tuning: 0.5009, 0.0000, 271.05
Time partial tuning: 0.7808, 0.0002, 267.45
Time partial tuning: 0.0638, 0.0000, 263.60
Time partial tuning: 0.1512, 0.0005, 270.33
Time partial tuning: 0.1284, 0.0008, 269.82
Time partial tuning: 0.1698, 0.0007, 269.13
Time partial tuning: 0.1472, 0.0000, 270.33
Time partial tuning: 2.1801, 0.0004, 248.95
Time partial tuning: 0.1825, 0.0001, 269.83
Time partial tuning: 0.3244, 0.0030, 268.01
Time partial tuning: 0.2299, 0.0001, 267.91
Time partial tuning: 0.2420, 0.0001, 268.80
Time partial tuning: 0.4081, 0.0000, 270.90
Time partial tuning: 0.2703, 0.0001, 266.53
Time partial tuning: 0.3586, 0.0002, 270.71
Time partial tuning: 0.2701, 0.0001, 273.96
Time partial tuning: 0.3807, 0.0001, 276.61
Time partial tuning: 0.4934, 0.0003, 268.36
Time partial tuning: 0.4164, 0.0002, 266.88
Time partial tuning: 0.4498, 0.0001, 272.52
Time partial tuning: 0.5397, 0.0002, 268.89
Time partial tuning: 0.5885, 0.0007, 272.53
Time partial tuning: 0.2540, 0.0001, 278.62
Time partial tuning: 0.1537, 0.0001, 268.32
Time partial tuning: 0.1906, 0.0001, 288.60
Time partial tuning: 0.2265, 0.0003, 281.45
Time partial tuning: 0.2032, 0.0001, 281.79
Time partial tuning: 0.2093, 0.0001, 282.17
Time partial tuning: 0.2662, 0.0001, 292.21
Time partial tuning: 0.6960, 0.0002, 298.41
Time partial tuning: 0.1156, 0.0000, 273.61
Time partial tuning: 0.3097, 0.0001, 276.17
Time partial tuning: 0.3632, 0.0001, 286.86
Time partial tuning: 0.4253, 0.0004, 298.17
Time partial tuning: 0.1834, 0.0001, 274.12
Time search: 11608.81
without opt
Execution time summary:
 mean (ms)   median (ms)    max (ms)     min (ms)     std (ms)  
  84.7542      84.6520      85.8785      83.7340       0.6193   
               
ga with opt
Execution time summary:
 mean (ms)   median (ms)    max (ms)     min (ms)     std (ms)  
  57.9939      57.9486      58.7261      57.6959       0.2353   
               
