0
Time partial tuning: 0.8269, 0.0003, 386.69
Time partial tuning: 0.8168, 0.0013, 1119.18
Time partial tuning: 0.0910, 0.0000, 1153.28
Time partial tuning: 0.4246, 0.0001, 1076.22
Time partial tuning: 0.0484, 0.0000, 1055.52
Time partial tuning: 0.8014, 0.0008, 1168.10
Time partial tuning: 0.4177, 0.0000, 1050.22
Time partial tuning: 0.0472, 0.0001, 1020.22
Time partial tuning: 0.8166, 0.0005, 1123.80
Time partial tuning: 0.4379, 0.0002, 898.38
Time partial tuning: 0.0466, 0.0000, 865.21
Time partial tuning: 0.8143, 0.0005, 967.47
Time total tuning: 11884.28
without opt
Execution time summary:
 mean (ms)   median (ms)    max (ms)     min (ms)     std (ms)  
  24.5662      24.5479      24.8523      24.4687       0.0981   
               
xgb with opt
Execution time summary:
 mean (ms)   median (ms)    max (ms)     min (ms)     std (ms)  
  15.3845      15.4454      15.8777      15.0131       0.2740   
               
