With opt
Time partial tuning: 0.0432, 0.0000, 80.56, 86
Time partial tuning: 0.2091, 0.0000, 238.48, 169
Time partial tuning: 0.4525, 0.0000, 153.14, 137
Time partial tuning: 0.4461, 0.0001, 319.03, 200
Time partial tuning: 0.5051, 0.0001, 199.64, 177
Time partial tuning: 0.0994, 0.0000, 114.78, 110
Time partial tuning: 1.6065, 0.0000, 339.79, 200
Time partial tuning: 0.5566, 0.0001, 340.00, 200
Time partial tuning: 0.0464, 0.0000, 271.04, 200
Time partial tuning: 0.0329, 0.0000, 232.50, 200
Time partial tuning: 0.1303, 0.0000, 291.69, 193
Time partial tuning: 0.6772, 0.0001, 274.65, 200
Time partial tuning: 0.1120, 0.0000, 280.55, 200
Time partial tuning: 0.0731, 0.0000, 233.46, 200
Time partial tuning: 0.1671, 0.0000, 269.66, 200
Time partial tuning: 0.1248, 0.0000, 269.80, 200
Time partial tuning: 0.0317, 0.0000, 185.58, 145
Time partial tuning: 0.0762, 0.0000, 196.01, 161
Time partial tuning: 0.0635, 0.0000, 253.44, 200
Time partial tuning: 0.0666, 0.0000, 290.16, 200
Time partial tuning: 0.0777, 0.0000, 234.27, 200
Time partial tuning: 0.8904, 0.0010, 185.97, 200
Time partial tuning: 0.0873, 0.0000, 215.15, 200
Time partial tuning: 0.1224, 0.0000, 184.11, 200
Time partial tuning: 0.1586, 0.0000, 252.24, 200
Time partial tuning: 0.1116, 0.0000, 273.14, 200
Time partial tuning: 0.1138, 0.0000, 201.09, 200
Time partial tuning: 0.1944, 0.0000, 176.43, 146
Time partial tuning: 0.1231, 0.0000, 198.22, 200
Time partial tuning: 0.1231, 0.0000, 167.89, 200
Time partial tuning: 0.1540, 0.0001, 170.39, 200
Time partial tuning: 0.1368, 0.0000, 216.40, 200
Time partial tuning: 0.1634, 0.0000, 175.99, 200
Time partial tuning: 0.1473, 0.0000, 205.49, 200
Time partial tuning: 0.1822, 0.0000, 201.14, 200
Time partial tuning: 0.1688, 0.0001, 207.57, 200
Time partial tuning: 0.1129, 0.0000, 207.07, 200
Time partial tuning: 0.0927, 0.0000, 246.98, 200
Time partial tuning: 0.1053, 0.0000, 234.37, 200
Time partial tuning: 0.0970, 0.0000, 224.08, 200
Time partial tuning: 0.0789, 0.0000, 225.20, 200
Time partial tuning: 0.0572, 0.0000, 230.70, 200
Time partial tuning: 0.1072, 0.0000, 201.15, 200
Time partial tuning: 0.2362, 0.0001, 219.39, 200
Time partial tuning: 0.1541, 0.0000, 240.89, 200
Time partial tuning: 0.0828, 0.0000, 202.33, 200
Time partial tuning: 0.1656, 0.0000, 193.23, 200
Time partial tuning: 0.1554, 0.0000, 202.64, 200
Time partial tuning: 0.1655, 0.0000, 201.78, 200
Time partial tuning: 0.1280, 0.0000, 194.91, 200
Time search: 11124.22, 9524
Execution time summary:
 mean (ms)   median (ms)    max (ms)     min (ms)     std (ms)  
  13.6211      13.4861      16.2031      13.4672       0.5924   
               
without opt
Execution time summary:
 mean (ms)   median (ms)    max (ms)     min (ms)     std (ms)  
  26.3215      26.0847      30.8523      26.0663       1.0395   
               
