Time partial tuning: 0.1018, 0.0000, 662.69
Time partial tuning: 0.1627, 0.0000, 677.45
Time partial tuning: 0.0317, 0.0000, 867.16
Time partial tuning: 0.0208, 0.0000, 764.79
Time partial tuning: 0.1629, 0.0000, 706.80
Time partial tuning: 0.0144, 0.0000, 779.97
Time partial tuning: 0.2463, 0.0000, 697.76
Time partial tuning: 0.0385, 0.0000, 752.33
Time partial tuning: 0.2564, 0.0000, 723.19
Time partial tuning: 0.0209, 0.0000, 804.98
Time partial tuning: 0.4101, 0.0000, 741.22
Time partial tuning: 0.0434, 0.0000, 799.70
Time partial tuning: 0.4239, 0.0000, 714.38
Time partial tuning: 0.0244, 0.0000, 757.29
Time partial tuning: 0.4875, 0.0000, 761.11
Time partial tuning: 0.0756, 0.0001, 759.42
Time search: 11970.22
gridsearch with opt
Execution time summary:
 mean (ms)   median (ms)    max (ms)     min (ms)     std (ms)  
   1.7525       1.7369       1.9878       1.7365       0.0542   
               
without opt
Execution time summary:
 mean (ms)   median (ms)    max (ms)     min (ms)     std (ms)  
   0.7561       0.7519       0.8374       0.7488       0.0187   
               
