0
Time partial tuning: 0.2864, 0.0000, 331.66
Time partial tuning: 0.1454, 0.0000, 836.67
Time partial tuning: 0.6520, 0.0000, 1138.72
Time partial tuning: 0.1420, 0.0000, 1028.40
Time partial tuning: 0.6328, 0.0003, 1332.41
Time partial tuning: 0.1532, 0.0000, 1393.82
Time partial tuning: 1.2449, 0.0001, 1478.73
Time partial tuning: 0.0672, 0.0000, 983.83
Time partial tuning: 0.6223, 0.0001, 1400.73
Time partial tuning: 0.0804, 0.0000, 1433.05
Time partial tuning: 1.2741, 0.0001, 1525.55
Time partial tuning: 0.0356, 0.0000, 888.85
Time partial tuning: 0.6334, 0.0001, 1345.57
Time partial tuning: 0.0380, 0.0000, 1152.34
Time partial tuning: 1.2752, 0.0001, 1407.65
Time partial tuning: 0.0182, 0.0000, 545.94
Time partial tuning: 0.6561, 0.0001, 1131.04
Time partial tuning: 0.0236, 0.0000, 699.32
Time partial tuning: 1.3277, 0.0003, 1231.40
Time total tuning: 21285.68
without opt
Execution time summary:
 mean (ms)   median (ms)    max (ms)     min (ms)     std (ms)  
  28.5594      28.5232      28.8303      28.3200       0.1035   
               
gridsearch with opt
Execution time summary:
 mean (ms)   median (ms)    max (ms)     min (ms)     std (ms)  
  17.5019      17.4813      17.5646      17.2646       0.0681   
               
