0
Time partial tuning: 0.1356, 0.0001, 195.87
Time partial tuning: 1.3523, 0.0009, 828.12
Time partial tuning: 2.7838, 0.0005, 887.96
Time partial tuning: 0.1994, 0.0000, 1145.12
Time partial tuning: 4.7332, 0.0009, 1907.20
Time partial tuning: 0.1130, 0.0000, 1983.78
Time partial tuning: 0.0875, 0.0000, 2832.48
Time partial tuning: 0.6661, 0.0002, 1402.10
Time partial tuning: 0.5009, 0.0000, 1684.04
Time partial tuning: 0.7540, 0.0002, 2801.99
Time partial tuning: 0.0632, 0.0004, 1677.84
Time partial tuning: 0.1503, 0.0001, 1277.69
Time partial tuning: 0.1178, 0.0002, 1836.33
Time partial tuning: 0.1698, 0.0001, 2553.70
Time partial tuning: 0.1330, 0.0002, 3668.30
Time partial tuning: 2.1080, 0.0013, 3415.45
Time partial tuning: 0.1840, 0.0000, 1924.92
Time partial tuning: 0.3152, 0.0001, 3397.00
Time partial tuning: 0.2183, 0.0001, 1923.15
Time partial tuning: 0.2433, 0.0002, 877.10
Time partial tuning: 0.3798, 0.0002, 1505.83
Time partial tuning: 0.2695, 0.0000, 866.02
Time partial tuning: 0.3585, 0.0002, 1523.54
Time partial tuning: 0.2671, 0.0001, 2897.83
Time partial tuning: 0.3758, 0.0001, 1943.76
Time partial tuning: 0.4755, 0.0014, 2230.67
Time partial tuning: 0.4037, 0.0001, 1911.69
Time partial tuning: 0.4420, 0.0003, 2283.36
Time partial tuning: 0.5319, 0.0006, 2674.97
Time partial tuning: 0.5738, 0.0005, 2599.53
Time partial tuning: 0.2551, 0.0000, 1816.00
Time partial tuning: 0.1540, 0.0000, 1774.49
Time partial tuning: 0.1860, 0.0001, 2374.69
Time partial tuning: 0.2226, 0.0001, 2691.38
Time partial tuning: 0.2017, 0.0000, 2410.32
Time partial tuning: 0.2082, 0.0000, 2401.94
Time partial tuning: 0.2613, 0.0003, 2353.80
Time partial tuning: 0.6960, 0.0009, 2071.48
Time partial tuning: 0.1126, 0.0003, 2305.57
Time partial tuning: 0.3050, 0.0000, 1544.36
Time partial tuning: 0.3649, 0.0001, 1756.52
Time partial tuning: 0.4255, 0.0002, 1527.77
Time partial tuning: 0.1839, 0.0000, 1552.50
Time total tuning: 85238.14
without opt
Execution time summary:
 mean (ms)   median (ms)    max (ms)     min (ms)     std (ms)  
  85.7913      85.7737      86.6026      84.7238       0.5259   
               
gridsearch with opt
Execution time summary:
 mean (ms)   median (ms)    max (ms)     min (ms)     std (ms)  
  56.9452      56.8425      57.9833      56.5689       0.3173   
               
