With opt
Time partial tuning: 4.1454, 0.0099, 363.52, 108, 3840
Time partial tuning: 1.0910, 0.0027, 164.65, 108, 168
Time partial tuning: 15.3819, 0.0314, 369.12, 108, 34560
Time partial tuning: 10.0075, 0.0232, 170.48, 108, 792
Time partial tuning: 16.7498, 0.0657, 426.67, 108, 400
Time partial tuning: 26.0625, 0.4500, 434.67, 108, 40320
Time partial tuning: 20.9138, 0.0236, 189.30, 108, 924
Time partial tuning: 25.7223, 0.0825, 414.56, 108, 400
Time partial tuning: 4.2851, 0.0099, 276.16, 108, 6400
Time partial tuning: 2.2231, 0.0054, 233.21, 108, 980
Time partial tuning: 68.2974, 0.0691, 418.19, 108, 8960
Time partial tuning: 36.3413, 0.0512, 288.24, 108, 1960
Time partial tuning: 26.4266, 0.0385, 400.43, 108, 6272
Time partial tuning: 2.1578, 0.0024, 311.28, 108, 17920
Time partial tuning: 0.8995, 0.0009, 190.92, 108, 1764
Time partial tuning: 1.5468, 0.0018, 259.66, 108, 25600
Time partial tuning: 0.8141, 0.0028, 168.75, 108, 2520
Time partial tuning: 4.4765, 0.0088, 339.88, 108, 17920
Time partial tuning: 4.5270, 0.0164, 161.29, 108, 1260
Time partial tuning: 5.2979, 0.0119, 299.81, 108, 30720
Time partial tuning: 3.6523, 0.0092, 167.97, 108, 1512
Time partial tuning: 3.2692, 0.0128, 413.38, 108, 1920
Time partial tuning: 7.5768, 0.0117, 334.13, 108, 30720
Time partial tuning: 5.7758, 0.0124, 158.31, 108, 2592
Time partial tuning: 4.7851, 0.0142, 408.63, 108, 3072
Time partial tuning: 1.3736, 0.0056, 267.30, 108, 15360
Time partial tuning: 0.4753, 0.0013, 163.00, 108, 1512
Time partial tuning: 1.9843, 0.0024, 277.55, 108, 17920
Time partial tuning: 1.1754, 0.0033, 191.60, 108, 1134
Time partial tuning: 2.0205, 0.0008, 269.52, 108, 25600
Time partial tuning: 1.0343, 0.0023, 170.85, 108, 1620
Time partial tuning: 2.9712, 0.0060, 230.93, 108, 17920
Time partial tuning: 1.3828, 0.0033, 171.78, 108, 2268
Time partial tuning: 2.2065, 0.0021, 280.24, 108, 25600
Time partial tuning: 1.3634, 0.0013, 183.04, 108, 3240
Time partial tuning: 27.6294, 0.6448, 354.26, 108, 10240
Time partial tuning: 21.5976, 0.1471, 261.93, 108, 3456
Time partial tuning: 2.4350, 0.0022, 316.50, 108, 7680
Time partial tuning: 1.4949, 0.0054, 172.42, 108, 1728
Time partial tuning: 4.0315, 0.0156, 271.43, 108, 8960
Time partial tuning: 4.2517, 0.0115, 191.33, 108, 3024
Time partial tuning: 3.0761, 0.0040, 304.47, 108, 5120
Time partial tuning: 2.5274, 0.0015, 171.64, 108, 1728
Time partial tuning: 1.9336, 0.0041, 314.43, 108, 5120
Time partial tuning: 1.6795, 0.0057, 162.58, 108, 768
Time partial tuning: 2.5920, 0.0011, 245.47, 108, 8960
Time partial tuning: 3.6232, 0.0105, 185.52, 108, 1344
Time partial tuning: 1.7378, 0.0025, 286.15, 108, 5120
Time partial tuning: 2.1820, 0.0062, 156.71, 108, 768
Time partial tuning: 2.4155, 0.0089, 297.63, 108, 8960
Time partial tuning: 2.6498, 0.0085, 199.45, 108, 1344
Time partial tuning: 3.6700, 0.0038, 263.86, 108, 7680
Time partial tuning: 3.2587, 0.0102, 175.60, 108, 2592
Time partial tuning: 2.8047, 0.0037, 321.47, 108, 7680
Time partial tuning: 2.6745, 0.0052, 178.24, 108, 1728
Time partial tuning: 3.9032, 0.0064, 304.85, 108, 8960
Time partial tuning: 4.3157, 0.0055, 168.39, 108, 2016
Time partial tuning: 3.2952, 0.0047, 287.13, 108, 7680
Time partial tuning: 3.4086, 0.0078, 148.62, 108, 1728
Time partial tuning: 3.1813, 0.0064, 267.89, 108, 8960
Time partial tuning: 3.2506, 0.0068, 177.16, 108, 2016
Time partial tuning: 3.6646, 0.0091, 330.95, 108, 8960
Time partial tuning: 3.9301, 0.0052, 197.98, 108, 2352
Time partial tuning: 5.1783, 0.0127, 300.45, 108, 8960
Time partial tuning: 5.0951, 0.0063, 157.39, 108, 2352
Time partial tuning: 3.0946, 0.0102, 287.19, 108, 35840
Time partial tuning: 2.7260, 0.0060, 181.28, 108, 1568
Time partial tuning: 1.6434, 0.0062, 255.84, 108, 35840
Time partial tuning: 1.4894, 0.0043, 155.96, 108, 1568
Time partial tuning: 2.5275, 0.0069, 256.62, 108, 35840
Time partial tuning: 2.0100, 0.0035, 187.64, 108, 2016
Time partial tuning: 2.3768, 0.0065, 237.24, 108, 40960
Time partial tuning: 2.3279, 0.0085, 183.19, 108, 2304
Time partial tuning: 1.4261, 0.0040, 257.28, 108, 40960
Time partial tuning: 1.7086, 0.0034, 177.94, 108, 2048
Time partial tuning: 1.7802, 0.0068, 264.10, 108, 40960
Time partial tuning: 1.8729, 0.0094, 163.90, 108, 2048
Time partial tuning: 2.4316, 0.0099, 204.03, 108, 35840
Time partial tuning: 2.7895, 0.0069, 178.73, 108, 2016
Time partial tuning: 5.7327, 0.0137, 243.10, 108, 40960
Time partial tuning: 6.1979, 0.0233, 180.25, 108, 1792
Time partial tuning: 8.3214, 0.0221, 426.31, 108, 2688
Time partial tuning: 1.1186, 0.0015, 232.69, 108, 35840
Time partial tuning: 1.1223, 0.0015, 175.18, 108, 2016
Time partial tuning: 3.3515, 0.0005, 209.55, 108, 35840
Time partial tuning: 3.6139, 0.0085, 172.37, 108, 1344
Time partial tuning: 3.9182, 0.0039, 238.92, 108, 40960
Time partial tuning: 4.8143, 0.0267, 174.86, 108, 1536
Time partial tuning: 4.1228, 0.0109, 234.46, 108, 35840
Time partial tuning: 5.0776, 0.0098, 197.16, 108, 1344
Time partial tuning: 2.3904, 0.0079, 229.31, 108, 35840
Time partial tuning: 2.3361, 0.0046, 141.90, 108, 1344
Time search: 22587.90, 9936, 1020806
Execution time summary:
 mean (ms)   median (ms)    max (ms)     min (ms)     std (ms)  
  422.5393     422.4648     424.7361     420.5491      1.0570   
               
without opt
Execution time summary:
 mean (ms)   median (ms)    max (ms)     min (ms)     std (ms)  
  879.2835     882.1260     887.8859     869.1606      6.9853   
               
