With opt
Time partial tuning: 0.0084, 0.0000, 108.89, 100
Time partial tuning: 0.0575, 0.0000, 173.07, 100
Time partial tuning: 0.0648, 0.0000, 211.67, 100
Time partial tuning: 0.1512, 0.0000, 220.35, 100
Time partial tuning: 0.1024, 0.0004, 250.81, 100
Time partial tuning: 0.0313, 0.0000, 122.24, 100
Time partial tuning: 0.1826, 0.0004, 170.28, 100
Time partial tuning: 0.0965, 0.0003, 322.10, 100
Time partial tuning: 0.0119, 0.0000, 174.98, 100
Time partial tuning: 0.0095, 0.0000, 167.25, 100
Time partial tuning: 0.0334, 0.0001, 216.63, 100
Time partial tuning: 0.0611, 0.0000, 466.66, 100
Time partial tuning: 0.0403, 0.0000, 242.82, 100
Time partial tuning: 0.0156, 0.0000, 355.78, 100
Time partial tuning: 0.0493, 0.0002, 247.67, 100
Time partial tuning: 0.0206, 0.0001, 355.86, 100
Time partial tuning: 0.0067, 0.0000, 157.11, 100
Time partial tuning: 0.0144, 0.0000, 184.43, 100
Time partial tuning: 0.0136, 0.0000, 156.08, 100
Time partial tuning: 0.0142, 0.0000, 181.79, 100
Time partial tuning: 0.0151, 0.0000, 183.46, 100
Time partial tuning: 0.1846, 0.0007, 168.61, 100
Time partial tuning: 0.0242, 0.0000, 180.75, 100
Time partial tuning: 0.0470, 0.0000, 170.91, 100
Time partial tuning: 0.0279, 0.0000, 129.55, 100
Time partial tuning: 0.0380, 0.0000, 161.90, 100
Time partial tuning: 0.0384, 0.0000, 192.83, 100
Time partial tuning: 0.0410, 0.0000, 155.45, 100
Time partial tuning: 0.0365, 0.0000, 168.05, 100
Time partial tuning: 0.0316, 0.0000, 160.49, 100
Time partial tuning: 0.0442, 0.0000, 190.38, 100
Time partial tuning: 0.0694, 0.0000, 215.98, 100
Time partial tuning: 0.0329, 0.0000, 167.44, 100
Time partial tuning: 0.0487, 0.0000, 182.03, 100
Time partial tuning: 0.0512, 0.0000, 169.42, 100
Time partial tuning: 0.0506, 0.0000, 180.31, 100
Time partial tuning: 0.0483, 0.0001, 185.10, 100
Time partial tuning: 0.0274, 0.0000, 185.95, 100
Time partial tuning: 0.0367, 0.0000, 174.99, 100
Time partial tuning: 0.0296, 0.0000, 176.17, 100
Time partial tuning: 0.0224, 0.0000, 201.59, 100
Time partial tuning: 0.0269, 0.0000, 212.80, 100
Time partial tuning: 0.0360, 0.0001, 187.14, 100
Time partial tuning: 0.1508, 0.0003, 211.88, 100
Time partial tuning: 0.0406, 0.0000, 291.86, 100
Time partial tuning: 0.0201, 0.0000, 191.70, 100
Time partial tuning: 0.0552, 0.0000, 184.31, 100
Time partial tuning: 0.0370, 0.0000, 156.79, 100
Time partial tuning: 0.0748, 0.0000, 173.96, 100
Time partial tuning: 0.0440, 0.0000, 163.07, 100
Time search: 9961.35, 5000
Execution time summary:
 mean (ms)   median (ms)    max (ms)     min (ms)     std (ms)  
   3.9100       3.8741       4.4660       3.8731       0.1293   
               
without opt
Execution time summary:
 mean (ms)   median (ms)    max (ms)     min (ms)     std (ms)  
   4.2056       4.1695       4.8170       4.1648       0.1408   
               
