46 [84, 140, 140, 2, 2, 2, 3, 2]

Next elements 16
(0, [0, 0, 0, 0, 0, 0, 0, 0])
n_exec 2
Best (0, [0, 0, 0, 0, 0, 0, 0, 0], (0.030677200249999998, 0.030679040749999997, 0.03103129575))

Next elements 16
(39513600, [0, 0, 0, 0, 0, 0, 0, 1])
(13171200, [0, 0, 0, 0, 0, 0, 1, 0])
(6585600, [0, 0, 0, 0, 0, 1, 0, 0])
(3292800, [0, 0, 0, 0, 1, 0, 0, 0])
(1646400, [0, 0, 0, 1, 0, 0, 0, 0])
(11760, [0, 0, 1, 0, 0, 0, 0, 0])
(84, [0, 1, 0, 0, 0, 0, 0, 0])
(1, [1, 0, 0, 0, 0, 0, 0, 0])
n_exec 2
Best (13171200, [0, 0, 0, 0, 0, 0, 1, 0], (0.021361651599999996, 0.0214142974, 0.0214733886))

Next elements 16
(52684800, [0, 0, 0, 0, 0, 0, 1, 1])
(26342400, [0, 0, 0, 0, 0, 0, 2, 0])
(19756800, [0, 0, 0, 0, 0, 1, 1, 0])
(16464000, [0, 0, 0, 0, 1, 0, 1, 0])
(14817600, [0, 0, 0, 1, 0, 0, 1, 0])
(13182960, [0, 0, 1, 0, 0, 0, 1, 0])
(13171284, [0, 1, 0, 0, 0, 0, 1, 0])
(13171201, [1, 0, 0, 0, 0, 0, 1, 0])
n_exec 2
Best (13171200, [0, 0, 0, 0, 0, 0, 1, 0], (0.021361651599999996, 0.0214142974, 0.0214733886))

Next elements 16
(13194720, [0, 0, 2, 0, 0, 0, 1, 0])
(13171368, [0, 2, 0, 0, 0, 0, 1, 0])
(13171202, [2, 0, 0, 0, 0, 0, 1, 0])
n_exec 3
Best (13171200, [0, 0, 0, 0, 0, 0, 1, 0], (0.021361651599999996, 0.0214142974, 0.0214733886))

Next elements 16
(13206480, [0, 0, 3, 0, 0, 0, 1, 0])
(13171452, [0, 3, 0, 0, 0, 0, 1, 0])
(13171203, [3, 0, 0, 0, 0, 0, 1, 0])
n_exec 4
Best (13171200, [0, 0, 0, 0, 0, 0, 1, 0], (0.021361651599999996, 0.0214142974, 0.0214733886))

Next elements 16
(13218240, [0, 0, 4, 0, 0, 0, 1, 0])
(13171536, [0, 4, 0, 0, 0, 0, 1, 0])
(13171204, [4, 0, 0, 0, 0, 0, 1, 0])
n_exec 5
Best (13171204, [4, 0, 0, 0, 0, 0, 1, 0], (0.020004379166666666, 0.020009717166666666, 0.020025039666666668))

Next elements 16
(52684804, [4, 0, 0, 0, 0, 0, 1, 1])
(26342404, [4, 0, 0, 0, 0, 0, 2, 0])
(4, [4, 0, 0, 0, 0, 0, 0, 0])
(19756804, [4, 0, 0, 0, 0, 1, 1, 0])
(16464004, [4, 0, 0, 0, 1, 0, 1, 0])
(14817604, [4, 0, 0, 1, 0, 0, 1, 0])
(13182964, [4, 0, 1, 0, 0, 0, 1, 0])
(13171288, [4, 1, 0, 0, 0, 0, 1, 0])
(13171205, [5, 0, 0, 0, 0, 0, 1, 0])
n_exec 5
Best (13171288, [4, 1, 0, 0, 0, 0, 1, 0], (0.01193486611111111, 0.01194181311111111, 0.01196697911111111))

Next elements 16
(52684888, [4, 1, 0, 0, 0, 0, 1, 1])
(26342488, [4, 1, 0, 0, 0, 0, 2, 0])
(88, [4, 1, 0, 0, 0, 0, 0, 0])
(19756888, [4, 1, 0, 0, 0, 1, 1, 0])
(16464088, [4, 1, 0, 0, 1, 0, 1, 0])
(14817688, [4, 1, 0, 1, 0, 0, 1, 0])
(13183048, [4, 1, 1, 0, 0, 0, 1, 0])
(13171372, [4, 2, 0, 0, 0, 0, 1, 0])
(13171289, [5, 1, 0, 0, 0, 0, 1, 0])
(13171287, [3, 1, 0, 0, 0, 0, 1, 0])
n_exec 5
Best (13171372, [4, 2, 0, 0, 0, 0, 1, 0], (0.007833127461538462, 0.007833599923076924, 0.007834545384615385))

Next elements 16
(52684972, [4, 2, 0, 0, 0, 0, 1, 1])
(26342572, [4, 2, 0, 0, 0, 0, 2, 0])
(172, [4, 2, 0, 0, 0, 0, 0, 0])
(19756972, [4, 2, 0, 0, 0, 1, 1, 0])
(16464172, [4, 2, 0, 0, 1, 0, 1, 0])
(14817772, [4, 2, 0, 1, 0, 0, 1, 0])
(13183132, [4, 2, 1, 0, 0, 0, 1, 0])
(13171456, [4, 3, 0, 0, 0, 0, 1, 0])
(13171373, [5, 2, 0, 0, 0, 0, 1, 0])
(13171371, [3, 2, 0, 0, 0, 0, 1, 0])
n_exec 5
Best (16464172, [4, 2, 0, 0, 1, 0, 1, 0], (0.004799581000000001, 0.004800512136363636, 0.004816802954545455))

Next elements 16
(55977772, [4, 2, 0, 0, 1, 0, 1, 1])
(29635372, [4, 2, 0, 0, 1, 0, 2, 0])
(3292972, [4, 2, 0, 0, 1, 0, 0, 0])
(23049772, [4, 2, 0, 0, 1, 1, 1, 0])
(18110572, [4, 2, 0, 1, 1, 0, 1, 0])
(16475932, [4, 2, 1, 0, 1, 0, 1, 0])
(16464256, [4, 3, 0, 0, 1, 0, 1, 0])
(16464173, [5, 2, 0, 0, 1, 0, 1, 0])
(16464171, [3, 2, 0, 0, 1, 0, 1, 0])
n_exec 5
Best (16464256, [4, 3, 0, 0, 1, 0, 1, 0], (0.0033356787608695656, 0.003336325586956522, 0.003336398565217391))

Next elements 16
(55977856, [4, 3, 0, 0, 1, 0, 1, 1])
(29635456, [4, 3, 0, 0, 1, 0, 2, 0])
(3293056, [4, 3, 0, 0, 1, 0, 0, 0])
(23049856, [4, 3, 0, 0, 1, 1, 1, 0])
(18110656, [4, 3, 0, 1, 1, 0, 1, 0])
(16476016, [4, 3, 1, 0, 1, 0, 1, 0])
(16464340, [4, 4, 0, 0, 1, 0, 1, 0])
(16464257, [5, 3, 0, 0, 1, 0, 1, 0])
(16464255, [3, 3, 0, 0, 1, 0, 1, 0])
