Time partial tuning: 0.1114, 0.0000, 89.63
Time partial tuning: 0.0506, 0.0000, 68.71
Time partial tuning: 0.2052, 0.0007, 169.27
Time partial tuning: 0.0413, 0.0000, 89.19
Time partial tuning: 0.2122, 0.0007, 124.66
Time partial tuning: 0.0411, 0.0001, 113.99
Time partial tuning: 0.4159, 0.0001, 154.13
Time partial tuning: 0.0202, 0.0000, 99.87
Time partial tuning: 0.1936, 0.0000, 135.65
Time partial tuning: 0.0231, 0.0001, 119.55
Time partial tuning: 0.4598, 0.0001, 151.51
Time partial tuning: 0.0131, 0.0001, 123.38
Time partial tuning: 0.1875, 0.0001, 154.09
Time partial tuning: 0.0147, 0.0000, 109.99
Time partial tuning: 0.3698, 0.0000, 156.16
Time partial tuning: 0.0102, 0.0001, 67.29
Time partial tuning: 0.1773, 0.0001, 159.45
Time partial tuning: 0.0111, 0.0000, 84.74
Time partial tuning: 0.3581, 0.0001, 153.38
Time search: 2324.67
without opt
Execution time summary:
 mean (ms)   median (ms)    max (ms)     min (ms)     std (ms)  
  15.3173      15.2141      16.1173      15.1562       0.2169   
               
droplet with opt
Execution time summary:
 mean (ms)   median (ms)    max (ms)     min (ms)     std (ms)  
   6.0554       6.0220       6.2538       6.0065       0.0765   
               
