Time partial tuning: 0.0427, 0.0000, 193.30
Time partial tuning: 0.2432, 0.0003, 256.90
Time partial tuning: 0.3290, 0.0000, 226.79
Time partial tuning: 0.4424, 0.0001, 252.93
Time partial tuning: 0.5008, 0.0001, 245.07
Time partial tuning: 0.0760, 0.0000, 217.45
Time partial tuning: 2.3867, 0.0011, 342.46
Time partial tuning: 0.4856, 0.0001, 246.47
Time partial tuning: 0.0550, 0.0000, 247.64
Time partial tuning: 0.0537, 0.0000, 260.50
Time partial tuning: 0.1426, 0.0000, 285.77
Time partial tuning: 0.6850, 0.0001, 292.82
Time partial tuning: 0.1191, 0.0000, 290.41
Time partial tuning: 0.0689, 0.0000, 268.22
Time partial tuning: 0.1725, 0.0000, 260.86
Time partial tuning: 0.0960, 0.0000, 275.99
Time partial tuning: 0.0297, 0.0000, 268.19
Time partial tuning: 0.0618, 0.0000, 275.67
Time partial tuning: 0.0539, 0.0001, 246.47
Time partial tuning: 0.0743, 0.0000, 246.24
Time partial tuning: 0.0607, 0.0000, 274.25
Time partial tuning: 0.8464, 0.0106, 280.45
Time partial tuning: 0.1637, 0.0000, 253.55
Time partial tuning: 0.2083, 0.0000, 207.46
Time partial tuning: 0.1350, 0.0000, 221.01
Time partial tuning: 0.0974, 0.0000, 292.54
Time partial tuning: 0.1516, 0.0001, 295.93
Time partial tuning: 0.1051, 0.0000, 258.23
Time partial tuning: 0.1309, 0.0000, 293.10
Time partial tuning: 0.1739, 0.0004, 250.45
Time partial tuning: 0.1726, 0.0001, 292.38
Time partial tuning: 0.1432, 0.0000, 255.78
Time partial tuning: 0.1062, 0.0000, 285.76
Time partial tuning: 0.1367, 0.0002, 262.27
Time partial tuning: 0.2032, 0.0001, 231.40
Time partial tuning: 0.2763, 0.0000, 263.78
Time partial tuning: 0.2043, 0.0000, 235.10
Time partial tuning: 0.1004, 0.0000, 238.41
Time partial tuning: 0.0979, 0.0024, 240.32
Time partial tuning: 0.1161, 0.0001, 231.18
Time partial tuning: 0.1174, 0.0001, 228.86
Time partial tuning: 0.0790, 0.0000, 242.79
Time partial tuning: 0.1486, 0.0000, 251.99
Time partial tuning: 0.2602, 0.0000, 230.46
Time partial tuning: 0.1501, 0.0000, 258.07
Time partial tuning: 0.0812, 0.0000, 246.10
Time partial tuning: 0.2181, 0.0000, 227.19
Time partial tuning: 0.1769, 0.0000, 218.21
Time partial tuning: 0.1844, 0.0000, 222.36
Time partial tuning: 0.1136, 0.0000, 231.63
Time search: 12721.13
ga with opt
Execution time summary:
 mean (ms)   median (ms)    max (ms)     min (ms)     std (ms)  
  15.3151      15.2034      17.4148      15.1853       0.4819   
               
without opt
Execution time summary:
 mean (ms)   median (ms)    max (ms)     min (ms)     std (ms)  
  25.9961      25.8077      29.5568      25.7986       0.8169   
               
