----------------------------------------
Layer: 0
----------------------------------------
(('TENSOR', (1, 3, 224, 224), 'float32'), ('TENSOR', (32, 3, 3, 3), 'float32'), (2, 2), (1, 1, 1, 1), (1, 1), 'NCHW', 'NCHW', 'float32')
tile_ic, [-1, 1], [-1, 3]
tile_oc, [-1, 1], [-1, 2], [-1, 4], [-1, 8], [-1, 16], [-1, 32]
tile_ow, [-1, 32], [-1, 1], [-1, 2], [-1, 64], [-1, 4], [-1, 7], [-1, 8], [-1, 14], [-1, 16], [-1, 56], [-1, 28]
unroll_kw, True, False
Time tuning gridsearch: 0.1628, 0.0431, 85.63
----------------------------------------
Layer: 1
----------------------------------------
(('TENSOR', (1, 32, 112, 112), 'float32'), ('TENSOR', (32, 1, 3, 3), 'float32'), (1, 1), (1, 1, 1, 1), (1, 1), 'NCHW', 'NCHW', 'float32')
tile_ic, [-1, 1], [-1, 2], [-1, 4], [-1, 8], [-1, 16], [-1, 32]
tile_oc, [-1, 1], [-1, 2], [-1, 4], [-1, 8], [-1, 16], [-1, 32]
tile_ow, [-1, 1], [-1, 2], [-1, 4], [-1, 7], [-1, 8], [-1, 14], [-1, 16], [-1, 28], [-1, 56]
unroll_kw, True, False
Time tuning gridsearch: 0.1011, 0.0012, 235.74
----------------------------------------
Layer: 2
----------------------------------------
(('TENSOR', (1, 32, 112, 112), 'float32'), ('TENSOR', (64, 32, 1, 1), 'float32'), (1, 1), (0, 0, 0, 0), (1, 1), 'NCHW', 'NCHW', 'float32')
tile_ic, [-1, 1], [-1, 2], [-1, 4], [-1, 8], [-1, 16], [-1, 32]
tile_oc, [-1, 1], [-1, 2], [-1, 4], [-1, 8], [-1, 16], [-1, 32], [-1, 64]
tile_ow, [-1, 32], [-1, 1], [-1, 2], [-1, 64], [-1, 4], [-1, 7], [-1, 8], [-1, 14], [-1, 16], [-1, 56], [-1, 28]
tile_oh, 1, 2
Time tuning gridsearch: 0.3030, 0.0012, 316.66
----------------------------------------
Layer: 3
----------------------------------------
(('TENSOR', (1, 64, 112, 112), 'float32'), ('TENSOR', (64, 1, 3, 3), 'float32'), (2, 2), (1, 1, 1, 1), (1, 1), 'NCHW', 'NCHW', 'float32')
tile_ic, [-1, 1], [-1, 2], [-1, 4], [-1, 8], [-1, 16], [-1, 32], [-1, 64]
tile_oc, [-1, 1], [-1, 2], [-1, 4], [-1, 8], [-1, 16], [-1, 32], [-1, 64]
tile_ow, [-1, 1], [-1, 2], [-1, 4], [-1, 7], [-1, 8], [-1, 14], [-1, 28], [-1, 56]
unroll_kw, True, False
Time tuning gridsearch: 0.0947, 0.0008, 324.38
----------------------------------------
Layer: 4
----------------------------------------
(('TENSOR', (1, 64, 56, 56), 'float32'), ('TENSOR', (128, 64, 1, 1), 'float32'), (1, 1), (0, 0, 0, 0), (1, 1), 'NCHW', 'NCHW', 'float32')
tile_ic, [-1, 1], [-1, 2], [-1, 4], [-1, 8], [-1, 16], [-1, 32], [-1, 64]
tile_oc, [-1, 1], [-1, 2], [-1, 4], [-1, 8], [-1, 16], [-1, 32], [-1, 64], [-1, 128]
tile_ow, [-1, 32], [-1, 1], [-1, 2], [-1, 4], [-1, 7], [-1, 8], [-1, 14], [-1, 16], [-1, 56], [-1, 28]
tile_oh, 1, 2
Time tuning gridsearch: 0.1949, 0.0005, 384.01
----------------------------------------
Layer: 5
----------------------------------------
(('TENSOR', (1, 128, 56, 56), 'float32'), ('TENSOR', (128, 1, 3, 3), 'float32'), (1, 1), (1, 1, 1, 1), (1, 1), 'NCHW', 'NCHW', 'float32')
tile_ic, [-1, 1], [-1, 2], [-1, 4], [-1, 8], [-1, 16], [-1, 32], [-1, 64], [-1, 128]
tile_oc, [-1, 1], [-1, 2], [-1, 4], [-1, 8], [-1, 16], [-1, 32], [-1, 64], [-1, 128]
tile_ow, [-1, 1], [-1, 2], [-1, 4], [-1, 7], [-1, 8], [-1, 14], [-1, 28], [-1, 56]
unroll_kw, True, False
Time tuning gridsearch: 0.0913, 0.0010, 419.72
----------------------------------------
Layer: 6
----------------------------------------
(('TENSOR', (1, 128, 56, 56), 'float32'), ('TENSOR', (128, 128, 1, 1), 'float32'), (1, 1), (0, 0, 0, 0), (1, 1), 'NCHW', 'NCHW', 'float32')
tile_ic, [-1, 1], [-1, 2], [-1, 4], [-1, 8], [-1, 16], [-1, 32], [-1, 64], [-1, 128]
tile_oc, [-1, 1], [-1, 2], [-1, 4], [-1, 8], [-1, 16], [-1, 32], [-1, 64], [-1, 128]
tile_ow, [-1, 32], [-1, 1], [-1, 2], [-1, 4], [-1, 7], [-1, 8], [-1, 14], [-1, 16], [-1, 56], [-1, 28]
tile_oh, 1, 2
Time tuning gridsearch: 0.4462, 0.0800, 456.03
----------------------------------------
Layer: 7
----------------------------------------
(('TENSOR', (1, 128, 56, 56), 'float32'), ('TENSOR', (128, 1, 3, 3), 'float32'), (2, 2), (1, 1, 1, 1), (1, 1), 'NCHW', 'NCHW', 'float32')
tile_ic, [-1, 1], [-1, 2], [-1, 4], [-1, 8], [-1, 16], [-1, 32], [-1, 64], [-1, 128]
tile_oc, [-1, 1], [-1, 2], [-1, 4], [-1, 8], [-1, 16], [-1, 32], [-1, 64], [-1, 128]
tile_ow, [-1, 1], [-1, 2], [-1, 4], [-1, 7], [-1, 14], [-1, 28]
unroll_kw, True, False
Time tuning gridsearch: 0.0449, 0.0005, 291.46
----------------------------------------
Layer: 8
----------------------------------------
(('TENSOR', (1, 128, 28, 28), 'float32'), ('TENSOR', (256, 128, 1, 1), 'float32'), (1, 1), (0, 0, 0, 0), (1, 1), 'NCHW', 'NCHW', 'float32')
tile_ic, [-1, 1], [-1, 2], [-1, 4], [-1, 8], [-1, 16], [-1, 32], [-1, 64], [-1, 128]
tile_oc, [-1, 1], [-1, 2], [-1, 4], [-1, 8], [-1, 16], [-1, 32], [-1, 64], [-1, 128], [-1, 256]
tile_ow, [-1, 1], [-1, 2], [-1, 4], [-1, 7], [-1, 8], [-1, 14], [-1, 16], [-1, 28]
tile_oh, 1, 2
Time tuning gridsearch: 0.1929, 0.0050, 440.92
----------------------------------------
Layer: 9
----------------------------------------
(('TENSOR', (1, 256, 28, 28), 'float32'), ('TENSOR', (256, 1, 3, 3), 'float32'), (1, 1), (1, 1, 1, 1), (1, 1), 'NCHW', 'NCHW', 'float32')
tile_ic, [-1, 1], [-1, 2], [-1, 4], [-1, 8], [-1, 16], [-1, 32], [-1, 64], [-1, 128], [-1, 256]
tile_oc, [-1, 1], [-1, 2], [-1, 4], [-1, 8], [-1, 16], [-1, 32], [-1, 64], [-1, 128], [-1, 256]
tile_ow, [-1, 1], [-1, 2], [-1, 4], [-1, 7], [-1, 14], [-1, 28]
unroll_kw, True, False
Time tuning gridsearch: 0.0463, 0.0002, 487.72
----------------------------------------
Layer: 10
----------------------------------------
(('TENSOR', (1, 256, 28, 28), 'float32'), ('TENSOR', (256, 256, 1, 1), 'float32'), (1, 1), (0, 0, 0, 0), (1, 1), 'NCHW', 'NCHW', 'float32')
tile_ic, [-1, 1], [-1, 2], [-1, 4], [-1, 8], [-1, 16], [-1, 32], [-1, 64], [-1, 128], [-1, 256]
tile_oc, [-1, 1], [-1, 2], [-1, 4], [-1, 8], [-1, 16], [-1, 32], [-1, 64], [-1, 128], [-1, 256]
tile_ow, [-1, 1], [-1, 2], [-1, 4], [-1, 7], [-1, 8], [-1, 14], [-1, 16], [-1, 28]
tile_oh, 1, 2
Time tuning gridsearch: 0.4738, 0.0939, 524.30
----------------------------------------
Layer: 11
----------------------------------------
(('TENSOR', (1, 256, 28, 28), 'float32'), ('TENSOR', (256, 1, 3, 3), 'float32'), (2, 2), (1, 1, 1, 1), (1, 1), 'NCHW', 'NCHW', 'float32')
tile_ic, [-1, 1], [-1, 2], [-1, 4], [-1, 8], [-1, 16], [-1, 32], [-1, 64], [-1, 128], [-1, 256]
tile_oc, [-1, 1], [-1, 2], [-1, 4], [-1, 8], [-1, 16], [-1, 32], [-1, 64], [-1, 128], [-1, 256]
tile_ow, [-1, 1], [-1, 2], [-1, 7], [-1, 14]
unroll_kw, True, False
Time tuning gridsearch: 0.0210, 0.0003, 319.79
----------------------------------------
Layer: 12
----------------------------------------
(('TENSOR', (1, 256, 14, 14), 'float32'), ('TENSOR', (512, 256, 1, 1), 'float32'), (1, 1), (0, 0, 0, 0), (1, 1), 'NCHW', 'NCHW', 'float32')
tile_ic, [-1, 1], [-1, 2], [-1, 4], [-1, 8], [-1, 16], [-1, 32], [-1, 64], [-1, 128], [-1, 256]
tile_oc, [-1, 1], [-1, 2], [-1, 4], [-1, 8], [-1, 16], [-1, 32], [-1, 64], [-1, 128], [-1, 256], [-1, 512]
tile_ow, [-1, 1], [-1, 2], [-1, 4], [-1, 7], [-1, 8], [-1, 14]
tile_oh, 1, 2
Time tuning gridsearch: 0.2265, 0.0124, 442.79
----------------------------------------
Layer: 13
----------------------------------------
(('TENSOR', (1, 512, 14, 14), 'float32'), ('TENSOR', (512, 1, 3, 3), 'float32'), (1, 1), (1, 1, 1, 1), (1, 1), 'NCHW', 'NCHW', 'float32')
tile_ic, [-1, 1], [-1, 2], [-1, 4], [-1, 8], [-1, 16], [-1, 32], [-1, 64], [-1, 128], [-1, 256], [-1, 512]
tile_oc, [-1, 1], [-1, 2], [-1, 4], [-1, 8], [-1, 16], [-1, 32], [-1, 64], [-1, 128], [-1, 256], [-1, 512]
tile_ow, [-1, 1], [-1, 2], [-1, 7], [-1, 14]
unroll_kw, True, False
Time tuning gridsearch: 0.0246, 0.0002, 410.44
----------------------------------------
Layer: 14
----------------------------------------
(('TENSOR', (1, 512, 14, 14), 'float32'), ('TENSOR', (512, 512, 1, 1), 'float32'), (1, 1), (0, 0, 0, 0), (1, 1), 'NCHW', 'NCHW', 'float32')
tile_ic, [-1, 1], [-1, 2], [-1, 4], [-1, 8], [-1, 16], [-1, 32], [-1, 64], [-1, 128], [-1, 256], [-1, 512]
tile_oc, [-1, 1], [-1, 2], [-1, 4], [-1, 8], [-1, 16], [-1, 32], [-1, 64], [-1, 128], [-1, 256], [-1, 512]
tile_ow, [-1, 1], [-1, 2], [-1, 4], [-1, 7], [-1, 8], [-1, 14]
tile_oh, 1, 2
Time tuning gridsearch: 0.4413, 0.0295, 493.14
----------------------------------------
Layer: 15
----------------------------------------
(('TENSOR', (1, 512, 14, 14), 'float32'), ('TENSOR', (512, 1, 3, 3), 'float32'), (2, 2), (1, 1, 1, 1), (1, 1), 'NCHW', 'NCHW', 'float32')
tile_ic, [-1, 1], [-1, 2], [-1, 4], [-1, 8], [-1, 16], [-1, 32], [-1, 64], [-1, 128], [-1, 256], [-1, 512]
tile_oc, [-1, 1], [-1, 2], [-1, 4], [-1, 8], [-1, 16], [-1, 32], [-1, 64], [-1, 128], [-1, 256], [-1, 512]
tile_ow, [-1, 1], [-1, 7]
unroll_kw, True, False
Time tuning gridsearch: 0.0162, 0.0002, 203.82
----------------------------------------
Layer: 16
----------------------------------------
(('TENSOR', (1, 512, 7, 7), 'float32'), ('TENSOR', (1024, 512, 1, 1), 'float32'), (1, 1), (0, 0, 0, 0), (1, 1), 'NCHW', 'NCHW', 'float32')
tile_ic, [-1, 1], [-1, 2], [-1, 4], [-1, 8], [-1, 16], [-1, 32], [-1, 64], [-1, 128], [-1, 256], [-1, 512]
tile_oc, [-1, 1], [-1, 2], [-1, 4], [-1, 8], [-1, 16], [-1, 32], [-1, 64], [-1, 128], [-1, 256], [-1, 512], [-1, 1024]
tile_ow, [-1, 1], [-1, 2], [-1, 4], [-1, 7]
tile_oh, 1, 2
Time tuning gridsearch: 0.2757, 0.0238, 363.36
----------------------------------------
Layer: 17
----------------------------------------
(('TENSOR', (1, 1024, 7, 7), 'float32'), ('TENSOR', (1024, 1, 3, 3), 'float32'), (1, 1), (1, 1, 1, 1), (1, 1), 'NCHW', 'NCHW', 'float32')
tile_ic, [-1, 1], [-1, 2], [-1, 4], [-1, 8], [-1, 16], [-1, 32], [-1, 64], [-1, 128], [-1, 256], [-1, 512], [-1, 1024]
tile_oc, [-1, 1], [-1, 2], [-1, 4], [-1, 8], [-1, 16], [-1, 32], [-1, 64], [-1, 128], [-1, 256], [-1, 512], [-1, 1024]
tile_ow, [-1, 1], [-1, 7]
unroll_kw, True, False
Time tuning gridsearch: 0.0162, 0.0017, 248.97
----------------------------------------
Layer: 18
----------------------------------------
(('TENSOR', (1, 1024, 7, 7), 'float32'), ('TENSOR', (1024, 1024, 1, 1), 'float32'), (1, 1), (0, 0, 0, 0), (1, 1), 'NCHW', 'NCHW', 'float32')
tile_ic, [-1, 1], [-1, 2], [-1, 4], [-1, 8], [-1, 16], [-1, 32], [-1, 64], [-1, 128], [-1, 256], [-1, 512], [-1, 1024]
tile_oc, [-1, 1], [-1, 2], [-1, 4], [-1, 8], [-1, 16], [-1, 32], [-1, 64], [-1, 128], [-1, 256], [-1, 512], [-1, 1024]
tile_ow, [-1, 1], [-1, 2], [-1, 4], [-1, 7]
tile_oh, 1, 2
Time tuning gridsearch: 0.6601, 0.0665, 408.36
Execution time summary:
 mean (ms)   median (ms)    max (ms)     min (ms)     std (ms)  
  12.1606      11.5200      15.0559      10.3895       1.7698   
               
