Time partial tuning: 0.1382, 0.0001, 430.23
Time partial tuning: 0.0289, 0.0000, 516.69
Time partial tuning: 0.2020, 0.0000, 426.98
Time partial tuning: 0.0313, 0.0000, 578.42
Time partial tuning: 0.1501, 0.0000, 451.23
Time partial tuning: 0.0962, 0.0000, 478.06
Time partial tuning: 0.0608, 0.0000, 495.24
Time partial tuning: 0.3052, 0.0000, 417.77
Time partial tuning: 0.0402, 0.0001, 481.99
Time partial tuning: 0.5585, 0.0016, 390.85
Time partial tuning: 0.2673, 0.0000, 424.90
Time partial tuning: 0.1107, 0.0000, 458.89
Time partial tuning: 0.0762, 0.0001, 493.21
Time partial tuning: 0.4525, 0.0000, 420.75
Time partial tuning: 0.0429, 0.0001, 517.55
Time partial tuning: 0.5538, 0.0005, 380.70
Time partial tuning: 0.2702, 0.0002, 388.26
Time partial tuning: 0.1269, 0.0000, 458.31
Time partial tuning: 0.0928, 0.0000, 491.27
Time partial tuning: 0.7609, 0.0000, 545.83
Time partial tuning: 0.0896, 0.0000, 485.26
Time partial tuning: 0.2589, 0.0000, 424.71
Time partial tuning: 0.1193, 0.0000, 411.04
Time partial tuning: 0.1677, 0.0000, 496.13
Time search: 11064.26
gridsearch with opt
Execution time summary:
 mean (ms)   median (ms)    max (ms)     min (ms)     std (ms)  
   8.0191       7.9872       8.6235       7.9857       0.1386   
               
without opt
Execution time summary:
 mean (ms)   median (ms)    max (ms)     min (ms)     std (ms)  
   2.0305       2.0112       2.2783       2.0107       0.0574   
               
