With opt
Time partial tuning: 2.8127, 0.0012, 120.44, 104, 308
Time partial tuning: 0.3196, 0.0000, 230.88, 192, 980
Time partial tuning: 2.7299, 0.0002, 156.65, 168, 980
Time partial tuning: 1.2628, 0.0002, 219.15, 193, 1260
Time partial tuning: 1.2879, 0.0001, 227.20, 194, 1260
Time partial tuning: 0.6430, 0.0001, 381.03, 316, 1152
Time partial tuning: 2.6946, 0.0002, 183.17, 182, 1024
Time partial tuning: 2.5693, 0.0006, 353.06, 279, 1440
Time partial tuning: 1.3221, 0.0002, 150.06, 123, 1280
Time partial tuning: 1.2929, 0.0005, 418.56, 374, 1280
Time partial tuning: 0.6413, 0.0000, 316.29, 270, 1080
Time partial tuning: 2.6769, 0.0001, 289.52, 295, 972
Time partial tuning: 2.5596, 0.0004, 321.36, 280, 1320
Time partial tuning: 1.3215, 0.0003, 297.22, 251, 1188
Time partial tuning: 1.3161, 0.0004, 296.81, 274, 1188
Time partial tuning: 0.6669, 0.0000, 385.94, 325, 880
Time partial tuning: 2.8466, 0.0003, 199.76, 176, 800
Time partial tuning: 2.7055, 0.0016, 362.12, 291, 1056
Time partial tuning: 1.3321, 0.0003, 341.79, 261, 960
Time partial tuning: 1.3249, 0.0002, 376.87, 315, 960
Time search: 5627.88, 4863, 21368
Execution time summary:
 mean (ms)   median (ms)    max (ms)     min (ms)     std (ms)  
  100.7609     100.7718     101.0916     100.4630      0.1232   
               
without opt
Execution time summary:
 mean (ms)   median (ms)    max (ms)     min (ms)     std (ms)  
  163.6966     163.6790     163.9149     163.4950      0.0928   
               
