Downloading /home/canesche/.mxnet/models/resnet50_v1-0aee57f9.zip50185881-4682-4824-8ec0-ca76caeea88d from https://apache-mxnet.s3-accelerate.dualstack.amazonaws.com/gluon/models/resnet50_v1-0aee57f9.zip...
With opt
Time partial tuning: 0.1218, 0.0000, 402.52, 296
Time partial tuning: 0.0217, 0.0000, 234.06, 193
Time partial tuning: 0.1749, 0.0000, 292.27, 194
Time partial tuning: 0.0795, 0.0000, 276.14, 192
Time partial tuning: 0.0758, 0.0000, 401.45, 347
Time partial tuning: 0.0740, 0.0003, 226.23, 193
Time partial tuning: 0.0786, 0.0000, 327.33, 277
Time partial tuning: 0.1448, 0.0000, 402.94, 327
Time partial tuning: 0.0956, 0.0000, 291.14, 225
Time partial tuning: 0.2283, 0.0001, 500.21, 406
Time partial tuning: 0.0799, 0.0000, 566.16, 416
Time partial tuning: 0.0829, 0.0000, 372.52, 298
Time partial tuning: 0.0868, 0.0000, 248.34, 213
Time partial tuning: 0.2354, 0.0002, 392.76, 327
Time partial tuning: 0.1327, 0.0000, 180.15, 145
Time partial tuning: 0.2303, 0.0000, 409.14, 379
Time partial tuning: 0.0929, 0.0001, 491.62, 416
Time partial tuning: 0.1331, 0.0000, 313.23, 255
Time partial tuning: 0.1757, 0.0000, 269.04, 237
Time partial tuning: 0.2773, 0.0000, 370.00, 285
Time partial tuning: 0.1213, 0.0000, 490.77, 365
Time partial tuning: 0.5509, 0.0001, 242.47, 259
Time partial tuning: 0.1784, 0.0000, 351.41, 321
Time partial tuning: 0.2446, 0.0000, 215.48, 205
Time search: 8267.38, 6771
Execution time summary:
 mean (ms)   median (ms)    max (ms)     min (ms)     std (ms)  
   6.7885       6.7721       7.1173       6.7530       0.0758   
               
without opt
Execution time summary:
 mean (ms)   median (ms)    max (ms)     min (ms)     std (ms)  
  10.7388      10.5983      13.4115      10.5876       0.6132   
               
