With opt
Time partial tuning: 0.4751, 0.0001, 23.61, 16
Time partial tuning: 4.9798, 0.0003, 41.15, 39
Time partial tuning: 9.9670, 0.0069, 41.03, 38
Time partial tuning: 0.8208, 0.0001, 39.46, 32
Time partial tuning: 21.7948, 0.0332, 76.17, 62
Time partial tuning: 0.3932, 0.0001, 58.44, 49
Time partial tuning: 0.2976, 0.0000, 77.93, 63
Time partial tuning: 2.2486, 0.0004, 37.34, 33
Time partial tuning: 1.6822, 0.0003, 51.15, 49
Time partial tuning: 2.5007, 0.0003, 61.25, 62
Time partial tuning: 0.2003, 0.0000, 56.76, 48
Time partial tuning: 0.8300, 0.0001, 38.32, 31
Time partial tuning: 0.6221, 0.0000, 56.51, 46
Time partial tuning: 0.5931, 0.0002, 74.03, 63
Time partial tuning: 0.5001, 0.0000, 95.34, 80
Time partial tuning: 8.7670, 0.0010, 88.10, 80
Time partial tuning: 0.7527, 0.0002, 66.49, 54
Time partial tuning: 1.1034, 0.0002, 84.11, 75
Time partial tuning: 0.7278, 0.0002, 74.03, 62
Time partial tuning: 0.8369, 0.0001, 29.20, 25
Time partial tuning: 1.7587, 0.0004, 53.98, 48
Time partial tuning: 1.1787, 0.0003, 25.65, 24
Time partial tuning: 1.1765, 0.0002, 60.48, 55
Time partial tuning: 0.9659, 0.0000, 71.12, 63
Time partial tuning: 1.3252, 0.0004, 52.08, 48
Time partial tuning: 2.2060, 0.0009, 61.03, 56
Time partial tuning: 1.8640, 0.0000, 53.18, 48
Time partial tuning: 1.4477, 0.0002, 61.41, 54
Time partial tuning: 1.7545, 0.0010, 54.61, 51
Time partial tuning: 2.5801, 0.0003, 60.33, 57
Time partial tuning: 1.0223, 0.0001, 55.66, 48
Time partial tuning: 0.5200, 0.0000, 53.24, 48
Time partial tuning: 0.6604, 0.0001, 87.03, 79
Time partial tuning: 0.7923, 0.0001, 87.55, 79
Time partial tuning: 0.6599, 0.0000, 59.45, 49
Time partial tuning: 0.7150, 0.0002, 59.82, 49
Time partial tuning: 0.9256, 0.0002, 92.56, 79
Time partial tuning: 2.3298, 0.0000, 55.15, 48
Time partial tuning: 0.3979, 0.0000, 86.81, 79
Time partial tuning: 1.0600, 0.0003, 69.21, 63
Time partial tuning: 1.2724, 0.0005, 77.02, 72
Time partial tuning: 1.4861, 0.0003, 72.05, 63
Time partial tuning: 0.6377, 0.0000, 68.80, 63
Time search: 2648.64, 2330
Execution time summary:
 mean (ms)   median (ms)    max (ms)     min (ms)     std (ms)  
  179.3483     179.3519     179.5703     179.1591      0.1266   
               
without opt
Execution time summary:
 mean (ms)   median (ms)    max (ms)     min (ms)     std (ms)  
  248.4512     248.4133     249.2526     248.2467      0.1995   
               
