Time partial tuning: 10.4671, 0.1608, 251.57
Time partial tuning: 8.1124, 0.2097, 207.71
Time partial tuning: 77.4230, 2.0147, 307.29
Time partial tuning: 62.5046, 1.2658, 225.45
Time partial tuning: 9999000.0000, 0.0000, 238.42
Time partial tuning: 151.6492, 3.2052, 431.77
Time partial tuning: 116.4509, 1.4445, 381.86
Time partial tuning: 9999000.0000, 0.0000, 243.87
Time partial tuning: 12.8290, 0.1887, 224.11
Time partial tuning: 11.2186, 0.2201, 258.65
Time partial tuning: 262.1933, 0.8508, 558.17
Time partial tuning: 202.8075, 1.3750, 533.09
Time partial tuning: 9999000.0000, 0.0000, 243.63
Time partial tuning: 7.9479, 1.2535, 230.73
Time partial tuning: 6.4328, 0.0861, 252.70
Time partial tuning: 4.8677, 0.0815, 235.72
Time partial tuning: 5.1768, 0.0512, 252.94
Time partial tuning: 36.0973, 0.2769, 263.85
Time partial tuning: 31.3515, 2.2064, 210.20
Time partial tuning: 26.2066, 0.6531, 248.29
Time partial tuning: 24.0628, 0.1307, 202.37
Time partial tuning: 9999000.0000, 0.0000, 237.10
Time partial tuning: 41.1575, 1.4117, 267.37
Time partial tuning: 35.0066, 0.6887, 222.31
Time partial tuning: 9999000.0000, 0.0000, 239.01
Time partial tuning: 3.4262, 0.1251, 233.36
Time partial tuning: 3.8503, 0.0705, 237.20
Time partial tuning: 10.1547, 1.0596, 222.48
Time partial tuning: 8.7314, 0.1089, 236.89
Time partial tuning: 6.6620, 0.0830, 236.74
Time partial tuning: 6.5354, 0.0415, 251.75
Time partial tuning: 10.5243, 0.2842, 215.39
Time partial tuning: 9.4238, 0.1690, 244.40
Time partial tuning: 7.8575, 0.0214, 203.72
Time partial tuning: 7.3155, 0.0173, 245.60
Time partial tuning: 121.4654, 4.4819, 357.25
Time partial tuning: 104.4759, 1.4011, 344.62
Time partial tuning: 9.6767, 0.1375, 240.89
Time partial tuning: 9.1794, 0.1795, 191.82
Time partial tuning: 16.4764, 0.2938, 259.11
Time partial tuning: 16.0357, 0.0974, 239.36
Time partial tuning: 11.6756, 0.2321, 210.57
Time partial tuning: 12.0503, 0.1387, 220.04
Time partial tuning: 13.9285, 0.2207, 243.91
Time partial tuning: 12.7464, 1.4314, 221.83
Time partial tuning: 20.1309, 0.4936, 252.27
Time partial tuning: 20.2655, 0.3563, 258.79
Time partial tuning: 13.6711, 0.2238, 256.06
Time partial tuning: 14.6441, 0.6243, 239.69
Time partial tuning: 19.1366, 1.2531, 247.44
Time partial tuning: 18.5130, 0.2937, 240.69
Time partial tuning: 15.9271, 0.0551, 217.56
Time partial tuning: 13.2436, 0.2453, 224.56
Time partial tuning: 22.8737, 0.5906, 254.84
Time partial tuning: 19.3725, 0.4407, 241.35
Time partial tuning: 24.9964, 0.2423, 232.11
Time partial tuning: 24.8398, 1.4161, 255.33
Time partial tuning: 20.4178, 0.3929, 245.41
Time partial tuning: 20.8728, 1.8158, 247.66
Time partial tuning: 25.4023, 0.0402, 238.05
Time partial tuning: 24.0399, 0.1940, 230.77
Time partial tuning: 29.8274, 1.1769, 231.63
Time partial tuning: 27.0723, 0.5760, 259.80
Time partial tuning: 28.4446, 0.2116, 240.04
Time partial tuning: 28.2028, 2.8175, 257.89
Time partial tuning: 14.9271, 0.2921, 242.35
Time partial tuning: 13.0017, 1.2256, 225.76
Time partial tuning: 9.6439, 0.1307, 222.82
Time partial tuning: 8.7060, 0.1879, 182.50
Time partial tuning: 11.9632, 0.2828, 216.60
Time partial tuning: 10.6484, 0.2409, 236.32
Time partial tuning: 14.2717, 0.3425, 222.56
Time partial tuning: 12.9408, 0.1383, 228.59
Time partial tuning: 11.4881, 0.0558, 227.08
Time partial tuning: 12.0697, 1.1537, 244.22
Time partial tuning: 10.5743, 0.1633, 241.15
Time partial tuning: 11.8442, 0.2612, 250.33
Time partial tuning: 15.9788, 0.3366, 207.26
Time partial tuning: 14.6585, 1.4192, 240.50
Time partial tuning: 37.1115, 2.4440, 272.12
Time partial tuning: 34.1691, 0.1701, 261.28
Time partial tuning: 9999000.0000, 0.0000, 243.02
Time partial tuning: 7.6334, 0.0804, 231.73
Time partial tuning: 7.1539, 0.1293, 220.74
Time partial tuning: 18.3477, 0.4014, 231.64
Time partial tuning: 17.8412, 0.8695, 228.55
Time partial tuning: 21.6392, 0.2122, 218.68
Time partial tuning: 20.4250, 0.2409, 243.17
Time partial tuning: 24.7719, 0.6820, 229.82
Time partial tuning: 22.9304, 0.4685, 247.79
Time partial tuning: 11.4695, 0.1144, 201.41
Time partial tuning: 10.6200, 0.1336, 212.07
Time search: 22927.16
ga with opt
Execution time summary:
 mean (ms)   median (ms)    max (ms)     min (ms)     std (ms)  
 2582.3275    2590.0297    2595.8840    2533.3653     16.4399   
               
without opt
Execution time summary:
 mean (ms)   median (ms)    max (ms)     min (ms)     std (ms)  
 3409.1782    3413.2786    3424.7391    3337.2797     18.6350   
               
