Time partial tuning: 0.0259, 0.0001, 666.72, 555
Time partial tuning: 0.0974, 0.0000, 824.50, 555
Time partial tuning: 0.4137, 0.0011, 620.59, 555
Time partial tuning: 0.1852, 0.0000, 589.27, 555
Time partial tuning: 0.1286, 0.0004, 750.75, 555
Time partial tuning: 0.0899, 0.0001, 697.69, 555
Time partial tuning: 0.2403, 0.0007, 774.34, 555
Time partial tuning: 0.1340, 0.0000, 710.58, 555
Time partial tuning: 0.1514, 0.0005, 760.13, 555
Time partial tuning: 0.0659, 0.0000, 645.35, 452
Time partial tuning: 0.3292, 0.0009, 799.73, 555
Time partial tuning: 0.1249, 0.0002, 640.92, 471
Time partial tuning: 0.1770, 0.0000, 669.01, 555
Time partial tuning: 0.0848, 0.0000, 616.04, 529
Time partial tuning: 0.3611, 0.0012, 662.36, 517
Time partial tuning: 0.1579, 0.0000, 744.52, 539
Time partial tuning: 0.1726, 0.0001, 544.11, 468
Time partial tuning: 0.0565, 0.0000, 595.92, 421
Time search: 12312.54, 9502
droplet with opt
Execution time summary:
 mean (ms)   median (ms)    max (ms)     min (ms)     std (ms)  
   1.9776       1.9728       2.0529       1.9681       0.0182   
               
without opt
Execution time summary:
 mean (ms)   median (ms)    max (ms)     min (ms)     std (ms)  
   2.4021       2.3951       2.5130       2.3916       0.0259   
               
