With opt
Time partial tuning: 2.8019, 0.0001, 118.88, 104, 308
Time partial tuning: 2.7268, 0.0002, 158.34, 168, 980
Time partial tuning: 0.3216, 0.0000, 161.51, 134, 980
Time partial tuning: 1.4398, 0.0003, 202.03, 184, 896
Time partial tuning: 0.1758, 0.0000, 186.34, 154, 896
Time partial tuning: 2.7129, 0.0002, 182.54, 184, 1024
Time partial tuning: 1.4167, 0.0004, 231.53, 212, 864
Time partial tuning: 0.1690, 0.0000, 239.29, 199, 864
Time partial tuning: 2.6776, 0.0001, 291.15, 295, 972
Time partial tuning: 1.4064, 0.0003, 292.95, 236, 720
Time partial tuning: 0.1645, 0.0001, 293.92, 240, 720
Time partial tuning: 2.8428, 0.0006, 200.07, 176, 800
Time search: 2558.54, 2286, 10024
Execution time summary:
 mean (ms)   median (ms)    max (ms)     min (ms)     std (ms)  
  45.9606      45.9823      46.1387      45.6802       0.0878   
               
without opt
Execution time summary:
 mean (ms)   median (ms)    max (ms)     min (ms)     std (ms)  
  71.2712      71.2584      71.3996      71.0581       0.0676   
               
