Time partial tuning: 4.8236, 0.1809, 132.96, 78
Time partial tuning: 5.6985, 0.1100, 59.96, 29
Time partial tuning: 4.4952, 0.2022, 83.14, 65
Time partial tuning: 3.4934, 0.3028, 32.89, 21
Time partial tuning: 10.2561, 0.3343, 150.36, 114
Time partial tuning: 12.7852, 1.4503, 71.21, 33
Time partial tuning: 3.7021, 0.1279, 89.74, 57
Time partial tuning: 3.7842, 0.0223, 34.39, 21
Time partial tuning: 12.1840, 0.0385, 79.82, 68
Time partial tuning: 10.5094, 0.0276, 67.95, 33
Time partial tuning: 4.8126, 0.0484, 65.24, 50
Time partial tuning: 3.4575, 0.1917, 35.10, 23
Time partial tuning: 20.5302, 0.1471, 109.79, 85
Time partial tuning: 18.6950, 0.2094, 82.04, 47
Time partial tuning: 1.9375, 0.1124, 67.44, 40
Time partial tuning: 2.1800, 0.5220, 29.18, 19
Time partial tuning: 11.0216, 0.5677, 66.48, 56
Time partial tuning: 9.7131, 0.1587, 45.86, 30
Time partial tuning: 1.1545, 0.0061, 78.52, 48
Time partial tuning: 1.4595, 0.5473, 44.78, 24
Time partial tuning: 21.4641, 1.0196, 72.60, 58
Time partial tuning: 19.2232, 0.5225, 55.72, 33
Time partial tuning: 0.3315, 0.0007, 62.59, 37
Time partial tuning: 0.6095, 0.0027, 38.70, 19
Time partial tuning: 10.8403, 0.2101, 118.85, 82
Time partial tuning: 9.0186, 0.4006, 45.58, 28
Time partial tuning: 0.4625, 0.0024, 55.98, 35
Time partial tuning: 0.4924, 0.0005, 54.14, 27
Time partial tuning: 20.8782, 0.5477, 95.59, 72
Time partial tuning: 18.7296, 0.2470, 47.35, 33
Time partial tuning: 0.1629, 0.0005, 52.38, 31
Time partial tuning: 0.1769, 0.0021, 43.60, 21
Time partial tuning: 11.6150, 1.3808, 52.88, 41
Time partial tuning: 8.4935, 0.0650, 64.05, 34
Time partial tuning: 0.2070, 0.0003, 62.42, 36
Time partial tuning: 0.2122, 0.0050, 43.65, 23
Time partial tuning: 21.2516, 0.2840, 82.76, 54
Time partial tuning: 18.8098, 0.1028, 48.29, 30
Time search: 2523.99, 1635
droplet with opt
Execution time summary:
 mean (ms)   median (ms)    max (ms)     min (ms)     std (ms)  
  293.6804     293.8736     298.6370     290.0199      7.1204   
               
without opt
Execution time summary:
 mean (ms)   median (ms)    max (ms)     min (ms)     std (ms)  
  342.5761     345.1352     352.9193     318.7743      7.4536   
               
