Time partial tuning: 0.1608, 0.0000, 589.87
Time partial tuning: 0.1464, 0.0000, 621.85
Time partial tuning: 0.3077, 0.0001, 558.55
Time partial tuning: 0.1031, 0.0000, 637.73
Time partial tuning: 0.3563, 0.0014, 536.87
Time partial tuning: 0.1383, 0.0000, 644.48
Time partial tuning: 0.6572, 0.0006, 535.66
Time partial tuning: 0.0524, 0.0000, 685.30
Time partial tuning: 0.4802, 0.0000, 531.81
Time partial tuning: 0.0714, 0.0000, 650.07
Time partial tuning: 0.9412, 0.0000, 538.36
Time partial tuning: 0.0222, 0.0000, 634.34
Time partial tuning: 0.3763, 0.0003, 534.28
Time partial tuning: 0.0323, 0.0000, 650.78
Time partial tuning: 0.7445, 0.0000, 550.14
Time partial tuning: 0.0085, 0.0000, 532.03
Time partial tuning: 0.3717, 0.0001, 612.53
Time partial tuning: 0.0182, 0.0000, 500.96
Time partial tuning: 0.7325, 0.0000, 653.26
Time search: 11198.88
gridsearch with opt
Execution time summary:
 mean (ms)   median (ms)    max (ms)     min (ms)     std (ms)  
   9.0339       8.8979      11.4328       8.8945       0.5517   
               
without opt
Execution time summary:
 mean (ms)   median (ms)    max (ms)     min (ms)     std (ms)  
   1.9783       1.9517       2.4600       1.9506       0.1107   
               
