Time partial tuning: 2.8015, 0.0005, 326.09
Time partial tuning: 0.3194, 0.0001, 589.46
Time partial tuning: 2.7259, 0.0001, 489.11
Time partial tuning: 1.2621, 0.0003, 577.11
Time partial tuning: 1.2862, 0.0004, 549.13
Time partial tuning: 0.6433, 0.0001, 592.23
Time partial tuning: 2.6943, 0.0002, 496.52
Time partial tuning: 2.5696, 0.0005, 603.93
Time partial tuning: 1.2431, 0.0004, 566.48
Time partial tuning: 1.2918, 0.0001, 542.79
Time partial tuning: 0.6406, 0.0001, 582.18
Time partial tuning: 2.6787, 0.0009, 511.62
Time partial tuning: 2.5592, 0.0001, 590.26
Time partial tuning: 1.2714, 0.0002, 607.63
Time partial tuning: 1.2728, 0.0000, 536.42
Time partial tuning: 0.6663, 0.0000, 594.15
Time partial tuning: 2.8418, 0.0009, 590.93
Time partial tuning: 2.7241, 0.0005, 609.90
Time partial tuning: 1.3120, 0.0001, 666.33
Time partial tuning: 1.3252, 0.0005, 593.32
Time search: 11215.61
without opt
Execution time summary:
 mean (ms)   median (ms)    max (ms)     min (ms)     std (ms)  
  164.2239     164.0657     164.7205     163.8267      0.2972   
               
gridsearch with opt
Execution time summary:
 mean (ms)   median (ms)    max (ms)     min (ms)     std (ms)  
  99.9761      99.9591      100.1944     99.7104       0.0898   
               
