Time partial tuning: 0.1038, 0.0000, 311.59
Time partial tuning: 0.0481, 0.0000, 648.73
Time partial tuning: 0.1814, 0.0001, 673.89
Time partial tuning: 0.0385, 0.0000, 742.56
Time partial tuning: 0.1813, 0.0001, 666.76
Time partial tuning: 0.0424, 0.0000, 811.52
Time partial tuning: 0.3542, 0.0014, 675.50
Time partial tuning: 0.0201, 0.0002, 750.12
Time partial tuning: 0.1776, 0.0001, 694.84
Time partial tuning: 0.0231, 0.0000, 827.42
Time partial tuning: 0.3525, 0.0014, 699.13
Time partial tuning: 0.0127, 0.0001, 813.80
Time partial tuning: 0.1784, 0.0001, 714.50
Time partial tuning: 0.0140, 0.0000, 865.81
Time partial tuning: 0.3528, 0.0002, 710.29
Time partial tuning: 0.0098, 0.0000, 576.61
Time partial tuning: 0.1771, 0.0000, 725.95
Time partial tuning: 0.0110, 0.0000, 731.62
Time partial tuning: 0.3599, 0.0003, 725.76
Time search: 13366.40
without opt
Execution time summary:
 mean (ms)   median (ms)    max (ms)     min (ms)     std (ms)  
  15.2382      15.1280      15.5309      15.0479       0.1789   
               
random with opt
Execution time summary:
 mean (ms)   median (ms)    max (ms)     min (ms)     std (ms)  
   6.6350       6.5769       6.8775       6.5418       0.1030   
               
