Time partial tuning: 0.1756, 0.0000, 862.11
Time partial tuning: 0.1259, 0.0001, 826.92
Time partial tuning: 0.0829, 0.0000, 955.68
Time partial tuning: 0.0222, 0.0000, 846.66
Time partial tuning: 0.0953, 0.0000, 777.53
Time partial tuning: 0.0174, 0.0000, 806.80
Time partial tuning: 0.1474, 0.0000, 783.88
Time partial tuning: 0.0861, 0.0000, 828.75
Time partial tuning: 0.1442, 0.0000, 800.15
Time partial tuning: 0.0216, 0.0000, 835.47
Time partial tuning: 0.2455, 0.0000, 770.46
Time partial tuning: 0.0938, 0.0000, 799.39
Time partial tuning: 0.2554, 0.0001, 744.28
Time partial tuning: 0.0475, 0.0000, 838.07
Time partial tuning: 0.3248, 0.0002, 770.72
Time partial tuning: 0.1135, 0.0000, 811.56
Time search: 13058.46
ga with opt
Execution time summary:
 mean (ms)   median (ms)    max (ms)     min (ms)     std (ms)  
   2.1569       2.1342       2.5930       2.1303       0.1001   
               
without opt
Execution time summary:
 mean (ms)   median (ms)    max (ms)     min (ms)     std (ms)  
   3.9337       3.8862       4.8447       3.8808       0.2090   
               
