0
Time partial tuning: 0.8273, 0.0003, 379.66
Time partial tuning: 0.8140, 0.0000, 1091.04
Time partial tuning: 0.0917, 0.0000, 1127.32
Time partial tuning: 0.4247, 0.0001, 1059.90
Time partial tuning: 0.0478, 0.0001, 1035.57
Time partial tuning: 0.8017, 0.0011, 1137.31
Time partial tuning: 0.4256, 0.0001, 1029.04
Time partial tuning: 0.0468, 0.0000, 999.86
Time partial tuning: 0.8109, 0.0000, 1105.02
Time partial tuning: 0.4380, 0.0003, 884.52
Time partial tuning: 0.0466, 0.0000, 846.55
Time partial tuning: 0.8155, 0.0003, 948.09
Time total tuning: 11643.87
without opt
Execution time summary:
 mean (ms)   median (ms)    max (ms)     min (ms)     std (ms)  
  24.6054      24.5557      24.9187      24.4634       0.1369   
               
random with opt
Execution time summary:
 mean (ms)   median (ms)    max (ms)     min (ms)     std (ms)  
  15.6606      15.5474      16.0349      15.4856       0.1928   
               
