Time partial tuning: 8.7264, 0.0209, 128.45, 71
Time partial tuning: 8.3110, 0.0850, 38.42, 16
Time partial tuning: 76.0547, 0.8212, 153.82, 76
Time partial tuning: 54.9626, 0.9276, 73.81, 35
Time partial tuning: 9999000.0000, 0.0000, 12.26, 1
Time partial tuning: 135.6799, 0.8506, 304.78, 96
Time partial tuning: 108.7989, 1.3273, 119.42, 37
Time partial tuning: 9999000.0000, 0.0000, 12.26, 1
Time partial tuning: 11.0837, 0.6268, 59.71, 49
Time partial tuning: 11.4808, 0.1785, 73.56, 40
Time partial tuning: 246.8109, 10.8639, 376.26, 75
Time partial tuning: 180.9530, 0.4107, 226.87, 45
Time partial tuning: 9999000.0000, 0.0000, 12.38, 1
Time partial tuning: 5.2272, 0.1968, 113.14, 67
Time partial tuning: 6.6755, 0.1604, 65.70, 32
Time partial tuning: 6.5061, 0.1059, 75.27, 53
Time partial tuning: 5.0769, 0.2495, 76.12, 41
Time partial tuning: 35.1958, 0.7243, 57.31, 41
Time partial tuning: 30.9905, 1.3237, 64.79, 33
Time partial tuning: 22.8514, 0.5957, 73.47, 53
Time partial tuning: 24.8961, 0.4893, 62.14, 33
Time partial tuning: 9999000.0000, 0.0000, 12.30, 1
Time partial tuning: 40.8665, 0.7468, 81.98, 55
Time partial tuning: 38.6635, 0.8868, 65.60, 32
Time partial tuning: 9999000.0000, 0.0000, 14.82, 1
Time partial tuning: 5.1625, 0.0344, 75.83, 51
Time partial tuning: 3.3437, 0.0279, 93.62, 48
Time partial tuning: 7.6921, 0.0845, 123.83, 85
Time partial tuning: 9.2477, 1.1247, 57.67, 29
Time partial tuning: 8.1391, 0.1039, 104.13, 72
Time partial tuning: 6.7406, 0.2975, 59.12, 31
Time partial tuning: 11.0456, 0.4105, 74.23, 59
Time partial tuning: 9.5202, 0.7196, 101.22, 43
Time partial tuning: 9.3654, 0.0186, 85.24, 62
Time partial tuning: 7.5517, 0.4207, 104.40, 52
Time partial tuning: 108.3487, 3.0831, 182.46, 67
Time partial tuning: 101.8983, 4.7321, 118.59, 42
Time partial tuning: 9.2301, 0.2101, 77.18, 48
Time partial tuning: 9.4861, 0.1192, 62.84, 35
Time partial tuning: 17.1691, 0.7500, 104.60, 62
Time partial tuning: 15.8727, 1.8585, 76.37, 43
Time partial tuning: 12.3963, 0.1982, 64.96, 44
Time partial tuning: 11.0305, 0.9760, 69.49, 39
Time partial tuning: 13.1478, 0.4324, 61.98, 45
Time partial tuning: 13.2976, 0.5033, 40.55, 19
Time partial tuning: 17.6370, 0.7789, 68.18, 49
Time partial tuning: 23.5805, 0.9526, 62.78, 29
Time partial tuning: 11.8222, 0.4346, 50.39, 38
Time partial tuning: 17.6331, 0.6152, 42.37, 19
Time partial tuning: 18.5654, 0.7533, 58.52, 44
Time partial tuning: 17.8322, 0.0965, 67.34, 31
Time partial tuning: 18.2377, 0.5852, 60.01, 42
Time partial tuning: 12.8693, 0.4579, 79.20, 43
Time partial tuning: 18.8115, 0.7811, 53.76, 42
Time partial tuning: 20.5633, 0.4006, 62.65, 27
Time partial tuning: 21.7597, 0.7867, 70.46, 44
Time partial tuning: 26.0183, 0.1520, 57.88, 31
Time partial tuning: 17.7246, 0.4045, 79.01, 53
Time partial tuning: 23.9647, 0.0695, 55.60, 30
Time partial tuning: 22.6097, 0.6075, 65.52, 44
Time partial tuning: 21.6978, 0.9914, 76.29, 36
Time partial tuning: 25.5323, 0.1705, 63.42, 44
Time partial tuning: 27.2512, 0.6966, 62.26, 31
Time partial tuning: 25.1566, 0.7355, 75.10, 51
Time partial tuning: 31.6846, 0.2471, 62.92, 32
Time partial tuning: 14.8270, 1.5123, 77.83, 57
Time partial tuning: 12.2603, 0.0735, 58.96, 36
Time partial tuning: 8.9806, 0.3431, 75.96, 55
Time partial tuning: 7.6509, 0.0546, 56.82, 36
Time partial tuning: 11.0934, 0.4979, 86.99, 66
Time partial tuning: 9.9192, 0.2020, 72.34, 48
Time partial tuning: 13.1366, 0.0506, 87.83, 67
Time partial tuning: 12.6539, 0.1307, 74.36, 48
Time partial tuning: 11.2445, 0.4458, 90.36, 68
Time partial tuning: 10.7454, 0.3899, 70.92, 40
Time partial tuning: 9.6375, 0.0434, 110.41, 71
Time partial tuning: 11.6069, 0.4258, 64.12, 40
Time partial tuning: 15.6431, 0.7875, 79.39, 59
Time partial tuning: 13.8737, 0.1490, 69.72, 48
Time partial tuning: 34.0875, 0.5147, 115.24, 69
Time partial tuning: 33.4330, 0.4952, 66.77, 39
Time partial tuning: 9999000.0000, 0.0000, 14.76, 1
Time partial tuning: 7.3670, 0.2286, 102.18, 71
Time partial tuning: 6.6799, 0.2951, 63.66, 41
Time partial tuning: 19.1693, 0.7546, 83.40, 68
Time partial tuning: 15.6743, 0.4590, 64.52, 40
Time partial tuning: 22.7329, 0.8277, 82.04, 62
Time partial tuning: 20.7689, 1.7815, 65.64, 38
Time partial tuning: 24.0265, 0.7871, 99.47, 68
Time partial tuning: 21.1600, 0.1731, 74.74, 40
Time partial tuning: 10.8623, 0.1717, 92.48, 73
Time partial tuning: 9.9048, 0.0906, 61.59, 39
Time search: 7429.11, 4109
droplet with opt
Execution time summary:
 mean (ms)   median (ms)    max (ms)     min (ms)     std (ms)  
 2425.2543    2439.0881    2454.0658    2303.3867     35.1905   
               
without opt
Execution time summary:
 mean (ms)   median (ms)    max (ms)     min (ms)     std (ms)  
 3131.3985    3144.9775    3161.3934    3010.8304     35.4858   
               
