With opt
Time partial tuning: 3.8245, 0.0090, 206.10, 108, 3840
Time partial tuning: 1.0745, 0.0011, 123.30, 88, 168
Time partial tuning: 22.1152, 0.0958, 176.86, 108, 34560
Time partial tuning: 11.4872, 0.0057, 153.25, 103, 792
Time partial tuning: 16.1099, 0.0219, 270.70, 69, 400
Time partial tuning: 38.1295, 0.2125, 218.67, 108, 40320
Time partial tuning: 23.1150, 0.0340, 189.79, 108, 924
Time partial tuning: 30.5239, 0.9523, 284.06, 74, 400
Time partial tuning: 5.4319, 0.0204, 137.03, 108, 6400
Time partial tuning: 3.3166, 0.0059, 185.50, 108, 980
Time partial tuning: 91.2847, 0.0940, 376.55, 108, 8960
Time partial tuning: 42.0169, 0.0351, 257.64, 108, 1960
Time partial tuning: 40.8973, 0.0124, 402.51, 108, 6272
Time partial tuning: 2.4068, 0.0022, 145.43, 108, 17920
Time partial tuning: 1.4565, 0.0039, 174.43, 108, 1764
Time partial tuning: 1.7439, 0.0076, 147.62, 108, 25600
Time partial tuning: 1.0615, 0.0009, 189.97, 108, 2520
Time partial tuning: 8.1802, 0.0262, 191.36, 108, 17920
Time partial tuning: 5.0409, 0.0081, 163.25, 108, 1260
Time partial tuning: 6.4258, 0.0237, 144.88, 108, 30720
Time partial tuning: 3.9494, 0.0068, 174.22, 108, 1512
Time partial tuning: 3.4760, 0.0008, 391.42, 108, 1920
Time partial tuning: 10.1908, 0.1145, 170.55, 108, 30720
Time partial tuning: 6.2438, 0.0178, 176.62, 108, 2592
Time partial tuning: 4.7023, 0.0058, 390.95, 108, 3072
Time partial tuning: 1.6694, 0.0099, 154.64, 108, 15360
Time partial tuning: 0.7611, 0.0014, 190.05, 108, 1512
Time partial tuning: 3.1269, 0.0052, 137.36, 108, 17920
Time partial tuning: 1.6150, 0.0010, 174.39, 108, 1134
Time partial tuning: 2.2882, 0.0052, 136.50, 108, 25600
Time partial tuning: 1.2531, 0.0025, 179.60, 108, 1620
Time partial tuning: 3.5817, 0.0084, 133.20, 108, 17920
Time partial tuning: 2.2352, 0.0031, 169.13, 108, 2268
Time partial tuning: 2.5960, 0.0075, 135.38, 108, 25600
Time partial tuning: 1.8571, 0.0048, 180.89, 108, 3240
Time partial tuning: 31.4508, 0.1779, 193.79, 108, 10240
Time partial tuning: 21.6151, 0.1296, 222.97, 108, 3456
Time partial tuning: 2.8467, 0.0039, 168.54, 108, 7680
Time partial tuning: 1.5161, 0.0025, 149.09, 108, 1728
Time partial tuning: 6.4772, 0.0334, 132.62, 108, 8960
Time partial tuning: 4.2725, 0.0092, 168.99, 108, 3024
Time partial tuning: 3.3885, 0.0026, 135.49, 108, 5120
Time partial tuning: 2.9375, 0.0102, 170.70, 108, 1728
Time partial tuning: 2.0861, 0.0024, 170.36, 108, 5120
Time partial tuning: 1.9855, 0.0034, 137.89, 84, 768
Time partial tuning: 3.1237, 0.0072, 152.72, 108, 8960
Time partial tuning: 3.5379, 0.0057, 141.92, 108, 1344
Time partial tuning: 2.1044, 0.0044, 160.62, 108, 5120
Time partial tuning: 2.2771, 0.0024, 115.20, 84, 768
Time partial tuning: 2.9706, 0.0034, 156.64, 108, 8960
Time partial tuning: 2.5982, 0.0044, 158.65, 108, 1344
Time partial tuning: 4.4158, 0.0072, 132.99, 108, 7680
Time partial tuning: 4.0566, 0.0075, 149.11, 108, 2592
Time partial tuning: 3.1259, 0.0051, 157.52, 108, 7680
Time partial tuning: 3.1454, 0.0054, 120.13, 84, 1728
Time partial tuning: 3.9106, 0.0016, 147.85, 108, 8960
Time partial tuning: 4.4025, 0.0067, 151.12, 108, 2016
Time partial tuning: 3.2820, 0.0046, 150.01, 108, 7680
Time partial tuning: 3.9141, 0.0006, 140.56, 108, 1728
Time partial tuning: 3.8937, 0.0061, 161.66, 108, 8960
Time partial tuning: 3.1913, 0.0060, 168.61, 108, 2016
Time partial tuning: 4.6990, 0.0099, 163.60, 108, 8960
Time partial tuning: 4.1392, 0.0012, 165.64, 108, 2352
Time partial tuning: 4.7223, 0.0060, 140.38, 108, 8960
Time partial tuning: 5.2750, 0.0087, 156.48, 108, 2352
Time partial tuning: 3.9702, 0.0113, 144.66, 108, 35840
Time partial tuning: 2.7685, 0.0027, 128.36, 108, 1568
Time partial tuning: 2.3749, 0.0033, 155.86, 108, 35840
Time partial tuning: 1.6326, 0.0013, 133.78, 108, 1568
Time partial tuning: 3.6022, 0.0124, 131.28, 108, 35840
Time partial tuning: 2.9967, 0.0045, 133.58, 108, 2016
Time partial tuning: 4.2730, 0.0077, 131.33, 108, 40960
Time partial tuning: 2.6999, 0.0085, 129.33, 108, 2304
Time partial tuning: 2.9369, 0.0020, 147.50, 108, 40960
Time partial tuning: 1.6735, 0.0022, 130.89, 108, 2048
Time partial tuning: 2.7502, 0.0056, 154.30, 108, 40960
Time partial tuning: 2.0506, 0.0023, 128.06, 108, 2048
Time partial tuning: 4.9969, 0.0138, 134.48, 108, 35840
Time partial tuning: 3.9877, 0.0118, 142.43, 108, 2016
Time partial tuning: 6.4362, 0.0303, 143.01, 108, 40960
Time partial tuning: 7.7483, 0.0223, 139.53, 108, 1792
Time partial tuning: 8.8847, 0.0256, 397.61, 108, 2688
Time partial tuning: 2.1842, 0.0048, 153.26, 108, 35840
Time partial tuning: 1.2936, 0.0027, 138.02, 108, 2016
Time partial tuning: 6.7770, 0.0334, 132.43, 108, 35840
Time partial tuning: 5.9122, 0.0153, 135.02, 108, 1344
Time partial tuning: 7.6101, 0.0087, 133.66, 108, 40960
Time partial tuning: 4.2838, 0.0117, 134.31, 108, 1536
Time partial tuning: 9.2830, 0.0212, 135.70, 108, 35840
Time partial tuning: 6.3454, 0.0167, 138.05, 108, 1344
Time partial tuning: 4.1672, 0.0070, 132.99, 108, 35840
Time partial tuning: 2.2184, 0.0035, 129.02, 108, 1344
Time search: 15644.10, 9766, 1020806
Execution time summary:
 mean (ms)   median (ms)    max (ms)     min (ms)     std (ms)  
  408.2568     408.0045     408.9957     402.5151      1.0943   
               
