Time partial tuning: 0.0211, 0.0000, 1711.22
Time partial tuning: 0.0206, 0.0000, 1486.98
Time partial tuning: 0.0451, 0.0001, 1661.62
Time partial tuning: 0.0264, 0.0000, 1172.26
Time partial tuning: 0.0353, 0.0000, 1587.74
Time partial tuning: 0.0203, 0.0000, 1365.54
Time partial tuning: 0.0651, 0.0000, 1464.42
Time partial tuning: 0.0148, 0.0000, 1207.80
Time partial tuning: 0.0476, 0.0000, 1437.40
Time partial tuning: 0.0102, 0.0000, 1155.44
Time partial tuning: 0.0681, 0.0000, 1446.31
Time partial tuning: 0.0066, 0.0000, 807.70
Time partial tuning: 0.0544, 0.0000, 1293.49
Time partial tuning: 0.0058, 0.0000, 922.93
Time partial tuning: 0.1275, 0.0000, 1189.98
Time partial tuning: 0.0044, 0.0000, 729.23
Time partial tuning: 0.0758, 0.0000, 948.20
Time partial tuning: 0.0054, 0.0000, 717.03
Time partial tuning: 0.1482, 0.0000, 852.47
Time search: 23157.77
xgb with opt
Execution time summary:
 mean (ms)   median (ms)    max (ms)     min (ms)     std (ms)  
   1.4018       1.3948       1.5311       1.3935       0.0297   
               
without opt
Execution time summary:
 mean (ms)   median (ms)    max (ms)     min (ms)     std (ms)  
   1.9720       1.9466       2.4530       1.9456       0.1103   
               
