Time partial tuning: 2.8073, 0.0005, 369.03
Time partial tuning: 0.3194, 0.0000, 634.40
Time partial tuning: 2.7301, 0.0001, 497.27
Time partial tuning: 1.2812, 0.0000, 658.46
Time partial tuning: 1.2749, 0.0006, 607.09
Time partial tuning: 0.6406, 0.0001, 641.38
Time partial tuning: 2.7138, 0.0006, 504.87
Time partial tuning: 2.5918, 0.0019, 810.44
Time partial tuning: 1.2423, 0.0001, 747.30
Time partial tuning: 1.2911, 0.0001, 583.72
Time partial tuning: 0.6385, 0.0001, 626.14
Time partial tuning: 2.6770, 0.0002, 518.32
Time partial tuning: 2.6608, 0.0001, 847.27
Time partial tuning: 1.2690, 0.0002, 828.24
Time partial tuning: 1.2911, 0.0001, 576.09
Time partial tuning: 0.6682, 0.0001, 627.70
Time partial tuning: 2.8327, 0.0010, 635.46
Time partial tuning: 2.7646, 0.0005, 905.93
Time partial tuning: 1.3140, 0.0003, 935.10
Time partial tuning: 1.3260, 0.0002, 612.26
Time search: 13166.47
without opt
Execution time summary:
 mean (ms)   median (ms)    max (ms)     min (ms)     std (ms)  
  163.7468     163.6465     164.7155     163.5731      0.2608   
               
random with opt
Execution time summary:
 mean (ms)   median (ms)    max (ms)     min (ms)     std (ms)  
  100.4692     100.4550     100.6107     100.2435      0.0725   
               
