0
Time partial tuning: 0.8250, 0.0003, 383.50
Time partial tuning: 0.8154, 0.0002, 1098.36
Time partial tuning: 0.0915, 0.0000, 1128.41
Time partial tuning: 0.4256, 0.0002, 1052.83
Time partial tuning: 0.0487, 0.0000, 1033.72
Time partial tuning: 0.7981, 0.0007, 1148.97
Time partial tuning: 0.4208, 0.0003, 1026.50
Time partial tuning: 0.0467, 0.0001, 1000.38
Time partial tuning: 0.8136, 0.0002, 1114.87
Time partial tuning: 0.4383, 0.0003, 881.85
Time partial tuning: 0.0467, 0.0000, 847.36
Time partial tuning: 0.8164, 0.0001, 960.35
Time total tuning: 11677.10
without opt
Execution time summary:
 mean (ms)   median (ms)    max (ms)     min (ms)     std (ms)  
  24.4828      24.3963      25.2062      24.3425       0.2235   
               
ga with opt
Execution time summary:
 mean (ms)   median (ms)    max (ms)     min (ms)     std (ms)  
  15.7971      15.6943      16.2465      15.5809       0.1942   
               
