Time partial tuning: 0.8108, 0.0011, 764.30
Time partial tuning: 0.4287, 0.0002, 784.95
Time partial tuning: 0.1637, 0.0001, 813.57
Time partial tuning: 0.0835, 0.0000, 629.40
Time partial tuning: 0.5296, 0.0001, 705.89
Time partial tuning: 0.0743, 0.0000, 625.85
Time partial tuning: 0.8178, 0.0000, 763.63
Time partial tuning: 0.1679, 0.0000, 710.75
Time partial tuning: 0.5460, 0.0000, 742.38
Time partial tuning: 0.0645, 0.0000, 738.81
Time partial tuning: 0.9704, 0.0000, 846.77
Time partial tuning: 0.1654, 0.0000, 790.62
Time partial tuning: 0.9833, 0.0000, 772.81
Time partial tuning: 0.1029, 0.0000, 731.46
Time partial tuning: 1.8449, 0.0003, 893.96
Time partial tuning: 0.2568, 0.0001, 762.06
Time search: 12077.22
gridsearch with opt
Execution time summary:
 mean (ms)   median (ms)    max (ms)     min (ms)     std (ms)  
   5.6710       5.6702       5.6792       5.6683       0.0022   
               
without opt
Execution time summary:
 mean (ms)   median (ms)    max (ms)     min (ms)     std (ms)  
   3.8832       3.8830       3.8911       3.8812       0.0021   
               
