With opt
Time partial tuning: 0.4712, 0.0002, 137.88, 112, 168
Time partial tuning: 4.6499, 0.0002, 148.65, 153, 792
Time partial tuning: 9.4314, 0.0017, 168.94, 162, 924
Time partial tuning: 0.6743, 0.0001, 172.58, 151, 980
Time partial tuning: 16.0665, 0.0033, 266.61, 232, 1960
Time partial tuning: 0.3806, 0.0000, 273.72, 232, 1764
Time partial tuning: 0.2998, 0.0001, 271.30, 232, 2520
Time partial tuning: 2.1761, 0.0006, 249.61, 232, 1260
Time partial tuning: 1.5968, 0.0001, 239.68, 232, 1512
Time partial tuning: 2.4511, 0.0001, 224.75, 232, 2592
Time partial tuning: 0.1895, 0.0000, 277.94, 232, 1512
Time partial tuning: 0.5189, 0.0001, 198.10, 167, 1134
Time partial tuning: 0.4055, 0.0001, 225.49, 193, 1620
Time partial tuning: 0.5866, 0.0001, 278.29, 232, 2268
Time partial tuning: 0.4453, 0.0001, 271.94, 232, 3240
Time partial tuning: 7.3891, 0.0050, 237.14, 232, 3456
Time partial tuning: 0.6083, 0.0001, 259.54, 232, 1728
Time partial tuning: 1.1164, 0.0004, 256.26, 232, 3024
Time partial tuning: 0.7346, 0.0001, 276.55, 232, 1728
Time partial tuning: 0.7868, 0.0001, 239.96, 214, 768
Time partial tuning: 1.3231, 0.0002, 218.72, 208, 1344
Time partial tuning: 0.8615, 0.0003, 235.08, 212, 768
Time partial tuning: 1.1762, 0.0001, 250.29, 232, 1344
Time partial tuning: 0.9810, 0.0000, 265.83, 232, 2592
Time partial tuning: 1.2383, 0.0001, 243.56, 232, 1728
Time partial tuning: 1.6194, 0.0002, 234.76, 232, 2016
Time partial tuning: 1.4030, 0.0000, 238.88, 232, 1728
Time partial tuning: 1.4718, 0.0009, 233.52, 232, 2016
Time partial tuning: 1.7586, 0.0002, 229.60, 232, 2352
Time partial tuning: 1.9522, 0.0005, 232.69, 232, 2352
Time partial tuning: 0.8415, 0.0000, 253.43, 232, 1568
Time partial tuning: 0.5059, 0.0001, 262.20, 232, 1568
Time partial tuning: 0.7112, 0.0001, 266.36, 232, 2016
Time partial tuning: 0.8150, 0.0001, 259.11, 232, 2304
Time partial tuning: 0.6600, 0.0001, 272.17, 232, 2048
Time partial tuning: 0.7160, 0.0001, 250.54, 232, 2048
Time partial tuning: 0.9950, 0.0002, 261.92, 232, 2016
Time partial tuning: 2.3125, 0.0004, 264.09, 232, 1792
Time partial tuning: 0.4072, 0.0000, 264.95, 232, 2016
Time partial tuning: 1.0583, 0.0003, 252.24, 232, 1344
Time partial tuning: 1.2714, 0.0004, 242.27, 232, 1536
Time partial tuning: 1.4846, 0.0006, 259.57, 232, 1344
Time partial tuning: 0.6355, 0.0002, 247.13, 232, 1344
Time search: 10413.84, 9460, 76134
Execution time summary:
 mean (ms)   median (ms)    max (ms)     min (ms)     std (ms)  
  153.5836     153.5703     153.7200     153.3929      0.0928   
               
without opt
Execution time summary:
 mean (ms)   median (ms)    max (ms)     min (ms)     std (ms)  
  248.5699     248.5689     249.1651     248.1511      0.2506   
               
