Time partial tuning: 0.8206, 0.0002, 387.19
Time partial tuning: 0.0927, 0.0002, 590.00
Time partial tuning: 0.8170, 0.0001, 576.87
Time partial tuning: 0.3552, 0.0002, 631.72
Time partial tuning: 0.3719, 0.0015, 606.39
Time partial tuning: 0.1805, 0.0002, 596.57
Time partial tuning: 0.8030, 0.0006, 570.44
Time partial tuning: 0.7304, 0.0003, 653.59
Time partial tuning: 0.3532, 0.0002, 701.68
Time partial tuning: 0.3611, 0.0001, 598.60
Time partial tuning: 0.1836, 0.0005, 597.02
Time partial tuning: 0.8138, 0.0003, 582.47
Time partial tuning: 0.7349, 0.0011, 645.38
Time partial tuning: 0.3654, 0.0004, 725.24
Time partial tuning: 0.3638, 0.0002, 600.25
Time partial tuning: 0.1857, 0.0000, 594.49
Time partial tuning: 0.8326, 0.0002, 600.04
Time partial tuning: 0.7294, 0.0003, 715.13
Time partial tuning: 0.3584, 0.0001, 711.30
Time partial tuning: 0.3772, 0.0000, 599.43
Time search: 12283.80
without opt
Execution time summary:
 mean (ms)   median (ms)    max (ms)     min (ms)     std (ms)  
  58.3683      58.3057      58.8914      58.1624       0.1866   
               
ga with opt
Execution time summary:
 mean (ms)   median (ms)    max (ms)     min (ms)     std (ms)  
  33.1037      33.0109      33.5906      32.9339       0.1938   
               
