Time partial tuning: 0.1891, 0.0000, 705.38
Time partial tuning: 0.0253, 0.0000, 610.41
Time partial tuning: 0.1644, 0.0003, 582.45
Time partial tuning: 0.0850, 0.0000, 840.81
Time partial tuning: 0.0742, 0.0001, 573.47
Time partial tuning: 0.0879, 0.0000, 589.86
Time partial tuning: 0.0724, 0.0000, 624.44
Time partial tuning: 0.1471, 0.0000, 585.81
Time partial tuning: 0.0838, 0.0000, 681.26
Time partial tuning: 0.1677, 0.0000, 600.56
Time partial tuning: 0.0796, 0.0000, 666.43
Time partial tuning: 0.0965, 0.0000, 532.11
Time partial tuning: 0.0799, 0.0000, 623.48
Time partial tuning: 0.2445, 0.0000, 887.03
Time partial tuning: 0.1321, 0.0000, 421.89
Time partial tuning: 0.3784, 0.0001, 513.35
Time partial tuning: 0.1024, 0.0000, 588.92
Time partial tuning: 0.1767, 0.0000, 510.13
Time partial tuning: 0.1946, 0.0000, 509.65
Time partial tuning: 0.4120, 0.0009, 487.33
Time partial tuning: 0.1530, 0.0000, 582.77
Time partial tuning: 0.4821, 0.0003, 548.16
Time partial tuning: 0.1918, 0.0000, 526.36
Time partial tuning: 0.2577, 0.0001, 485.32
Time search: 14277.39
droplet with opt
Execution time summary:
 mean (ms)   median (ms)    max (ms)     min (ms)     std (ms)  
   7.4868       7.4284       8.5561       7.4093       0.2456   
               
without opt
Execution time summary:
 mean (ms)   median (ms)    max (ms)     min (ms)     std (ms)  
  11.0796      10.9442      13.8945      10.8712       0.6467   
               
