With opt
Time partial tuning: 0.4717, 0.0002, 136.70, 112, 168
Time partial tuning: 4.6525, 0.0004, 163.22, 168, 792
Time partial tuning: 9.4560, 0.0007, 173.20, 164, 924
Time partial tuning: 0.6731, 0.0001, 172.36, 151, 980
Time partial tuning: 16.0672, 0.0001, 266.42, 232, 1960
Time partial tuning: 0.3808, 0.0001, 277.48, 232, 1764
Time partial tuning: 0.3007, 0.0000, 269.01, 232, 2520
Time partial tuning: 2.1765, 0.0002, 246.07, 232, 1260
Time partial tuning: 1.5979, 0.0005, 237.29, 232, 1512
Time partial tuning: 2.4496, 0.0006, 222.35, 232, 2592
Time partial tuning: 0.1889, 0.0001, 275.20, 232, 1512
Time partial tuning: 0.5189, 0.0000, 196.12, 167, 1134
Time partial tuning: 0.4048, 0.0000, 238.24, 205, 1620
Time partial tuning: 0.5854, 0.0000, 275.68, 232, 2268
Time partial tuning: 0.4458, 0.0000, 273.42, 232, 3240
Time partial tuning: 7.3633, 0.0005, 235.24, 232, 3456
Time partial tuning: 0.6071, 0.0006, 258.26, 232, 1728
Time partial tuning: 1.1150, 0.0003, 256.30, 232, 3024
Time partial tuning: 0.7339, 0.0000, 273.97, 232, 1728
Time partial tuning: 0.7872, 0.0002, 225.88, 203, 768
Time partial tuning: 1.3214, 0.0001, 238.20, 232, 1344
Time partial tuning: 0.8616, 0.0001, 206.89, 187, 768
Time partial tuning: 1.1749, 0.0001, 252.62, 232, 1344
Time partial tuning: 0.9817, 0.0000, 265.44, 232, 2592
Time partial tuning: 1.2246, 0.0007, 239.69, 232, 1728
Time partial tuning: 1.6169, 0.0012, 230.67, 232, 2016
Time partial tuning: 1.4045, 0.0000, 240.45, 232, 1728
Time partial tuning: 1.4690, 0.0002, 234.01, 232, 2016
Time partial tuning: 1.7550, 0.0004, 230.41, 232, 2352
Time partial tuning: 1.9869, 0.0006, 237.88, 232, 2352
Time partial tuning: 0.8415, 0.0003, 259.78, 232, 1568
Time partial tuning: 0.5057, 0.0001, 262.85, 232, 1568
Time partial tuning: 0.7103, 0.0001, 265.23, 232, 2016
Time partial tuning: 0.8130, 0.0001, 256.18, 232, 2304
Time partial tuning: 0.6609, 0.0006, 269.76, 232, 2048
Time partial tuning: 0.7154, 0.0002, 251.11, 232, 2048
Time partial tuning: 0.9929, 0.0000, 261.66, 232, 2016
Time partial tuning: 2.3216, 0.0005, 260.53, 232, 1792
Time partial tuning: 0.4084, 0.0001, 257.95, 232, 2016
Time partial tuning: 1.0595, 0.0008, 252.28, 232, 1344
Time partial tuning: 1.2717, 0.0001, 241.78, 232, 1536
Time partial tuning: 1.4843, 0.0005, 260.69, 232, 1344
Time partial tuning: 0.6362, 0.0000, 246.50, 232, 1344
Time search: 10394.91, 9477, 76134
Execution time summary:
 mean (ms)   median (ms)    max (ms)     min (ms)     std (ms)  
  154.1246     154.0450     155.2492     153.9240      0.2785   
               
without opt
Execution time summary:
 mean (ms)   median (ms)    max (ms)     min (ms)     std (ms)  
  248.8270     248.7921     249.7429     248.5543      0.2449   
               
