Time partial tuning: 0.1360, 0.0001, 197.50
Time partial tuning: 1.3697, 0.0008, 263.13
Time partial tuning: 2.9376, 0.0019, 242.67
Time partial tuning: 0.2003, 0.0005, 296.41
Time partial tuning: 4.7929, 0.0014, 270.36
Time partial tuning: 0.1142, 0.0002, 284.35
Time partial tuning: 0.0893, 0.0001, 286.36
Time partial tuning: 0.6737, 0.0006, 282.72
Time partial tuning: 0.5139, 0.0004, 290.17
Time partial tuning: 0.7814, 0.0001, 279.99
Time partial tuning: 0.0631, 0.0001, 280.03
Time partial tuning: 0.1530, 0.0002, 284.28
Time partial tuning: 0.1228, 0.0001, 285.81
Time partial tuning: 0.1724, 0.0001, 286.36
Time partial tuning: 0.1350, 0.0000, 284.68
Time partial tuning: 2.2081, 0.0011, 294.22
Time partial tuning: 0.1893, 0.0000, 287.59
Time partial tuning: 0.3211, 0.0002, 289.55
Time partial tuning: 0.2213, 0.0001, 283.31
Time partial tuning: 0.2439, 0.0001, 296.52
Time partial tuning: 0.3925, 0.0000, 288.42
Time partial tuning: 0.2692, 0.0001, 282.10
Time partial tuning: 0.3565, 0.0019, 293.31
Time partial tuning: 0.2689, 0.0001, 289.22
Time partial tuning: 0.3792, 0.0002, 291.47
Time partial tuning: 0.4753, 0.0010, 286.67
Time partial tuning: 0.4142, 0.0002, 281.70
Time partial tuning: 0.4421, 0.0001, 296.28
Time partial tuning: 0.5371, 0.0001, 298.81
Time partial tuning: 0.6041, 0.0013, 282.64
Time partial tuning: 0.2564, 0.0001, 306.24
Time partial tuning: 0.1568, 0.0001, 292.28
Time partial tuning: 0.1889, 0.0001, 316.89
Time partial tuning: 0.2248, 0.0008, 310.67
Time partial tuning: 0.2038, 0.0002, 313.12
Time partial tuning: 0.2114, 0.0001, 309.59
Time partial tuning: 0.2664, 0.0010, 317.19
Time partial tuning: 0.7059, 0.0010, 300.27
Time partial tuning: 0.1160, 0.0000, 299.16
Time partial tuning: 0.3053, 0.0000, 302.52
Time partial tuning: 0.3650, 0.0001, 302.22
Time partial tuning: 0.4333, 0.0005, 320.07
Time partial tuning: 0.1924, 0.0008, 296.46
Time search: 12443.32
without opt
Execution time summary:
 mean (ms)   median (ms)    max (ms)     min (ms)     std (ms)  
  85.1762      85.1047      85.9473      84.4834       0.4388   
               
random with opt
Execution time summary:
 mean (ms)   median (ms)    max (ms)     min (ms)     std (ms)  
  55.0329      55.0045      55.6709      54.6313       0.2835   
               
