0
Time partial tuning: 2.8089, 0.0000, 373.45
Time partial tuning: 2.7294, 0.0004, 1064.30
Time partial tuning: 0.3194, 0.0000, 1314.22
Time partial tuning: 1.4268, 0.0000, 1060.30
Time partial tuning: 0.1618, 0.0000, 1248.62
Time partial tuning: 2.6953, 0.0001, 1146.13
Time partial tuning: 1.4027, 0.0002, 1032.62
Time partial tuning: 0.1562, 0.0000, 1178.20
Time partial tuning: 2.6767, 0.0001, 1102.47
Time partial tuning: 1.4041, 0.0002, 1035.17
Time partial tuning: 0.1645, 0.0001, 996.14
Time partial tuning: 2.8288, 0.0004, 1090.38
Time total tuning: 12642.00
without opt
Execution time summary:
 mean (ms)   median (ms)    max (ms)     min (ms)     std (ms)  
  71.6783      71.5733      72.8997      71.4702       0.3069   
               
xgb with opt
Execution time summary:
 mean (ms)   median (ms)    max (ms)     min (ms)     std (ms)  
  45.7896      45.7773      45.8864      45.5598       0.0695   
               
