Time partial tuning: 10.1477, 0.0180, 695.88
Time partial tuning: 7.7585, 0.1180, 176.47
Time partial tuning: 81.8647, 1.8791, 256.87
Time partial tuning: 60.1032, 1.0935, 206.26
Time partial tuning: 9999000.0000, 0.0000, 237.72
Time partial tuning: 152.4681, 0.6486, 464.86
Time partial tuning: 112.5387, 0.8462, 323.44
Time partial tuning: 9999000.0000, 0.0000, 237.62
Time partial tuning: 11.3995, 0.2097, 144.71
Time partial tuning: 12.3729, 0.1640, 176.39
Time partial tuning: 261.0994, 1.0144, 735.99
Time partial tuning: 391.6176, 6.8460, 500.25
Time partial tuning: 9999000.0000, 0.0000, 243.91
Time partial tuning: 5.6483, 0.1158, 157.50
Time partial tuning: 12.2484, 0.3162, 202.70
Time partial tuning: 4.6859, 0.1120, 158.77
Time partial tuning: 10.2488, 0.0466, 188.27
Time partial tuning: 34.4192, 1.9951, 186.42
Time partial tuning: 35.8772, 0.1813, 216.14
Time partial tuning: 26.6206, 0.0985, 163.36
Time partial tuning: 25.7480, 0.4392, 214.60
Time partial tuning: 9999000.0000, 0.0000, 237.79
Time partial tuning: 39.4430, 0.3390, 185.60
Time partial tuning: 82.0113, 0.9649, 256.06
Time partial tuning: 9999000.0000, 0.0000, 245.56
Time partial tuning: 3.6697, 0.0373, 156.19
Time partial tuning: 4.5545, 0.0983, 187.25
Time partial tuning: 8.8712, 0.2221, 150.85
Time partial tuning: 8.6781, 0.2036, 189.23
Time partial tuning: 6.2826, 0.1785, 145.70
Time partial tuning: 8.3240, 0.1911, 197.88
Time partial tuning: 9.7528, 1.1271, 148.96
Time partial tuning: 19.4146, 0.1756, 197.98
Time partial tuning: 7.4448, 0.0534, 156.37
Time partial tuning: 15.0423, 0.3562, 170.16
Time partial tuning: 111.1435, 0.8879, 323.09
Time partial tuning: 181.7366, 1.2385, 448.90
Time partial tuning: 10.1196, 0.1821, 139.62
Time partial tuning: 17.2284, 0.6232, 165.84
Time partial tuning: 18.9395, 0.1104, 143.50
Time partial tuning: 35.6260, 0.4645, 157.53
Time partial tuning: 12.4407, 0.0914, 141.07
Time partial tuning: 25.7890, 0.1839, 177.36
Time partial tuning: 14.2864, 0.1314, 168.19
Time partial tuning: 14.5151, 0.3525, 250.42
Time partial tuning: 20.3623, 0.4895, 151.73
Time partial tuning: 25.2213, 1.7060, 276.83
Time partial tuning: 13.2006, 1.0375, 154.40
Time partial tuning: 15.0845, 0.9629, 262.64
Time partial tuning: 18.9390, 0.3822, 145.09
Time partial tuning: 22.6599, 0.4752, 253.35
Time partial tuning: 15.4224, 0.5595, 143.76
Time partial tuning: 29.1533, 0.9685, 166.29
Time partial tuning: 21.0116, 0.2404, 152.28
Time partial tuning: 23.7024, 0.2450, 246.17
Time partial tuning: 22.5317, 1.0791, 156.14
Time partial tuning: 30.2303, 1.5978, 256.73
Time partial tuning: 18.5073, 0.2068, 151.56
Time partial tuning: 26.4950, 0.0889, 249.80
Time partial tuning: 26.0288, 0.5490, 153.52
Time partial tuning: 26.2904, 0.6710, 243.64
Time partial tuning: 28.1888, 0.4934, 161.54
Time partial tuning: 32.5155, 0.2706, 248.14
Time partial tuning: 28.6337, 2.1698, 162.60
Time partial tuning: 34.6099, 0.8436, 263.37
Time partial tuning: 15.1039, 0.1918, 153.31
Time partial tuning: 15.3057, 0.2759, 119.25
Time partial tuning: 9.7839, 0.3214, 149.16
Time partial tuning: 9.3718, 0.3628, 115.18
Time partial tuning: 11.7031, 0.7568, 138.24
Time partial tuning: 12.0942, 0.3157, 116.86
Time partial tuning: 14.3710, 1.1253, 138.78
Time partial tuning: 14.2920, 0.6478, 118.69
Time partial tuning: 11.9547, 0.2607, 140.14
Time partial tuning: 12.8377, 0.4005, 181.86
Time partial tuning: 11.1575, 0.1850, 140.44
Time partial tuning: 13.2290, 0.3128, 183.94
Time partial tuning: 16.1818, 0.9244, 142.50
Time partial tuning: 16.5981, 0.4089, 121.56
Time partial tuning: 36.7682, 0.5619, 181.92
Time partial tuning: 42.1761, 0.5299, 245.18
Time partial tuning: 9999000.0000, 0.0000, 243.64
Time partial tuning: 7.7047, 0.1757, 147.92
Time partial tuning: 7.5886, 0.1094, 116.66
Time partial tuning: 18.3043, 0.1373, 147.86
Time partial tuning: 20.6001, 0.3310, 126.28
Time partial tuning: 22.6922, 0.8724, 151.40
Time partial tuning: 24.7582, 0.3640, 127.83
Time partial tuning: 25.5955, 0.3267, 152.60
Time partial tuning: 26.8447, 0.1749, 133.31
Time partial tuning: 11.9300, 0.7361, 136.51
Time partial tuning: 12.5053, 0.0955, 118.59
Time search: 18618.36
gridsearch with opt
Execution time summary:
 mean (ms)   median (ms)    max (ms)     min (ms)     std (ms)  
 2726.4583    2734.5026    2762.5655    2623.2665     30.1527   
               
without opt
Execution time summary:
 mean (ms)   median (ms)    max (ms)     min (ms)     std (ms)  
 3417.0963    3420.9882    3433.7086    3353.7731     16.9740   
               
