With opt
Time partial tuning: 0.3460, 0.0262, 87.31, 65, 264
Time partial tuning: 0.1670, 0.0090, 95.30, 69, 648
Time partial tuning: 0.7932, 0.0806, 142.27, 120, 924
Time partial tuning: 0.1679, 0.0070, 86.83, 65, 784
Time partial tuning: 0.8034, 0.0663, 143.15, 101, 1120
Time partial tuning: 0.1661, 0.0106, 99.10, 65, 1024
Time partial tuning: 1.5552, 0.1014, 127.94, 102, 1280
Time partial tuning: 0.0665, 0.0037, 144.15, 104, 768
Time partial tuning: 0.8439, 0.0332, 107.17, 73, 1152
Time partial tuning: 0.0767, 0.0046, 109.41, 73, 972
Time partial tuning: 1.5699, 0.1248, 135.16, 95, 1296
Time partial tuning: 0.0286, 0.0019, 100.51, 70, 648
Time partial tuning: 0.8206, 0.0843, 145.54, 100, 1080
Time partial tuning: 0.0380, 0.0034, 114.12, 74, 800
Time partial tuning: 1.6250, 0.0786, 144.94, 102, 1200
Time partial tuning: 0.0145, 0.0012, 100.32, 63, 400
Time partial tuning: 0.8018, 0.0554, 120.12, 83, 880
Time partial tuning: 0.0207, 0.0024, 101.65, 69, 484
Time partial tuning: 1.5640, 0.1493, 102.20, 83, 968
Time search: 2207.20, 1576, 16692
Execution time summary:
 mean (ms)   median (ms)    max (ms)     min (ms)     std (ms)  
  18.2699      18.4754      18.7746      15.1294       0.7386   
               
without opt
Execution time summary:
 mean (ms)   median (ms)    max (ms)     min (ms)     std (ms)  
  27.9135      29.1673      29.6558      23.0041       1.8004   
               
