Time partial tuning: 0.1282, 0.0000, 640.04, 555
Time partial tuning: 0.1433, 0.0002, 811.12, 555
Time partial tuning: 1.7984, 0.0001, 787.76, 555
Time partial tuning: 0.4166, 0.0000, 712.30, 555
Time partial tuning: 1.3726, 0.0001, 624.44, 555
Time partial tuning: 0.2080, 0.0001, 705.37, 555
Time partial tuning: 2.7066, 0.0001, 765.02, 555
Time partial tuning: 0.2904, 0.0001, 706.37, 555
Time partial tuning: 1.4939, 0.0013, 659.25, 555
Time partial tuning: 0.1404, 0.0000, 714.37, 555
Time partial tuning: 3.1148, 0.0021, 841.54, 555
Time partial tuning: 0.2133, 0.0000, 711.83, 555
Time partial tuning: 2.5951, 0.0007, 725.89, 555
Time partial tuning: 0.2142, 0.0005, 618.63, 555
Time partial tuning: 5.3956, 0.0202, 946.24, 555
Time partial tuning: 0.3735, 0.0008, 680.46, 555
Time partial tuning: 1.2155, 0.0000, 767.23, 555
Time partial tuning: 0.1229, 0.0000, 739.87, 555
Time search: 13157.74, 9990
gridsearch with opt
Execution time summary:
 mean (ms)   median (ms)    max (ms)     min (ms)     std (ms)  
   3.6270       3.6257       3.6557       3.6173       0.0082   
               
without opt
Execution time summary:
 mean (ms)   median (ms)    max (ms)     min (ms)     std (ms)  
   2.4095       2.4029       2.5123       2.3972       0.0247   
               
