With opt
Time partial tuning: 3.1840, 0.0344, 423.18, 308, 308
Time partial tuning: 0.3751, 0.0180, 704.99, 500, 980
Time partial tuning: 3.3892, 0.2514, 611.92, 500, 980
Time partial tuning: 1.3843, 0.0212, 705.21, 500, 1260
Time partial tuning: 1.4614, 0.1106, 600.62, 500, 1260
Time partial tuning: 0.7257, 0.0442, 599.73, 500, 1152
Time partial tuning: 3.2155, 0.1189, 654.60, 500, 1024
Time partial tuning: 2.6835, 0.0360, 822.39, 500, 1440
Time partial tuning: 1.3821, 0.0253, 860.98, 500, 1280
Time partial tuning: 1.3860, 0.0210, 661.04, 500, 1280
Time partial tuning: 0.7361, 0.0040, 705.21, 500, 1080
Time partial tuning: 3.2268, 0.1696, 634.56, 500, 972
Time partial tuning: 2.7889, 0.0245, 862.62, 500, 1320
Time partial tuning: 1.3393, 0.0195, 908.64, 500, 1188
Time partial tuning: 1.3979, 0.0227, 705.19, 500, 1188
Time partial tuning: 0.6979, 0.0103, 655.30, 500, 880
Time partial tuning: 3.0647, 0.0309, 679.89, 500, 800
Time partial tuning: 2.8587, 0.0186, 928.20, 500, 1056
Time partial tuning: 1.3726, 0.0119, 890.18, 500, 960
Time partial tuning: 1.4271, 0.0208, 629.34, 500, 960
Time search: 14243.81, 9808, 21368
Execution time summary:
 mean (ms)   median (ms)    max (ms)     min (ms)     std (ms)  
  130.5337     131.7500     133.1055     110.4461      4.7957   
               
without opt
Execution time summary:
 mean (ms)   median (ms)    max (ms)     min (ms)     std (ms)  
  179.7844     182.1180     186.9925     151.8713      9.1949   
               
