0
Time partial tuning: 0.2875, 0.0000, 342.24
Time partial tuning: 0.1450, 0.0000, 921.66
Time partial tuning: 0.6500, 0.0004, 1203.08
Time partial tuning: 0.1434, 0.0000, 1237.24
Time partial tuning: 0.6332, 0.0006, 1423.15
Time partial tuning: 0.1523, 0.0000, 1808.04
Time partial tuning: 1.2450, 0.0002, 1573.47
Time partial tuning: 0.0674, 0.0000, 1245.77
Time partial tuning: 0.6226, 0.0000, 1600.08
Time partial tuning: 0.0790, 0.0000, 1787.41
Time partial tuning: 1.2741, 0.0002, 1715.77
Time partial tuning: 0.0361, 0.0000, 1140.53
Time partial tuning: 0.6358, 0.0000, 1541.52
Time partial tuning: 0.0383, 0.0000, 1549.24
Time partial tuning: 1.2757, 0.0006, 1621.46
Time partial tuning: 0.0181, 0.0000, 735.44
Time partial tuning: 0.6559, 0.0001, 1338.62
Time partial tuning: 0.0237, 0.0000, 968.40
Time partial tuning: 1.3287, 0.0003, 1444.72
Time total tuning: 25197.85
without opt
Execution time summary:
 mean (ms)   median (ms)    max (ms)     min (ms)     std (ms)  
  28.2100      28.1690      28.5755      27.9666       0.1109   
               
random with opt
Execution time summary:
 mean (ms)   median (ms)    max (ms)     min (ms)     std (ms)  
  17.1788      17.2055      17.2644      16.9331       0.0686   
               
