Time partial tuning: 0.2871, 0.0000, 343.43
Time partial tuning: 0.1447, 0.0000, 796.92
Time partial tuning: 0.6505, 0.0000, 734.01
Time partial tuning: 0.1434, 0.0001, 893.91
Time partial tuning: 0.6369, 0.0002, 724.45
Time partial tuning: 0.1530, 0.0000, 994.38
Time partial tuning: 1.2444, 0.0000, 679.04
Time partial tuning: 0.0673, 0.0000, 902.69
Time partial tuning: 0.6224, 0.0000, 787.86
Time partial tuning: 0.0794, 0.0000, 1069.91
Time partial tuning: 1.3059, 0.0006, 751.41
Time partial tuning: 0.0345, 0.0000, 987.02
Time partial tuning: 0.6458, 0.0000, 834.03
Time partial tuning: 0.0377, 0.0000, 1130.87
Time partial tuning: 1.2940, 0.0003, 755.89
Time partial tuning: 0.0184, 0.0000, 722.29
Time partial tuning: 0.6572, 0.0001, 816.90
Time partial tuning: 0.0236, 0.0000, 967.25
Time partial tuning: 1.3319, 0.0001, 838.22
Time search: 15730.48
without opt
Execution time summary:
 mean (ms)   median (ms)    max (ms)     min (ms)     std (ms)  
  28.1979      28.1862      28.3113      27.9610       0.0747   
               
random with opt
Execution time summary:
 mean (ms)   median (ms)    max (ms)     min (ms)     std (ms)  
  17.5787      17.5552      17.7843      17.3423       0.0955   
               
