Time partial tuning: 0.1033, 0.0001, 318.28
Time partial tuning: 0.0479, 0.0000, 638.87
Time partial tuning: 0.1817, 0.0000, 680.94
Time partial tuning: 0.0393, 0.0000, 679.78
Time partial tuning: 0.1810, 0.0016, 671.23
Time partial tuning: 0.0403, 0.0000, 716.97
Time partial tuning: 0.3545, 0.0017, 680.13
Time partial tuning: 0.0201, 0.0000, 729.60
Time partial tuning: 0.1778, 0.0012, 679.47
Time partial tuning: 0.0228, 0.0000, 729.43
Time partial tuning: 0.3582, 0.0001, 685.89
Time partial tuning: 0.0129, 0.0001, 746.71
Time partial tuning: 0.1766, 0.0001, 691.52
Time partial tuning: 0.0140, 0.0000, 729.05
Time partial tuning: 0.3548, 0.0009, 685.37
Time partial tuning: 0.0098, 0.0000, 559.19
Time partial tuning: 0.1773, 0.0001, 724.54
Time partial tuning: 0.0111, 0.0000, 668.79
Time partial tuning: 0.3570, 0.0001, 716.08
Time search: 12731.85
without opt
Execution time summary:
 mean (ms)   median (ms)    max (ms)     min (ms)     std (ms)  
  15.1759      15.0957      15.5126      15.0198       0.1730   
               
xgb with opt
Execution time summary:
 mean (ms)   median (ms)    max (ms)     min (ms)     std (ms)  
   6.4046       6.4025       6.5842       6.2668       0.1177   
               
