Time partial tuning: 0.2860, 0.0000, 358.82
Time partial tuning: 0.1454, 0.0000, 809.42
Time partial tuning: 0.6510, 0.0000, 757.08
Time partial tuning: 0.1389, 0.0001, 833.57
Time partial tuning: 0.6331, 0.0000, 730.26
Time partial tuning: 0.1533, 0.0000, 837.84
Time partial tuning: 1.2451, 0.0003, 704.66
Time partial tuning: 0.0676, 0.0000, 844.23
Time partial tuning: 0.6221, 0.0000, 770.38
Time partial tuning: 0.0787, 0.0000, 930.04
Time partial tuning: 1.2773, 0.0003, 728.52
Time partial tuning: 0.0349, 0.0000, 926.91
Time partial tuning: 0.6335, 0.0001, 785.87
Time partial tuning: 0.0382, 0.0000, 984.72
Time partial tuning: 1.2741, 0.0000, 725.79
Time partial tuning: 0.0183, 0.0000, 694.66
Time partial tuning: 0.6553, 0.0001, 829.58
Time partial tuning: 0.0238, 0.0000, 898.61
Time partial tuning: 1.3276, 0.0001, 796.16
Time search: 14947.12
without opt
Execution time summary:
 mean (ms)   median (ms)    max (ms)     min (ms)     std (ms)  
  28.3112      28.3124      28.4934      28.1021       0.0758   
               
xgb with opt
Execution time summary:
 mean (ms)   median (ms)    max (ms)     min (ms)     std (ms)  
  17.3930      17.3855      17.4706      17.1707       0.0630   
               
