With opt
Time partial tuning: 0.2881, 0.0001, 193.63, 146, 264
Time partial tuning: 0.1453, 0.0000, 199.05, 164, 648
Time partial tuning: 0.6520, 0.0003, 333.38, 268, 924
Time partial tuning: 0.1424, 0.0001, 165.99, 149, 784
Time partial tuning: 0.6330, 0.0000, 218.53, 192, 1120
Time partial tuning: 0.1537, 0.0000, 220.10, 176, 1024
Time partial tuning: 1.2450, 0.0001, 219.50, 195, 1280
Time partial tuning: 0.0673, 0.0000, 197.98, 168, 768
Time partial tuning: 0.6620, 0.0001, 149.70, 117, 1152
Time partial tuning: 0.0789, 0.0000, 225.48, 184, 972
Time partial tuning: 1.3231, 0.0001, 253.56, 199, 1296
Time partial tuning: 0.0354, 0.0000, 173.34, 154, 648
Time partial tuning: 0.6584, 0.0003, 267.78, 228, 1080
Time partial tuning: 0.0383, 0.0000, 138.90, 114, 800
Time partial tuning: 1.3146, 0.0002, 313.70, 287, 1200
Time partial tuning: 0.0181, 0.0000, 175.01, 135, 400
Time partial tuning: 0.6660, 0.0000, 303.19, 247, 880
Time partial tuning: 0.0238, 0.0000, 115.38, 90, 484
Time partial tuning: 1.3270, 0.0003, 348.20, 274, 968
Time search: 4212.42, 3487, 16692
Execution time summary:
 mean (ms)   median (ms)    max (ms)     min (ms)     std (ms)  
  17.4215      17.4112      17.5016      17.2008       0.0638   
               
without opt
Execution time summary:
 mean (ms)   median (ms)    max (ms)     min (ms)     std (ms)  
  28.2317      28.2345      28.4143      27.9964       0.0958   
               
