With opt
Time partial tuning: 0.2869, 0.0000, 43.63, 31
Time partial tuning: 0.3283, 0.0000, 22.28, 19
Time partial tuning: 0.6526, 0.0001, 54.48, 47
Time partial tuning: 0.2462, 0.0000, 30.42, 24
Time partial tuning: 0.6956, 0.0003, 50.42, 39
Time partial tuning: 0.3362, 0.0000, 26.01, 21
Time partial tuning: 1.3662, 0.0001, 49.63, 40
Time partial tuning: 0.1217, 0.0000, 33.79, 25
Time partial tuning: 0.6912, 0.0001, 35.39, 31
Time partial tuning: 0.1012, 0.0000, 33.01, 21
Time partial tuning: 1.4787, 0.0006, 33.05, 31
Time partial tuning: 0.0614, 0.0000, 36.44, 23
Time partial tuning: 0.6660, 0.0001, 46.96, 40
Time partial tuning: 0.0729, 0.0000, 53.32, 31
Time partial tuning: 1.4898, 0.0002, 39.29, 33
Time partial tuning: 0.0246, 0.0000, 38.22, 25
Time partial tuning: 0.7608, 0.0003, 46.11, 38
Time partial tuning: 0.0376, 0.0000, 39.40, 29
Time partial tuning: 1.3919, 0.0006, 48.18, 39
Time search: 760.02, 587
Execution time summary:
 mean (ms)   median (ms)    max (ms)     min (ms)     std (ms)  
  19.9429      19.9526      20.4230      19.6888       0.1326   
               
without opt
Execution time summary:
 mean (ms)   median (ms)    max (ms)     min (ms)     std (ms)  
  28.3813      28.3803      28.5648      28.1617       0.0802   
               
