Time partial tuning: 0.0083, 0.0000, 108.56, 112
Time partial tuning: 0.0528, 0.0000, 241.90, 200
Time partial tuning: 0.0704, 0.0000, 233.01, 200
Time partial tuning: 0.0868, 0.0002, 263.16, 200
Time partial tuning: 0.0971, 0.0000, 239.31, 200
Time partial tuning: 0.0123, 0.0000, 223.83, 200
Time partial tuning: 0.1960, 0.0002, 209.26, 200
Time partial tuning: 0.1154, 0.0001, 231.18, 200
Time partial tuning: 0.0106, 0.0000, 250.20, 200
Time partial tuning: 0.0071, 0.0000, 221.95, 200
Time partial tuning: 0.0654, 0.0000, 228.32, 200
Time partial tuning: 0.0605, 0.0000, 287.50, 200
Time partial tuning: 0.0291, 0.0000, 251.78, 200
Time partial tuning: 0.0167, 0.0000, 239.37, 200
Time partial tuning: 0.0428, 0.0001, 247.73, 200
Time partial tuning: 0.0443, 0.0001, 238.52, 200
Time partial tuning: 0.0059, 0.0000, 232.66, 200
Time partial tuning: 0.0136, 0.0001, 246.36, 200
Time partial tuning: 0.0099, 0.0000, 234.98, 200
Time partial tuning: 0.0128, 0.0005, 238.26, 200
Time partial tuning: 0.0091, 0.0000, 237.48, 200
Time partial tuning: 0.1503, 0.0004, 232.00, 200
Time partial tuning: 0.0201, 0.0000, 251.11, 200
Time partial tuning: 0.0295, 0.0000, 240.49, 200
Time partial tuning: 0.0513, 0.0000, 157.58, 200
Time partial tuning: 0.0260, 0.0000, 234.70, 200
Time partial tuning: 0.0493, 0.0000, 234.93, 200
Time partial tuning: 0.0315, 0.0001, 256.97, 200
Time partial tuning: 0.0344, 0.0000, 237.05, 200
Time partial tuning: 0.0240, 0.0000, 234.22, 200
Time partial tuning: 0.0386, 0.0000, 244.29, 200
Time partial tuning: 0.0612, 0.0000, 232.68, 200
Time partial tuning: 0.0563, 0.0000, 235.95, 200
Time partial tuning: 0.0406, 0.0001, 250.35, 200
Time partial tuning: 0.0491, 0.0002, 244.73, 200
Time partial tuning: 0.0729, 0.0002, 233.33, 200
Time partial tuning: 0.0277, 0.0001, 232.52, 200
Time partial tuning: 0.0227, 0.0000, 236.47, 200
Time partial tuning: 0.0349, 0.0000, 230.04, 200
Time partial tuning: 0.0406, 0.0000, 231.69, 200
Time partial tuning: 0.0216, 0.0000, 242.88, 200
Time partial tuning: 0.0206, 0.0000, 241.68, 200
Time partial tuning: 0.0506, 0.0001, 230.67, 200
Time partial tuning: 0.0959, 0.0001, 225.79, 200
Time partial tuning: 0.0407, 0.0000, 284.87, 200
Time partial tuning: 0.0371, 0.0000, 234.51, 200
Time partial tuning: 0.0654, 0.0001, 226.81, 200
Time partial tuning: 0.0685, 0.0002, 226.47, 200
Time partial tuning: 0.0538, 0.0001, 228.44, 200
Time partial tuning: 0.0631, 0.0000, 231.27, 200
Time search: 7729.82, 9912
droplet with opt
Execution time summary:
 mean (ms)   median (ms)    max (ms)     min (ms)     std (ms)  
   4.1604       4.1315       4.7033       4.1305       0.1246   
               
without opt
Execution time summary:
 mean (ms)   median (ms)    max (ms)     min (ms)     std (ms)  
   4.1726       4.1715       4.1941       4.1703       0.0050   
               
