Time partial tuning: 39.4378, 0.5851, 839.06
Time partial tuning: 33.1899, 0.3885, 726.71
Time partial tuning: 34.0710, 0.5093, 775.86
Time partial tuning: 32.8728, 0.4587, 652.99
Time partial tuning: 9999000.0000, 0.0000, 778.72
Time partial tuning: 4.4833, 0.0012, 698.86
Time partial tuning: 4.9366, 0.0214, 745.98
Time partial tuning: 21.1912, 0.1357, 703.36
Time partial tuning: 19.5034, 0.1328, 685.63
Time partial tuning: 2.2822, 0.0772, 680.56
Time partial tuning: 2.8934, 0.0172, 762.37
Time partial tuning: 37.9588, 0.6843, 749.93
Time partial tuning: 32.9963, 0.0833, 685.77
Time partial tuning: 9999000.0000, 0.0000, 779.07
Time partial tuning: 19.0904, 0.5519, 730.28
Time partial tuning: 19.7798, 0.0931, 728.60
Time partial tuning: 2.5235, 0.0154, 745.02
Time partial tuning: 2.8256, 0.0003, 754.74
Time partial tuning: 37.1908, 0.7187, 692.84
Time partial tuning: 34.0619, 0.9798, 826.90
Time partial tuning: 9999000.0000, 0.0000, 786.91
Time partial tuning: 20.3933, 0.1893, 729.90
Time partial tuning: 20.9241, 0.1549, 821.75
Time partial tuning: 2.3920, 0.0960, 705.15
Time partial tuning: 2.9847, 0.0140, 729.53
Time partial tuning: 36.6279, 0.2778, 747.29
Time partial tuning: 36.1491, 0.2553, 852.22
Time partial tuning: 9999000.0000, 0.0000, 785.95
Time search: 20901.96
ga with opt
Execution time summary:
 mean (ms)   median (ms)    max (ms)     min (ms)     std (ms)  
  641.4131     642.9407     654.3317     616.8996      8.9720   
               
without opt
Execution time summary:
 mean (ms)   median (ms)    max (ms)     min (ms)     std (ms)  
  834.3949     837.1309     848.6672     815.7215     10.1017   
               
