Time partial tuning: 0.1522, 0.0000, 554.42
Time partial tuning: 0.0309, 0.0000, 495.94
Time partial tuning: 0.1303, 0.0000, 554.54
Time partial tuning: 0.0766, 0.0000, 643.56
Time partial tuning: 0.1135, 0.0000, 525.78
Time partial tuning: 0.0806, 0.0000, 467.89
Time partial tuning: 0.0563, 0.0000, 541.48
Time partial tuning: 0.1777, 0.0003, 539.49
Time partial tuning: 0.0872, 0.0000, 528.48
Time partial tuning: 0.2435, 0.0000, 496.71
Time partial tuning: 0.1010, 0.0000, 525.74
Time partial tuning: 0.1160, 0.0000, 511.60
Time partial tuning: 0.0913, 0.0000, 493.19
Time partial tuning: 0.2273, 0.0001, 558.66
Time partial tuning: 0.0912, 0.0000, 509.12
Time partial tuning: 0.3315, 0.0000, 487.65
Time partial tuning: 0.0988, 0.0000, 517.22
Time partial tuning: 0.1427, 0.0000, 495.09
Time partial tuning: 0.1921, 0.0000, 480.20
Time partial tuning: 0.3273, 0.0000, 479.64
Time partial tuning: 0.1209, 0.0000, 511.40
Time partial tuning: 0.4222, 0.0000, 448.84
Time partial tuning: 0.1404, 0.0000, 503.72
Time partial tuning: 0.2559, 0.0000, 541.74
Time search: 12412.09
ga with opt
Execution time summary:
 mean (ms)   median (ms)    max (ms)     min (ms)     std (ms)  
   6.9668       6.8789       8.6356       6.8702       0.3829   
               
without opt
Execution time summary:
 mean (ms)   median (ms)    max (ms)     min (ms)     std (ms)  
  10.7576      10.5918      13.3976      10.5865       0.6134   
               
