0
Time partial tuning: 2.1227, 0.0001, 315.39
Time partial tuning: 2.0639, 0.0000, 924.88
Time partial tuning: 0.2413, 0.0001, 1153.70
Time partial tuning: 1.0827, 0.0001, 956.00
Time partial tuning: 0.1261, 0.0000, 1070.40
Time partial tuning: 2.0377, 0.0002, 995.64
Time partial tuning: 1.0771, 0.0003, 958.56
Time partial tuning: 0.1280, 0.0000, 988.29
Time partial tuning: 2.0242, 0.0001, 984.19
Time partial tuning: 1.0635, 0.0001, 905.88
Time partial tuning: 0.1646, 0.0000, 899.97
Time partial tuning: 2.8174, 0.0004, 943.30
Time total tuning: 11096.21
without opt
Execution time summary:
 mean (ms)   median (ms)    max (ms)     min (ms)     std (ms)  
  71.5785      71.5618      71.7518      71.3388       0.0787   
               
gridsearch with opt
Execution time summary:
 mean (ms)   median (ms)    max (ms)     min (ms)     std (ms)  
  45.7926      45.8360      45.9546      45.5418       0.0882   
               
