With opt
Time partial tuning: 0.4712, 0.0000, 138.11, 112, 168
Time partial tuning: 4.6531, 0.0003, 147.94, 153, 792
Time partial tuning: 9.4265, 0.0027, 181.79, 175, 924
Time partial tuning: 0.6727, 0.0000, 171.27, 151, 980
Time partial tuning: 16.0643, 0.0002, 265.80, 232, 1960
Time partial tuning: 0.3807, 0.0000, 279.33, 232, 1764
Time partial tuning: 0.2996, 0.0001, 269.97, 232, 2520
Time partial tuning: 2.1770, 0.0009, 248.10, 232, 1260
Time partial tuning: 1.5991, 0.0000, 239.09, 232, 1512
Time partial tuning: 2.4497, 0.0008, 221.07, 232, 2592
Time partial tuning: 0.1898, 0.0000, 276.39, 232, 1512
Time partial tuning: 0.5191, 0.0002, 198.68, 167, 1134
Time partial tuning: 0.4058, 0.0000, 223.73, 192, 1620
Time partial tuning: 0.5877, 0.0001, 277.02, 232, 2268
Time partial tuning: 0.4453, 0.0001, 270.86, 232, 3240
Time partial tuning: 7.3513, 0.0017, 235.59, 232, 3456
Time partial tuning: 0.6053, 0.0000, 258.16, 232, 1728
Time partial tuning: 1.1147, 0.0004, 257.57, 232, 3024
Time partial tuning: 0.7345, 0.0002, 273.16, 232, 1728
Time partial tuning: 0.7916, 0.0005, 181.03, 160, 768
Time partial tuning: 1.3220, 0.0001, 213.31, 208, 1344
Time partial tuning: 0.8630, 0.0003, 201.75, 180, 768
Time partial tuning: 1.1755, 0.0001, 248.07, 232, 1344
Time partial tuning: 0.9814, 0.0001, 265.44, 232, 2592
Time partial tuning: 1.2243, 0.0001, 239.93, 232, 1728
Time partial tuning: 1.6177, 0.0002, 230.42, 232, 2016
Time partial tuning: 1.4003, 0.0002, 235.97, 232, 1728
Time partial tuning: 1.4491, 0.0003, 249.41, 232, 2016
Time partial tuning: 1.7547, 0.0005, 231.69, 232, 2352
Time partial tuning: 1.9512, 0.0001, 232.30, 232, 2352
Time partial tuning: 0.8415, 0.0000, 262.66, 232, 1568
Time partial tuning: 0.5058, 0.0002, 261.03, 232, 1568
Time partial tuning: 0.7122, 0.0003, 267.68, 232, 2016
Time partial tuning: 0.8150, 0.0000, 262.67, 232, 2304
Time partial tuning: 0.6602, 0.0001, 267.80, 232, 2048
Time partial tuning: 0.7158, 0.0001, 246.32, 232, 2048
Time partial tuning: 0.9947, 0.0001, 260.15, 232, 2016
Time partial tuning: 2.3168, 0.0007, 263.34, 232, 1792
Time partial tuning: 0.4073, 0.0000, 266.06, 232, 2016
Time partial tuning: 1.0602, 0.0003, 251.78, 232, 1344
Time partial tuning: 1.2731, 0.0009, 245.08, 232, 1536
Time partial tuning: 1.4852, 0.0005, 259.62, 232, 1344
Time partial tuning: 0.6361, 0.0001, 245.41, 232, 1344
Time search: 10322.54, 9386, 76134
Execution time summary:
 mean (ms)   median (ms)    max (ms)     min (ms)     std (ms)  
  153.4541     153.4539     153.6686     153.2525      0.0967   
               
without opt
Execution time summary:
 mean (ms)   median (ms)    max (ms)     min (ms)     std (ms)  
  248.3951     248.3552     248.9804     248.0828      0.1923   
               
