Time partial tuning: 0.1553, 0.0001, 626.17
Time partial tuning: 0.4256, 0.0000, 825.22
Time partial tuning: 1.7708, 0.0016, 754.83
Time partial tuning: 1.0017, 0.0012, 1064.72
Time partial tuning: 1.1829, 0.0010, 877.28
Time partial tuning: 0.4760, 0.0003, 953.07
Time partial tuning: 1.9256, 0.0003, 920.55
Time partial tuning: 0.7503, 0.0003, 1105.21
Time partial tuning: 0.9401, 0.0169, 883.68
Time partial tuning: 0.3590, 0.0001, 907.92
Time partial tuning: 2.0970, 0.0007, 1004.87
Time partial tuning: 0.6453, 0.0001, 1099.31
Time partial tuning: 1.1460, 0.0005, 885.25
Time partial tuning: 0.5619, 0.0001, 887.93
Time partial tuning: 2.9096, 0.0017, 936.22
Time partial tuning: 1.0376, 0.0002, 1185.16
Time partial tuning: 0.9010, 0.0000, 862.29
Time partial tuning: 0.2869, 0.0001, 712.73
Time search: 16492.41
random with opt
Execution time summary:
 mean (ms)   median (ms)    max (ms)     min (ms)     std (ms)  
  10.4872      10.4019      12.1293      10.3928       0.3767   
               
without opt
Execution time summary:
 mean (ms)   median (ms)    max (ms)     min (ms)     std (ms)  
  11.8962      11.8893      12.0148      11.8731       0.0294   
               
