Time partial tuning: 0.0231, 0.0000, 369.19, 293
Time partial tuning: 0.0264, 0.0000, 478.92, 353
Time partial tuning: 0.0447, 0.0001, 295.80, 256
Time partial tuning: 0.0479, 0.0000, 224.37, 201
Time partial tuning: 0.0391, 0.0000, 284.08, 219
Time partial tuning: 0.0243, 0.0000, 481.67, 333
Time partial tuning: 0.0679, 0.0000, 305.15, 225
Time partial tuning: 0.0234, 0.0000, 158.88, 138
Time partial tuning: 0.0434, 0.0000, 265.39, 200
Time partial tuning: 0.0156, 0.0000, 260.10, 209
Time partial tuning: 0.0782, 0.0000, 264.30, 207
Time partial tuning: 0.0099, 0.0000, 132.45, 120
Time partial tuning: 0.0743, 0.0000, 161.62, 143
Time partial tuning: 0.0054, 0.0000, 202.98, 176
Time partial tuning: 0.1201, 0.0000, 212.70, 186
Time partial tuning: 0.0053, 0.0000, 89.79, 90
Time partial tuning: 0.0984, 0.0000, 174.59, 151
Time partial tuning: 0.0070, 0.0000, 83.29, 88
Time partial tuning: 0.1932, 0.0000, 162.02, 151
Time search: 4607.26, 3739
droplet with opt
Execution time summary:
 mean (ms)   median (ms)    max (ms)     min (ms)     std (ms)  
   1.5064       1.4951       1.7188       1.4937       0.0487   
               
without opt
Execution time summary:
 mean (ms)   median (ms)    max (ms)     min (ms)     std (ms)  
   1.9772       1.9514       2.4656       1.9496       0.1121   
               
