Time partial tuning: 0.4722, 0.0001, 204.94
Time partial tuning: 4.6544, 0.0033, 238.49
Time partial tuning: 9.4985, 0.0002, 254.69
Time partial tuning: 0.6933, 0.0000, 283.20
Time partial tuning: 16.4174, 0.0001, 309.17
Time partial tuning: 0.3767, 0.0000, 279.88
Time partial tuning: 0.2940, 0.0000, 274.69
Time partial tuning: 2.2106, 0.0001, 247.19
Time partial tuning: 1.5978, 0.0000, 252.67
Time partial tuning: 2.4092, 0.0005, 230.99
Time partial tuning: 0.2008, 0.0000, 283.94
Time partial tuning: 0.5121, 0.0000, 280.11
Time partial tuning: 0.3984, 0.0000, 276.71
Time partial tuning: 0.5881, 0.0001, 276.94
Time partial tuning: 0.4569, 0.0000, 284.15
Time partial tuning: 7.5401, 0.0003, 258.83
Time partial tuning: 0.6145, 0.0000, 268.73
Time partial tuning: 1.1244, 0.0001, 255.44
Time partial tuning: 0.7460, 0.0003, 270.89
Time partial tuning: 0.7875, 0.0000, 264.01
Time partial tuning: 1.3163, 0.0002, 247.92
Time partial tuning: 0.8616, 0.0001, 262.49
Time partial tuning: 1.1766, 0.0005, 274.25
Time partial tuning: 0.9359, 0.0002, 256.73
Time partial tuning: 1.2407, 0.0000, 241.33
Time partial tuning: 1.6650, 0.0011, 251.62
Time partial tuning: 1.4047, 0.0000, 260.66
Time partial tuning: 1.4786, 0.0004, 269.39
Time partial tuning: 1.7647, 0.0005, 256.63
Time partial tuning: 2.0790, 0.0005, 249.83
Time partial tuning: 0.8418, 0.0002, 276.13
Time partial tuning: 0.5125, 0.0001, 277.29
Time partial tuning: 0.6777, 0.0001, 284.41
Time partial tuning: 0.8054, 0.0000, 312.07
Time partial tuning: 0.6692, 0.0001, 299.23
Time partial tuning: 0.7162, 0.0003, 279.15
Time partial tuning: 0.9506, 0.0002, 329.25
Time partial tuning: 2.3154, 0.0001, 291.56
Time partial tuning: 0.3977, 0.0001, 276.57
Time partial tuning: 1.0798, 0.0001, 287.41
Time partial tuning: 1.2705, 0.0002, 308.27
Time partial tuning: 1.5107, 0.0004, 312.60
Time partial tuning: 0.6382, 0.0003, 267.41
Time search: 11667.87
without opt
Execution time summary:
 mean (ms)   median (ms)    max (ms)     min (ms)     std (ms)  
  247.8918     247.8755     248.0948     247.7057      0.1068   
               
ga with opt
Execution time summary:
 mean (ms)   median (ms)    max (ms)     min (ms)     std (ms)  
  164.6489     164.6224     164.8878     164.4771      0.0974   
               
