With opt
Time partial tuning: 0.4716, 0.0002, 136.59, 112, 168
Time partial tuning: 4.6556, 0.0003, 148.55, 153, 792
Time partial tuning: 9.4191, 0.0024, 168.74, 162, 924
Time partial tuning: 0.6727, 0.0001, 171.59, 151, 980
Time partial tuning: 16.0704, 0.0076, 265.84, 232, 1960
Time partial tuning: 0.3773, 0.0001, 277.41, 232, 1764
Time partial tuning: 0.3007, 0.0001, 269.66, 232, 2520
Time partial tuning: 2.1773, 0.0005, 247.32, 232, 1260
Time partial tuning: 1.5983, 0.0008, 240.08, 232, 1512
Time partial tuning: 2.4505, 0.0008, 221.23, 232, 2592
Time partial tuning: 0.1894, 0.0000, 274.53, 232, 1512
Time partial tuning: 0.5188, 0.0001, 198.36, 167, 1134
Time partial tuning: 0.4057, 0.0001, 226.33, 193, 1620
Time partial tuning: 0.5882, 0.0001, 277.32, 232, 2268
Time partial tuning: 0.4451, 0.0001, 272.82, 232, 3240
Time partial tuning: 7.3755, 0.0013, 236.21, 232, 3456
Time partial tuning: 0.6146, 0.0000, 258.11, 232, 1728
Time partial tuning: 1.1162, 0.0002, 254.58, 232, 3024
Time partial tuning: 0.7342, 0.0001, 273.56, 232, 1728
Time partial tuning: 0.7874, 0.0003, 225.98, 203, 768
Time partial tuning: 1.3196, 0.0003, 237.68, 232, 1344
Time partial tuning: 0.8561, 0.0002, 228.56, 208, 768
Time partial tuning: 1.1762, 0.0005, 254.18, 232, 1344
Time partial tuning: 0.9801, 0.0001, 268.50, 232, 2592
Time partial tuning: 1.2246, 0.0001, 241.92, 232, 1728
Time partial tuning: 1.6166, 0.0002, 233.63, 232, 2016
Time partial tuning: 1.4035, 0.0001, 242.68, 232, 1728
Time partial tuning: 1.4485, 0.0005, 248.02, 232, 2016
Time partial tuning: 1.7551, 0.0001, 227.97, 232, 2352
Time partial tuning: 1.9532, 0.0014, 227.81, 232, 2352
Time partial tuning: 0.8418, 0.0002, 259.83, 232, 1568
Time partial tuning: 0.5055, 0.0000, 267.14, 232, 1568
Time partial tuning: 0.7102, 0.0001, 268.37, 232, 2016
Time partial tuning: 0.8140, 0.0000, 259.72, 232, 2304
Time partial tuning: 0.6594, 0.0003, 270.47, 232, 2048
Time partial tuning: 0.7153, 0.0001, 262.76, 232, 2048
Time partial tuning: 0.9659, 0.0000, 262.51, 232, 2016
Time partial tuning: 2.3163, 0.0001, 262.31, 232, 1792
Time partial tuning: 0.4073, 0.0000, 265.06, 232, 2016
Time partial tuning: 1.0598, 0.0002, 254.84, 232, 1344
Time partial tuning: 1.2723, 0.0000, 239.10, 232, 1536
Time partial tuning: 1.4855, 0.0007, 256.66, 232, 1344
Time partial tuning: 0.6353, 0.0001, 244.88, 232, 1344
Time search: 10429.42, 9469, 76134
Execution time summary:
 mean (ms)   median (ms)    max (ms)     min (ms)     std (ms)  
  154.0191     153.9824     154.7036     153.8938      0.1699   
               
without opt
Execution time summary:
 mean (ms)   median (ms)    max (ms)     min (ms)     std (ms)  
  248.5352     248.4952     248.7548     248.3514      0.1173   
               
