0
Time partial tuning: 2.8076, 0.0000, 368.13
Time partial tuning: 2.7259, 0.0004, 977.85
Time partial tuning: 0.3196, 0.0001, 1231.84
Time partial tuning: 1.4268, 0.0001, 991.49
Time partial tuning: 0.1618, 0.0001, 1176.15
Time partial tuning: 2.6933, 0.0001, 1035.31
Time partial tuning: 1.4053, 0.0004, 971.15
Time partial tuning: 0.1561, 0.0000, 1103.46
Time partial tuning: 2.6771, 0.0001, 1010.33
Time partial tuning: 1.4039, 0.0001, 972.11
Time partial tuning: 0.1642, 0.0000, 942.20
Time partial tuning: 2.8296, 0.0003, 1015.95
Time total tuning: 11795.98
without opt
Execution time summary:
 mean (ms)   median (ms)    max (ms)     min (ms)     std (ms)  
  71.3978      71.3963      71.6311      71.3252       0.0731   
               
random with opt
Execution time summary:
 mean (ms)   median (ms)    max (ms)     min (ms)     std (ms)  
  45.7485      45.7158      46.0348      45.4927       0.0992   
               
