Time partial tuning: 0.8238, 0.0002, 378.22
Time partial tuning: 0.0934, 0.0001, 592.88
Time partial tuning: 0.8156, 0.0001, 585.40
Time partial tuning: 0.3546, 0.0001, 642.73
Time partial tuning: 0.3585, 0.0001, 610.25
Time partial tuning: 0.1823, 0.0000, 604.16
Time partial tuning: 0.8036, 0.0008, 587.50
Time partial tuning: 0.7213, 0.0043, 678.40
Time partial tuning: 0.3572, 0.0029, 657.82
Time partial tuning: 0.3572, 0.0010, 605.24
Time partial tuning: 0.1829, 0.0002, 603.80
Time partial tuning: 0.8128, 0.0000, 601.18
Time partial tuning: 0.7208, 0.0037, 660.36
Time partial tuning: 0.3589, 0.0001, 670.98
Time partial tuning: 0.3586, 0.0020, 606.92
Time partial tuning: 0.1820, 0.0001, 598.17
Time partial tuning: 0.8127, 0.0002, 623.11
Time partial tuning: 0.7277, 0.0002, 691.23
Time partial tuning: 0.3568, 0.0001, 695.11
Time partial tuning: 0.3740, 0.0000, 603.99
Time search: 12297.44
without opt
Execution time summary:
 mean (ms)   median (ms)    max (ms)     min (ms)     std (ms)  
  56.4374      56.3716      57.3572      56.1210       0.2887   
               
xgb with opt
Execution time summary:
 mean (ms)   median (ms)    max (ms)     min (ms)     std (ms)  
  33.1682      33.0873      33.6547      33.0243       0.1886   
               
