Time partial tuning: 0.8667, 0.0004, 75.51
Time partial tuning: 0.1086, 0.0003, 146.50
Time partial tuning: 0.8498, 0.0009, 104.56
Time partial tuning: 0.4227, 0.0002, 148.48
Time partial tuning: 0.4214, 0.0002, 156.46
Time partial tuning: 0.2092, 0.0007, 191.36
Time partial tuning: 0.8763, 0.0003, 117.79
Time partial tuning: 0.8036, 0.0027, 221.05
Time partial tuning: 0.4226, 0.0008, 159.33
Time partial tuning: 0.4588, 0.0000, 154.73
Time partial tuning: 0.1841, 0.0003, 119.36
Time partial tuning: 0.8605, 0.0023, 151.31
Time partial tuning: 0.8111, 0.0015, 113.37
Time partial tuning: 0.3606, 0.0001, 174.72
Time partial tuning: 0.3746, 0.0001, 129.32
Time partial tuning: 0.1950, 0.0002, 119.47
Time partial tuning: 0.8997, 0.0001, 112.82
Time partial tuning: 0.7756, 0.0001, 117.36
Time partial tuning: 0.3695, 0.0001, 130.51
Time partial tuning: 0.3748, 0.0000, 129.90
Time search: 2773.91
without opt
Execution time summary:
 mean (ms)   median (ms)    max (ms)     min (ms)     std (ms)  
  57.1463      57.2335      57.8779      56.7336       0.2840   
               
droplet with opt
Execution time summary:
 mean (ms)   median (ms)    max (ms)     min (ms)     std (ms)  
  34.6800      34.6787      35.1763      34.2630       0.2646   
               
