With opt
Time partial tuning: 0.4746, 0.0002, 24.01, 16
Time partial tuning: 4.9683, 0.0001, 41.24, 39
Time partial tuning: 11.4430, 0.0006, 36.31, 33
Time partial tuning: 0.8181, 0.0001, 39.17, 32
Time partial tuning: 21.7236, 0.0368, 76.10, 62
Time partial tuning: 0.3933, 0.0001, 59.56, 49
Time partial tuning: 0.2966, 0.0000, 78.08, 63
Time partial tuning: 2.2493, 0.0001, 36.49, 33
Time partial tuning: 1.6830, 0.0008, 51.74, 49
Time partial tuning: 2.5006, 0.0012, 61.02, 62
Time partial tuning: 0.1998, 0.0000, 56.79, 48
Time partial tuning: 0.8330, 0.0000, 38.01, 31
Time partial tuning: 0.6220, 0.0001, 57.19, 46
Time partial tuning: 0.6023, 0.0000, 79.07, 66
Time partial tuning: 0.4984, 0.0001, 93.68, 80
Time partial tuning: 8.7598, 0.0009, 88.33, 80
Time partial tuning: 0.7528, 0.0003, 66.59, 54
Time partial tuning: 1.1030, 0.0002, 84.26, 75
Time partial tuning: 0.7251, 0.0006, 73.74, 62
Time partial tuning: 0.8373, 0.0001, 28.22, 25
Time partial tuning: 1.7584, 0.0003, 52.54, 48
Time partial tuning: 1.1816, 0.0007, 26.15, 24
Time partial tuning: 1.1768, 0.0001, 59.68, 55
Time partial tuning: 0.9640, 0.0000, 70.29, 63
Time partial tuning: 1.3258, 0.0002, 52.77, 48
Time partial tuning: 2.2038, 0.0004, 62.88, 56
Time partial tuning: 1.8662, 0.0001, 44.67, 40
Time partial tuning: 1.4476, 0.0001, 60.18, 54
Time partial tuning: 1.7548, 0.0002, 54.50, 51
Time partial tuning: 2.5683, 0.0011, 54.30, 52
Time partial tuning: 1.0218, 0.0001, 58.10, 48
Time partial tuning: 0.5191, 0.0002, 54.76, 48
Time partial tuning: 0.6603, 0.0001, 89.17, 79
Time partial tuning: 0.7925, 0.0002, 88.98, 79
Time partial tuning: 0.6598, 0.0000, 59.87, 49
Time partial tuning: 0.7154, 0.0002, 62.65, 49
Time partial tuning: 0.9245, 0.0002, 91.91, 79
Time partial tuning: 2.3120, 0.0003, 55.80, 48
Time partial tuning: 0.3979, 0.0002, 87.87, 79
Time partial tuning: 1.0599, 0.0000, 68.85, 63
Time partial tuning: 1.2725, 0.0003, 76.10, 72
Time partial tuning: 1.4857, 0.0002, 71.69, 63
Time partial tuning: 0.6378, 0.0000, 69.54, 63
Time search: 2642.85, 2315
Execution time summary:
 mean (ms)   median (ms)    max (ms)     min (ms)     std (ms)  
  180.8343     180.7928     181.7994     180.5333      0.2501   
               
without opt
Execution time summary:
 mean (ms)   median (ms)    max (ms)     min (ms)     std (ms)  
  248.6943     248.7008     248.8802     248.4240      0.1026   
               
