With opt
Time partial tuning: 0.0082, 0.0000, 240.41, 200
Time partial tuning: 0.0543, 0.0002, 429.32, 200
Time partial tuning: 0.0646, 0.0002, 444.75, 200
Time partial tuning: 0.0773, 0.0001, 484.60, 200
Time partial tuning: 0.0996, 0.0000, 418.73, 200
Time partial tuning: 0.0137, 0.0000, 284.09, 200
Time partial tuning: 0.2045, 0.0001, 350.53, 200
Time partial tuning: 0.0903, 0.0005, 859.97, 200
Time partial tuning: 0.0124, 0.0000, 432.40, 200
Time partial tuning: 0.0096, 0.0000, 379.13, 200
Time partial tuning: 0.0460, 0.0001, 450.72, 200
Time partial tuning: 0.0605, 0.0000, 960.26, 200
Time partial tuning: 0.0312, 0.0000, 538.64, 200
Time partial tuning: 0.0150, 0.0000, 857.25, 200
Time partial tuning: 0.0463, 0.0001, 556.95, 200
Time partial tuning: 0.0176, 0.0000, 951.22, 200
Time partial tuning: 0.0062, 0.0000, 336.17, 200
Time partial tuning: 0.0152, 0.0000, 370.57, 200
Time partial tuning: 0.0140, 0.0000, 395.65, 200
Time partial tuning: 0.0114, 0.0000, 380.91, 200
Time partial tuning: 0.0148, 0.0000, 397.34, 200
Time partial tuning: 0.1639, 0.0001, 389.07, 200
Time partial tuning: 0.0199, 0.0000, 346.59, 200
Time partial tuning: 0.0313, 0.0000, 331.74, 200
Time partial tuning: 0.0291, 0.0001, 291.66, 200
Time partial tuning: 0.0258, 0.0000, 309.82, 200
Time partial tuning: 0.0318, 0.0001, 384.05, 200
Time partial tuning: 0.0249, 0.0000, 342.99, 200
Time partial tuning: 0.0304, 0.0001, 345.50, 200
Time partial tuning: 0.0284, 0.0000, 288.92, 200
Time partial tuning: 0.0347, 0.0000, 349.21, 200
Time partial tuning: 0.0393, 0.0000, 347.49, 200
Time partial tuning: 0.0478, 0.0000, 343.60, 200
Time partial tuning: 0.0453, 0.0000, 353.88, 200
Time partial tuning: 0.0508, 0.0002, 376.09, 200
Time partial tuning: 0.0468, 0.0002, 388.25, 200
Time partial tuning: 0.0335, 0.0000, 438.37, 200
Time partial tuning: 0.0217, 0.0000, 464.85, 200
Time partial tuning: 0.0279, 0.0000, 415.24, 200
Time partial tuning: 0.0261, 0.0000, 431.53, 200
Time partial tuning: 0.0331, 0.0000, 471.73, 200
Time partial tuning: 0.0225, 0.0000, 468.54, 200
Time partial tuning: 0.0299, 0.0000, 399.04, 200
Time partial tuning: 0.0684, 0.0000, 505.26, 200
Time partial tuning: 0.0390, 0.0000, 600.97, 200
Time partial tuning: 0.0207, 0.0000, 422.41, 200
Time partial tuning: 0.0414, 0.0000, 408.27, 200
Time partial tuning: 0.0414, 0.0001, 354.20, 200
Time partial tuning: 0.0441, 0.0000, 388.78, 200
Time partial tuning: 0.0304, 0.0000, 369.99, 200
Time search: 21847.64, 10000
Execution time summary:
 mean (ms)   median (ms)    max (ms)     min (ms)     std (ms)  
   3.5875       3.5891       3.6306       3.5638       0.0134   
               
without opt
Execution time summary:
 mean (ms)   median (ms)    max (ms)     min (ms)     std (ms)  
   4.2175       4.1814       4.8150       4.1807       0.1376   
               
