Downloading /root/.mxnet/models/resnet50_v1-0aee57f9.zipe1007088-9c1d-436d-8ec8-798300eb1b09 from https://apache-mxnet.s3-accelerate.dualstack.amazonaws.com/gluon/models/resnet50_v1-0aee57f9.zip...
With opt
Time partial tuning: 0.0242, 0.0000, 582.50, 416
Time partial tuning: 0.0060, 0.0000, 468.95, 352
Time partial tuning: 0.0302, 0.0001, 509.90, 416
Time partial tuning: 0.0181, 0.0000, 372.64, 276
Time partial tuning: 0.0147, 0.0000, 530.03, 416
Time partial tuning: 0.0171, 0.0000, 364.39, 346
Time partial tuning: 0.0158, 0.0000, 439.26, 397
Time partial tuning: 0.0312, 0.0000, 553.29, 416
Time partial tuning: 0.0236, 0.0000, 360.10, 324
Time partial tuning: 0.0408, 0.0001, 514.01, 416
Time partial tuning: 0.0174, 0.0000, 497.05, 416
Time partial tuning: 0.0224, 0.0001, 505.42, 416
Time partial tuning: 0.0206, 0.0000, 329.11, 306
Time partial tuning: 0.0669, 0.0000, 525.90, 416
Time partial tuning: 0.0231, 0.0001, 406.62, 277
Time partial tuning: 0.0470, 0.0001, 448.10, 403
Time partial tuning: 0.0192, 0.0001, 472.88, 416
Time partial tuning: 0.0304, 0.0000, 505.98, 416
Time partial tuning: 0.0370, 0.0001, 336.25, 299
Time partial tuning: 0.1509, 0.0000, 432.04, 416
Time partial tuning: 0.0295, 0.0000, 503.97, 416
Time partial tuning: 0.0979, 0.0002, 336.00, 416
Time partial tuning: 0.0259, 0.0001, 400.74, 416
Time partial tuning: 0.0539, 0.0000, 353.17, 337
Time search: 10748.27, 9141
Execution time summary:
 mean (ms)   median (ms)    max (ms)     min (ms)     std (ms)  
   1.5896       1.5826       1.7057       1.5821       0.0267   
               
without opt
Execution time summary:
 mean (ms)   median (ms)    max (ms)     min (ms)     std (ms)  
   2.0340       2.0215       2.2881       2.0169       0.0583   
               
