Time partial tuning: 0.1362, 0.0000, 199.69
Time partial tuning: 1.3576, 0.0002, 287.87
Time partial tuning: 2.7826, 0.0005, 239.63
Time partial tuning: 0.2012, 0.0002, 298.57
Time partial tuning: 4.7380, 0.0016, 273.59
Time partial tuning: 0.1131, 0.0001, 289.11
Time partial tuning: 0.0881, 0.0001, 290.82
Time partial tuning: 0.6657, 0.0002, 293.06
Time partial tuning: 0.5009, 0.0000, 291.50
Time partial tuning: 0.7548, 0.0061, 299.14
Time partial tuning: 0.0629, 0.0000, 287.69
Time partial tuning: 0.1510, 0.0007, 289.63
Time partial tuning: 0.1180, 0.0000, 290.04
Time partial tuning: 0.1696, 0.0001, 292.79
Time partial tuning: 0.1308, 0.0001, 295.09
Time partial tuning: 2.0952, 0.0003, 269.27
Time partial tuning: 0.1841, 0.0000, 290.56
Time partial tuning: 0.3147, 0.0001, 297.72
Time partial tuning: 0.2191, 0.0001, 288.53
Time partial tuning: 0.2420, 0.0001, 294.40
Time partial tuning: 0.3802, 0.0006, 295.94
Time partial tuning: 0.2694, 0.0001, 289.34
Time partial tuning: 0.3575, 0.0003, 300.85
Time partial tuning: 0.2672, 0.0001, 296.36
Time partial tuning: 0.3756, 0.0003, 293.96
Time partial tuning: 0.4732, 0.0001, 294.57
Time partial tuning: 0.4041, 0.0001, 293.38
Time partial tuning: 0.4415, 0.0003, 304.94
Time partial tuning: 0.5333, 0.0001, 302.29
Time partial tuning: 0.5706, 0.0004, 298.40
Time partial tuning: 0.2479, 0.0001, 296.94
Time partial tuning: 0.1506, 0.0000, 288.89
Time partial tuning: 0.1866, 0.0001, 301.45
Time partial tuning: 0.2204, 0.0000, 298.23
Time partial tuning: 0.2013, 0.0000, 303.84
Time partial tuning: 0.2104, 0.0001, 303.92
Time partial tuning: 0.2565, 0.0000, 304.75
Time partial tuning: 0.6866, 0.0002, 308.58
Time partial tuning: 0.1107, 0.0000, 294.48
Time partial tuning: 0.3049, 0.0001, 297.47
Time partial tuning: 0.3639, 0.0000, 302.95
Time partial tuning: 0.4255, 0.0001, 298.24
Time partial tuning: 0.1835, 0.0000, 295.80
Time search: 12524.28
without opt
Execution time summary:
 mean (ms)   median (ms)    max (ms)     min (ms)     std (ms)  
  85.2397      85.3425      86.1887      84.3650       0.5170   
               
xgb with opt
Execution time summary:
 mean (ms)   median (ms)    max (ms)     min (ms)     std (ms)  
  55.3524      55.3063      56.1161      55.2004       0.1948   
               
