0
Time partial tuning: 0.1361, 0.0001, 197.53
Time partial tuning: 1.3567, 0.0002, 839.13
Time partial tuning: 2.7849, 0.0007, 906.22
Time partial tuning: 0.2003, 0.0000, 1159.73
Time partial tuning: 4.7257, 0.0030, 2086.57
Time partial tuning: 0.1117, 0.0001, 2015.59
Time partial tuning: 0.0880, 0.0001, 2867.37
Time partial tuning: 0.6656, 0.0001, 1417.71
Time partial tuning: 0.5010, 0.0001, 1729.34
Time partial tuning: 0.7522, 0.0005, 2889.43
Time partial tuning: 0.0626, 0.0001, 1689.01
Time partial tuning: 0.1506, 0.0002, 1288.63
Time partial tuning: 0.1184, 0.0002, 1853.58
Time partial tuning: 0.1694, 0.0001, 2583.60
Time partial tuning: 0.1320, 0.0001, 3712.70
Time partial tuning: 2.0989, 0.0019, 3933.59
Time partial tuning: 0.1841, 0.0001, 1971.19
Time partial tuning: 0.3150, 0.0001, 3507.98
Time partial tuning: 0.2201, 0.0001, 1937.88
Time partial tuning: 0.2427, 0.0001, 905.35
Time partial tuning: 0.3815, 0.0002, 1550.51
Time partial tuning: 0.2697, 0.0001, 870.82
Time partial tuning: 0.3583, 0.0001, 1644.48
Time partial tuning: 0.2670, 0.0000, 2985.90
Time partial tuning: 0.3758, 0.0001, 2096.08
Time partial tuning: 0.4760, 0.0009, 2296.68
