With opt
Time partial tuning: 0.2873, 0.0000, 213.39, 158, 264
Time partial tuning: 0.1464, 0.0000, 210.30, 179, 648
Time partial tuning: 0.6519, 0.0002, 331.55, 268, 924
Time partial tuning: 0.1420, 0.0000, 167.48, 150, 784
Time partial tuning: 0.6326, 0.0002, 221.98, 194, 1120
Time partial tuning: 0.1541, 0.0000, 211.75, 168, 1024
Time partial tuning: 1.2449, 0.0002, 220.05, 195, 1280
Time partial tuning: 0.0673, 0.0000, 206.92, 174, 768
Time partial tuning: 0.6623, 0.0003, 148.55, 117, 1152
Time partial tuning: 0.0796, 0.0000, 225.03, 184, 972
Time partial tuning: 1.3236, 0.0002, 254.28, 199, 1296
Time partial tuning: 0.0351, 0.0000, 171.55, 148, 648
Time partial tuning: 0.6582, 0.0001, 259.37, 224, 1080
Time partial tuning: 0.0380, 0.0000, 111.64, 91, 800
Time partial tuning: 1.2761, 0.0007, 454.41, 401, 1200
Time partial tuning: 0.0182, 0.0000, 105.07, 94, 400
Time partial tuning: 0.6672, 0.0003, 305.19, 247, 880
Time partial tuning: 0.0235, 0.0000, 115.56, 90, 484
Time partial tuning: 1.3293, 0.0005, 349.15, 274, 968
Time search: 4283.23, 3555, 16692
Execution time summary:
 mean (ms)   median (ms)    max (ms)     min (ms)     std (ms)  
  16.8010      16.7859      16.9744      16.5812       0.0721   
               
without opt
Execution time summary:
 mean (ms)   median (ms)    max (ms)     min (ms)     std (ms)  
  28.3166      28.3016      28.9702      28.0401       0.1680   
               
