Time partial tuning: 0.1665, 0.0000, 679.77
Time partial tuning: 0.1588, 0.0001, 811.04
Time partial tuning: 0.0837, 0.0001, 861.94
Time partial tuning: 0.0298, 0.0000, 667.68
Time partial tuning: 0.1622, 0.0000, 709.13
Time partial tuning: 0.0278, 0.0000, 654.44
Time partial tuning: 0.2038, 0.0002, 784.15
Time partial tuning: 0.0996, 0.0001, 765.31
Time partial tuning: 0.2148, 0.0002, 696.98
Time partial tuning: 0.0255, 0.0000, 691.07
Time partial tuning: 0.2902, 0.0002, 771.37
Time partial tuning: 0.1057, 0.0001, 702.68
Time partial tuning: 0.2980, 0.0002, 736.09
Time partial tuning: 0.0523, 0.0000, 665.73
Time partial tuning: 0.4371, 0.0001, 715.03
Time partial tuning: 0.1287, 0.0000, 620.08
Time search: 11532.49
random with opt
Execution time summary:
 mean (ms)   median (ms)    max (ms)     min (ms)     std (ms)  
   2.4126       2.3823       2.9806       2.3783       0.1303   
               
without opt
Execution time summary:
 mean (ms)   median (ms)    max (ms)     min (ms)     std (ms)  
   3.9340       3.8804       4.8624       3.8780       0.2136   
               
