With opt
Time partial tuning: 2.8009, 0.0003, 129.97, 113, 308
Time partial tuning: 2.7265, 0.0007, 158.65, 168, 980
Time partial tuning: 0.3193, 0.0000, 230.83, 192, 980
Time partial tuning: 1.4393, 0.0001, 204.24, 184, 896
Time partial tuning: 0.1761, 0.0000, 185.41, 154, 896
Time partial tuning: 2.7124, 0.0002, 181.07, 184, 1024
Time partial tuning: 1.4237, 0.0004, 260.17, 236, 864
Time partial tuning: 0.1694, 0.0001, 238.66, 199, 864
Time partial tuning: 2.6790, 0.0006, 287.94, 295, 972
Time partial tuning: 1.4098, 0.0064, 291.72, 236, 720
Time partial tuning: 0.1647, 0.0000, 290.89, 240, 720
Time partial tuning: 2.8379, 0.0004, 198.47, 176, 800
Time search: 2658.02, 2377, 10024
Execution time summary:
 mean (ms)   median (ms)    max (ms)     min (ms)     std (ms)  
  45.9254      45.9600      46.1171      45.6429       0.0985   
               
without opt
Execution time summary:
 mean (ms)   median (ms)    max (ms)     min (ms)     std (ms)  
  71.2346      71.2027      71.5899      70.9954       0.1217   
               
