With opt
Time partial tuning: 10.5515, 0.1680, 574.67, 370, 161280
Time partial tuning: 5.1133, 0.0028, 115.67, 77, 308
Time partial tuning: 33.1500, 0.1513, 500.79, 133, 1120
Time partial tuning: 101.8924, 0.1660, 1870.69, 370, 161280
Time partial tuning: 109.4610, 0.7203, 603.89, 138, 1078
Time partial tuning: 143.5983, 0.3267, 629.80, 151, 2800
Time partial tuning: 46.7583, 1.6207, 1192.79, 370, 128000
Time partial tuning: 44.4788, 0.0179, 345.22, 146, 1232
Time partial tuning: 39.0147, 0.1350, 968.59, 251, 2800
Time partial tuning: 98.2650, 2.5477, 1856.28, 370, 128000
Time partial tuning: 99.9818, 0.1343, 564.83, 132, 1408
Time partial tuning: 105.2828, 0.1119, 678.49, 168, 2800
Time partial tuning: 41.8122, 0.1181, 1014.21, 370, 92160
Time partial tuning: 51.1792, 0.0996, 305.44, 125, 1440
Time partial tuning: 26.9933, 0.1055, 707.35, 186, 2000
Time partial tuning: 89.1485, 1.0354, 1906.68, 370, 92160
Time partial tuning: 103.5538, 0.9592, 618.67, 140, 1620
Time partial tuning: 81.8611, 0.9201, 671.06, 172, 2000
Time partial tuning: 40.0431, 0.3304, 962.29, 370, 57600
Time partial tuning: 50.9534, 0.7770, 449.18, 123, 1440
Time partial tuning: 40.9351, 0.1163, 513.10, 135, 800
Time partial tuning: 96.6668, 1.1953, 2046.60, 370, 57600
Time partial tuning: 133.6476, 0.0911, 681.90, 103, 1600
Time partial tuning: 57.0517, 0.6477, 648.92, 162, 800
Time partial tuning: 25.7774, 0.3689, 795.21, 370, 25600
Time partial tuning: 26.5819, 0.0932, 327.43, 145, 1200
Time partial tuning: 23.5501, 0.1212, 954.09, 245, 2000
Time search: 22503.83, 6062, 932126
Execution time summary:
 mean (ms)   median (ms)    max (ms)     min (ms)     std (ms)  
  940.6027     937.8621     958.2269     932.7164      7.1640   
               
