With opt
Time partial tuning: 0.4715, 0.0001, 139.88, 114, 168
Time partial tuning: 4.6540, 0.0006, 148.22, 153, 792
Time partial tuning: 9.4194, 0.0020, 168.21, 162, 924
Time partial tuning: 0.6737, 0.0001, 172.29, 151, 980
Time partial tuning: 16.0741, 0.0006, 266.35, 232, 1960
Time partial tuning: 0.3786, 0.0000, 278.34, 232, 1764
Time partial tuning: 0.3002, 0.0000, 270.44, 232, 2520
Time partial tuning: 2.1758, 0.0008, 249.35, 232, 1260
Time partial tuning: 1.5977, 0.0001, 238.26, 232, 1512
Time partial tuning: 2.4514, 0.0004, 226.35, 232, 2592
Time partial tuning: 0.1895, 0.0000, 274.11, 232, 1512
Time partial tuning: 0.5186, 0.0001, 197.66, 167, 1134
Time partial tuning: 0.4050, 0.0000, 240.94, 205, 1620
Time partial tuning: 0.5889, 0.0000, 278.68, 232, 2268
Time partial tuning: 0.4458, 0.0000, 273.19, 232, 3240
Time partial tuning: 7.3652, 0.0033, 236.02, 232, 3456
Time partial tuning: 0.6076, 0.0000, 261.55, 232, 1728
Time partial tuning: 1.1147, 0.0001, 253.67, 232, 3024
Time partial tuning: 0.7343, 0.0001, 275.52, 232, 1728
Time partial tuning: 0.7875, 0.0003, 264.17, 232, 768
Time partial tuning: 1.3214, 0.0005, 235.57, 232, 1344
Time partial tuning: 0.8640, 0.0003, 261.73, 232, 768
Time partial tuning: 1.1771, 0.0001, 252.17, 232, 1344
Time partial tuning: 0.9793, 0.0001, 267.24, 232, 2592
Time partial tuning: 1.2377, 0.0001, 239.30, 232, 1728
Time partial tuning: 1.6166, 0.0002, 230.44, 232, 2016
Time partial tuning: 1.4000, 0.0001, 214.49, 206, 1728
Time partial tuning: 1.4688, 0.0001, 234.53, 232, 2016
Time partial tuning: 1.7550, 0.0001, 228.22, 232, 2352
Time partial tuning: 1.9835, 0.0001, 233.02, 232, 2352
Time partial tuning: 0.8417, 0.0001, 261.26, 232, 1568
Time partial tuning: 0.5057, 0.0001, 265.23, 232, 1568
Time partial tuning: 0.7111, 0.0001, 267.28, 232, 2016
Time partial tuning: 0.8151, 0.0000, 258.82, 232, 2304
Time partial tuning: 0.6596, 0.0001, 269.32, 232, 2048
Time partial tuning: 0.7157, 0.0001, 247.88, 232, 2048
Time partial tuning: 0.9929, 0.0001, 263.05, 232, 2016
Time partial tuning: 2.3155, 0.0016, 264.29, 232, 1792
Time partial tuning: 0.4081, 0.0000, 259.04, 232, 2016
Time partial tuning: 1.0598, 0.0004, 256.22, 232, 1344
Time partial tuning: 1.2721, 0.0001, 245.36, 232, 1536
Time partial tuning: 1.4830, 0.0004, 261.97, 232, 1344
Time partial tuning: 0.6364, 0.0001, 246.56, 232, 1344
Time search: 10476.17, 9510, 76134
Execution time summary:
 mean (ms)   median (ms)    max (ms)     min (ms)     std (ms)  
  154.3133     154.2875     154.9053     154.0734      0.1559   
               
without opt
Execution time summary:
 mean (ms)   median (ms)    max (ms)     min (ms)     std (ms)  
  248.3870     248.2482     249.4138     248.0079      0.3224   
               
