With opt
Time partial tuning: 0.2875, 0.0001, 213.35, 163, 264
Time partial tuning: 0.1453, 0.0000, 188.55, 156, 648
Time partial tuning: 0.6504, 0.0000, 375.38, 305, 924
Time partial tuning: 0.1423, 0.0000, 135.28, 121, 784
Time partial tuning: 0.6335, 0.0007, 216.91, 192, 1120
Time partial tuning: 0.1538, 0.0000, 220.17, 176, 1024
Time partial tuning: 1.2452, 0.0001, 218.22, 195, 1280
Time partial tuning: 0.0675, 0.0000, 186.48, 153, 768
Time partial tuning: 0.6614, 0.0001, 148.59, 117, 1152
Time partial tuning: 0.0795, 0.0000, 225.47, 184, 972
Time partial tuning: 1.3234, 0.0002, 251.05, 199, 1296
Time partial tuning: 0.0347, 0.0000, 170.09, 147, 648
Time partial tuning: 0.6579, 0.0000, 276.89, 238, 1080
Time partial tuning: 0.0383, 0.0000, 109.93, 89, 800
Time partial tuning: 1.2743, 0.0001, 452.84, 401, 1200
Time partial tuning: 0.0180, 0.0000, 109.96, 89, 400
Time partial tuning: 0.6664, 0.0002, 301.88, 247, 880
Time partial tuning: 0.0232, 0.0000, 172.58, 130, 484
Time partial tuning: 1.3286, 0.0004, 349.87, 274, 968
Time search: 4323.48, 3576, 16692
Execution time summary:
 mean (ms)   median (ms)    max (ms)     min (ms)     std (ms)  
  17.2044      17.1950      17.3397      16.9823       0.0767   
               
without opt
Execution time summary:
 mean (ms)   median (ms)    max (ms)     min (ms)     std (ms)  
  28.3772      28.3668      28.4700      28.1894       0.0603   
               
