Time partial tuning: 0.0266, 0.0001, 598.69
Time partial tuning: 0.0068, 0.0000, 518.23
Time partial tuning: 0.0319, 0.0000, 546.69
Time partial tuning: 0.0166, 0.0000, 634.81
Time partial tuning: 0.0141, 0.0000, 486.66
Time partial tuning: 0.0195, 0.0000, 507.21
Time partial tuning: 0.0219, 0.0000, 461.59
Time partial tuning: 0.0424, 0.0000, 514.46
Time partial tuning: 0.0192, 0.0000, 528.84
Time partial tuning: 0.0398, 0.0000, 513.13
Time partial tuning: 0.0167, 0.0000, 552.19
Time partial tuning: 0.0281, 0.0000, 533.66
Time partial tuning: 0.0232, 0.0000, 511.63
Time partial tuning: 0.0564, 0.0000, 551.23
Time partial tuning: 0.0241, 0.0006, 523.01
Time partial tuning: 0.0426, 0.0000, 431.97
Time partial tuning: 0.0225, 0.0000, 491.60
Time partial tuning: 0.0417, 0.0000, 515.90
Time partial tuning: 0.0384, 0.0000, 554.80
Time partial tuning: 0.0827, 0.0001, 513.94
Time partial tuning: 0.0302, 0.0000, 510.04
Time partial tuning: 0.0992, 0.0000, 524.21
Time partial tuning: 0.0259, 0.0001, 458.16
Time partial tuning: 0.0673, 0.0001, 493.72
Time search: 12476.36
ga with opt
Execution time summary:
 mean (ms)   median (ms)    max (ms)     min (ms)     std (ms)  
   1.6219       1.6080       1.8552       1.6075       0.0536   
               
without opt
Execution time summary:
 mean (ms)   median (ms)    max (ms)     min (ms)     std (ms)  
   2.0172       2.0087       2.1695       2.0082       0.0350   
               
